#
# There is insufficient memory for the Java Runtime Environment to continue.
# Native memory allocation (malloc) failed to allocate 1220976 bytes for Chunk::new
# Possible reasons:
#   The system is out of physical RAM or swap space
#   In 32 bit mode, the process size limit was hit
# Possible solutions:
#   Reduce memory load on the system
#   Increase physical memory or swap space
#   Check if swap backing store is full
#   Use 64 bit Java on a 64 bit OS
#   Decrease Java heap size (-Xmx/-Xms)
#   Decrease number of Java threads
#   Decrease Java thread stack sizes (-Xss)
#   Set larger code cache with -XX:ReservedCodeCacheSize=
# This output file may be truncated or incomplete.
#
#  Out of Memory Error (allocation.cpp:388), pid=5760, tid=7772
#
# JRE version: Java(TM) SE Runtime Environment (8.0_05-b13) (build 1.8.0_05-b13)
# Java VM: Java HotSpot(TM) 64-Bit Server VM (25.5-b02 mixed mode windows-amd64 compressed oops)
# Failed to write core dump. Minidumps are not enabled by default on client versions of Windows
#

---------------  T H R E A D  ---------------

Current thread (0x000000001491f800):  JavaThread "C2 CompilerThread1" daemon [_thread_in_native, id=7772, stack(0x0000000015f90000,0x0000000016090000)]

Stack: [0x0000000015f90000,0x0000000016090000]
Native frames: (J=compiled Java code, j=interpreted, Vv=VM code, C=native code)
V  [jvm.dll+0x308dea]
V  [jvm.dll+0x25def1]
V  [jvm.dll+0x25eb0f]
V  [jvm.dll+0x2564e5]
V  [jvm.dll+0xbcfc5]
V  [jvm.dll+0xbd45c]
V  [jvm.dll+0x44d422]
V  [jvm.dll+0x48e13f]
V  [jvm.dll+0x44293e]
V  [jvm.dll+0x44366b]
V  [jvm.dll+0x427532]
V  [jvm.dll+0x96702]
V  [jvm.dll+0x96ef3]
V  [jvm.dll+0x2232c4]
V  [jvm.dll+0x27baca]
C  [msvcr100.dll+0x21d9f]
C  [msvcr100.dll+0x21e3b]
C  [KERNEL32.DLL+0x18102]
C  [ntdll.dll+0x5c5b4]


Current CompileTask:
C2:   3192 1369       4       com.android.dx.ssa.SCCP::simulateBranch (666 bytes)


---------------  P R O C E S S  ---------------

Java Threads: ( => current thread )
  0x0000000016608000 JavaThread "pool-1-thread-4" [_thread_in_Java, id=6840, stack(0x0000000016b90000,0x0000000016c90000)]
  0x0000000016607000 JavaThread "pool-1-thread-3" [_thread_blocked, id=500, stack(0x0000000016a90000,0x0000000016b90000)]
  0x00000000165e8000 JavaThread "pool-1-thread-2" [_thread_blocked, id=7992, stack(0x0000000016990000,0x0000000016a90000)]
  0x00000000165e1800 JavaThread "pool-2-thread-1" [_thread_blocked, id=2976, stack(0x0000000016890000,0x0000000016990000)]
  0x00000000165df000 JavaThread "pool-1-thread-1" [_thread_in_Java, id=3740, stack(0x0000000016790000,0x0000000016890000)]
  0x000000001497a800 JavaThread "Service Thread" daemon [_thread_blocked, id=4208, stack(0x0000000016190000,0x0000000016290000)]
  0x0000000014973800 JavaThread "C1 CompilerThread2" daemon [_thread_blocked, id=3508, stack(0x0000000016090000,0x0000000016190000)]
=>0x000000001491f800 JavaThread "C2 CompilerThread1" daemon [_thread_in_native, id=7772, stack(0x0000000015f90000,0x0000000016090000)]
  0x000000001491c000 JavaThread "C2 CompilerThread0" daemon [_thread_in_native, id=2632, stack(0x0000000015e90000,0x0000000015f90000)]
  0x000000001491b000 JavaThread "Attach Listener" daemon [_thread_blocked, id=5404, stack(0x0000000015d90000,0x0000000015e90000)]
  0x000000001491a000 JavaThread "Signal Dispatcher" daemon [_thread_blocked, id=7568, stack(0x0000000015c90000,0x0000000015d90000)]
  0x000000000223f000 JavaThread "Finalizer" daemon [_thread_blocked, id=7576, stack(0x0000000015b90000,0x0000000015c90000)]
  0x00000000148e7800 JavaThread "Reference Handler" daemon [_thread_blocked, id=956, stack(0x0000000015a90000,0x0000000015b90000)]
  0x000000000201e000 JavaThread "main" [_thread_blocked, id=6652, stack(0x0000000002050000,0x0000000002150000)]

Other Threads:
  0x00000000148e6800 VMThread [stack: 0x0000000015990000,0x0000000015a90000] [id=6744]
  0x000000001497d800 WatcherThread [stack: 0x0000000016290000,0x0000000016390000] [id=5132]

VM state:not at safepoint (normal execution)

VM Mutex/Monitor currently owned by a thread: None

Heap:
 PSYoungGen      total 15360K, used 7224K [0x00000000eab00000, 0x00000000ebe00000, 0x0000000100000000)
  eden space 11776K, 44% used [0x00000000eab00000,0x00000000eb02ba00,0x00000000eb680000)
  from space 3584K, 55% used [0x00000000eb680000,0x00000000eb86dd80,0x00000000eba00000)
  to   space 3072K, 0% used [0x00000000eba00000,0x00000000eba00000,0x00000000ebd00000)
 ParOldGen       total 96768K, used 6152K [0x00000000c0000000, 0x00000000c5e80000, 0x00000000eab00000)
  object space 96768K, 6% used [0x00000000c0000000,0x00000000c06023a0,0x00000000c5e80000)
 Metaspace       used 5779K, capacity 6896K, committed 7040K, reserved 1056768K
  class space    used 585K, capacity 616K, committed 640K, reserved 1048576K

Card table byte_map: [0x0000000011610000,0x0000000011820000] byte_map_base: 0x0000000011010000

Marking Bits: (ParMarkBitMap*) 0x000000006f2213b0
 Begin Bits: [0x0000000011d80000, 0x0000000012d80000)
 End Bits:   [0x0000000012d80000, 0x0000000013d80000)

Polling page: 0x0000000000510000

CodeCache: size=245760Kb used=5787Kb max_used=5787Kb free=239972Kb
 bounds [0x0000000002250000, 0x0000000002800000, 0x0000000011250000]
 total_blobs=1721 nmethods=1456 adapters=178
 compilation: enabled

Compilation events (10 events):
Event: 3.149 Thread 0x0000000014973800 1455       3       com.android.dx.rop.code.DexTranslationAdvice::getMaxOptimalRegisterCount (3 bytes)
Event: 3.150 Thread 0x0000000014973800 nmethod 1455 0x00000000027f52d0 code [0x00000000027f5420, 0x00000000027f5570]
Event: 3.150 Thread 0x0000000014973800 1456       3       com.android.dx.rop.code.LocalVariableExtractor::extract (14 bytes)
Event: 3.150 Thread 0x0000000014973800 nmethod 1456 0x00000000027f5610 code [0x00000000027f5780, 0x00000000027f5978]
Event: 3.150 Thread 0x0000000014973800 1457       3       com.android.dx.rop.code.LocalVariableInfo::<init> (82 bytes)
Event: 3.151 Thread 0x0000000014973800 nmethod 1457 0x00000000027f5a50 code [0x00000000027f5c80, 0x00000000027f6948]
Event: 3.151 Thread 0x0000000014973800 1458       3       com.android.dx.dex.code.RopTranslator::translate (21 bytes)
Event: 3.151 Thread 0x0000000014973800 nmethod 1458 0x00000000027f6ed0 code [0x00000000027f7040, 0x00000000027f7258]
Event: 3.151 Thread 0x0000000014973800 1459       3       com.android.dx.dex.code.BlockAddresses::<init> (44 bytes)
Event: 3.152 Thread 0x0000000014973800 nmethod 1459 0x00000000027f7350 code [0x00000000027f74e0, 0x00000000027f79f8]

GC Heap History (10 events):
Event: 1.772 GC heap before
{Heap before GC invocations=7 (full 0):
 PSYoungGen      total 5632K, used 5296K [0x00000000eab00000, 0x00000000eb200000, 0x0000000100000000)
  eden space 4096K, 100% used [0x00000000eab00000,0x00000000eaf00000,0x00000000eaf00000)
  from space 1536K, 78% used [0x00000000eb080000,0x00000000eb1ac300,0x00000000eb200000)
  to   space 1536K, 0% used [0x00000000eaf00000,0x00000000eaf00000,0x00000000eb080000)
 ParOldGen       total 96768K, used 1572K [0x00000000c0000000, 0x00000000c5e80000, 0x00000000eab00000)
  object space 96768K, 1% used [0x00000000c0000000,0x00000000c0189178,0x00000000c5e80000)
 Metaspace       used 5378K, capacity 6576K, committed 6784K, reserved 1056768K
  class space    used 581K, capacity 616K, committed 640K, reserved 1048576K
Event: 1.784 GC heap after
Heap after GC invocations=7 (full 0):
 PSYoungGen      total 5632K, used 1504K [0x00000000eab00000, 0x00000000eb700000, 0x0000000100000000)
  eden space 4096K, 0% used [0x00000000eab00000,0x00000000eab00000,0x00000000eaf00000)
  from space 1536K, 97% used [0x00000000eaf00000,0x00000000eb078360,0x00000000eb080000)
  to   space 2048K, 0% used [0x00000000eb500000,0x00000000eb500000,0x00000000eb700000)
 ParOldGen       total 96768K, used 1871K [0x00000000c0000000, 0x00000000c5e80000, 0x00000000eab00000)
  object space 96768K, 1% used [0x00000000c0000000,0x00000000c01d3e20,0x00000000c5e80000)
 Metaspace       used 5378K, capacity 6576K, committed 6784K, reserved 1056768K
  class space    used 581K, capacity 616K, committed 640K, reserved 1048576K
}
Event: 2.096 GC heap before
{Heap before GC invocations=8 (full 0):
 PSYoungGen      total 5632K, used 5600K [0x00000000eab00000, 0x00000000eb700000, 0x0000000100000000)
  eden space 4096K, 100% used [0x00000000eab00000,0x00000000eaf00000,0x00000000eaf00000)
  from space 1536K, 97% used [0x00000000eaf00000,0x00000000eb078360,0x00000000eb080000)
  to   space 2048K, 0% used [0x00000000eb500000,0x00000000eb500000,0x00000000eb700000)
 ParOldGen       total 96768K, used 1871K [0x00000000c0000000, 0x00000000c5e80000, 0x00000000eab00000)
  object space 96768K, 1% used [0x00000000c0000000,0x00000000c01d3e20,0x00000000c5e80000)
 Metaspace       used 5526K, capacity 6704K, committed 6784K, reserved 1056768K
  class space    used 582K, capacity 616K, committed 640K, reserved 1048576K
Event: 2.100 GC heap after
Heap after GC invocations=8 (full 0):
 PSYoungGen      total 9728K, used 1888K [0x00000000eab00000, 0x00000000eb800000, 0x0000000100000000)
  eden space 7680K, 0% used [0x00000000eab00000,0x00000000eab00000,0x00000000eb280000)
  from space 2048K, 92% used [0x00000000eb500000,0x00000000eb6d8018,0x00000000eb700000)
  to   space 2560K, 0% used [0x00000000eb280000,0x00000000eb280000,0x00000000eb500000)
 ParOldGen       total 96768K, used 1997K [0x00000000c0000000, 0x00000000c5e80000, 0x00000000eab00000)
  object space 96768K, 2% used [0x00000000c0000000,0x00000000c01f3608,0x00000000c5e80000)
 Metaspace       used 5526K, capacity 6704K, committed 6784K, reserved 1056768K
  class space    used 582K, capacity 616K, committed 640K, reserved 1048576K
}
Event: 2.340 GC heap before
{Heap before GC invocations=9 (full 0):
 PSYoungGen      total 9728K, used 9568K [0x00000000eab00000, 0x00000000eb800000, 0x0000000100000000)
  eden space 7680K, 100% used [0x00000000eab00000,0x00000000eb280000,0x00000000eb280000)
  from space 2048K, 92% used [0x00000000eb500000,0x00000000eb6d8018,0x00000000eb700000)
  to   space 2560K, 0% used [0x00000000eb280000,0x00000000eb280000,0x00000000eb500000)
 ParOldGen       total 96768K, used 1997K [0x00000000c0000000, 0x00000000c5e80000, 0x00000000eab00000)
  object space 96768K, 2% used [0x00000000c0000000,0x00000000c01f3608,0x00000000c5e80000)
 Metaspace       used 5633K, capacity 6768K, committed 7040K, reserved 1056768K
  class space    used 583K, capacity 616K, committed 640K, reserved 1048576K
Event: 2.345 GC heap after
Heap after GC invocations=9 (full 0):
 PSYoungGen      total 10240K, used 2528K [0x00000000eab00000, 0x00000000ebd00000, 0x0000000100000000)
  eden space 7680K, 0% used [0x00000000eab00000,0x00000000eab00000,0x00000000eb280000)
  from space 2560K, 98% used [0x00000000eb280000,0x00000000eb4f8018,0x00000000eb500000)
  to   space 3072K, 0% used [0x00000000eba00000,0x00000000eba00000,0x00000000ebd00000)
 ParOldGen       total 96768K, used 2355K [0x00000000c0000000, 0x00000000c5e80000, 0x00000000eab00000)
  object space 96768K, 2% used [0x00000000c0000000,0x00000000c024cd70,0x00000000c5e80000)
 Metaspace       used 5633K, capacity 6768K, committed 7040K, reserved 1056768K
  class space    used 583K, capacity 616K, committed 640K, reserved 1048576K
}
Event: 2.609 GC heap before
{Heap before GC invocations=10 (full 0):
 PSYoungGen      total 10240K, used 10208K [0x00000000eab00000, 0x00000000ebd00000, 0x0000000100000000)
  eden space 7680K, 100% used [0x00000000eab00000,0x00000000eb280000,0x00000000eb280000)
  from space 2560K, 98% used [0x00000000eb280000,0x00000000eb4f8018,0x00000000eb500000)
  to   space 3072K, 0% used [0x00000000eba00000,0x00000000eba00000,0x00000000ebd00000)
 ParOldGen       total 96768K, used 2355K [0x00000000c0000000, 0x00000000c5e80000, 0x00000000eab00000)
  object space 96768K, 2% used [0x00000000c0000000,0x00000000c024cd70,0x00000000c5e80000)
 Metaspace       used 5701K, capacity 6832K, committed 7040K, reserved 1056768K
  class space    used 584K, capacity 616K, committed 640K, reserved 1048576K
Event: 2.696 GC heap after
Heap after GC invocations=10 (full 0):
 PSYoungGen      total 14848K, used 2800K [0x00000000eab00000, 0x00000000ebe00000, 0x0000000100000000)
  eden space 11776K, 0% used [0x00000000eab00000,0x00000000eab00000,0x00000000eb680000)
  from space 3072K, 91% used [0x00000000eba00000,0x00000000ebcbc230,0x00000000ebd00000)
  to   space 3584K, 0% used [0x00000000eb680000,0x00000000eb680000,0x00000000eba00000)
 ParOldGen       total 96768K, used 3681K [0x00000000c0000000, 0x00000000c5e80000, 0x00000000eab00000)
  object space 96768K, 3% used [0x00000000c0000000,0x00000000c03984a8,0x00000000c5e80000)
 Metaspace       used 5701K, capacity 6832K, committed 7040K, reserved 1056768K
  class space    used 584K, capacity 616K, committed 640K, reserved 1048576K
}
Event: 2.986 GC heap before
{Heap before GC invocations=11 (full 0):
 PSYoungGen      total 14848K, used 14576K [0x00000000eab00000, 0x00000000ebe00000, 0x0000000100000000)
  eden space 11776K, 100% used [0x00000000eab00000,0x00000000eb680000,0x00000000eb680000)
  from space 3072K, 91% used [0x00000000eba00000,0x00000000ebcbc230,0x00000000ebd00000)
  to   space 3584K, 0% used [0x00000000eb680000,0x00000000eb680000,0x00000000eba00000)
 ParOldGen       total 96768K, used 3681K [0x00000000c0000000, 0x00000000c5e80000, 0x00000000eab00000)
  object space 96768K, 3% used [0x00000000c0000000,0x00000000c03984a8,0x00000000c5e80000)
 Metaspace       used 5734K, capacity 6896K, committed 7040K, reserved 1056768K
  class space    used 585K, capacity 616K, committed 640K, reserved 1048576K
Event: 3.039 GC heap after
Heap after GC invocations=11 (full 0):
 PSYoungGen      total 15360K, used 1975K [0x00000000eab00000, 0x00000000ebe00000, 0x0000000100000000)
  eden space 11776K, 0% used [0x00000000eab00000,0x00000000eab00000,0x00000000eb680000)
  from space 3584K, 55% used [0x00000000eb680000,0x00000000eb86dd80,0x00000000eba00000)
  to   space 3072K, 0% used [0x00000000eba00000,0x00000000eba00000,0x00000000ebd00000)
 ParOldGen       total 96768K, used 6152K [0x00000000c0000000, 0x00000000c5e80000, 0x00000000eab00000)
  object space 96768K, 6% used [0x00000000c0000000,0x00000000c06023a0,0x00000000c5e80000)
 Metaspace       used 5734K, capacity 6896K, committed 7040K, reserved 1056768K
  class space    used 585K, capacity 616K, committed 640K, reserved 1048576K
}

Deoptimization events (9 events):
Event: 1.810 Thread 0x00000000165e8000 Uncommon trap: reason=class_check action=maybe_recompile pc=0x00000000024d9bf0 method=com.android.dx.ssa.NormalSsaInsn.accept(Lcom/android/dx/ssa/SsaInsn$Visitor;)V @ 9
Event: 2.049 Thread 0x0000000016607000 Uncommon trap: reason=class_check action=maybe_recompile pc=0x0000000002573324 method=com.android.dx.ssa.NormalSsaInsn.accept(Lcom/android/dx/ssa/SsaInsn$Visitor;)V @ 9
Event: 2.049 Thread 0x0000000016607000 Uncommon trap: reason=class_check action=maybe_recompile pc=0x0000000002573324 method=com.android.dx.ssa.NormalSsaInsn.accept(Lcom/android/dx/ssa/SsaInsn$Visitor;)V @ 9
Event: 2.049 Thread 0x0000000016607000 Uncommon trap: reason=class_check action=maybe_recompile pc=0x0000000002573324 method=com.android.dx.ssa.NormalSsaInsn.accept(Lcom/android/dx/ssa/SsaInsn$Visitor;)V @ 9
Event: 2.050 Thread 0x0000000016607000 Uncommon trap: reason=class_check action=maybe_recompile pc=0x00000000024d9bf0 method=com.android.dx.ssa.NormalSsaInsn.accept(Lcom/android/dx/ssa/SsaInsn$Visitor;)V @ 9
Event: 2.128 Thread 0x00000000165df000 Uncommon trap: reason=unreached action=reinterpret pc=0x000000000258f090 method=com.android.dx.rop.code.LocalItem.hashCode()I @ 25
Event: 2.128 Thread 0x00000000165df000 Uncommon trap: reason=unreached action=reinterpret pc=0x000000000250ff58 method=com.android.dx.rop.code.LocalItem.hashCode()I @ 25
Event: 2.367 Thread 0x00000000165df000 Uncommon trap: reason=null_check action=make_not_entrant pc=0x000000000263b5dc method=com.android.dx.ssa.SsaRenamer.getLocalForNewReg(I)Lcom/android/dx/rop/code/LocalItem; @ 19
Event: 2.445 Thread 0x000000000201e000 Uncommon trap: reason=null_check action=make_not_entrant pc=0x000000000261a7cc method=com.android.dx.ssa.SsaRenamer.getLocalForNewReg(I)Lcom/android/dx/rop/code/LocalItem; @ 19

Internal exceptions (10 events):
Event: 1.719 Thread 0x00000000165df000 Exception <a 'java/security/PrivilegedActionException'> (0x00000000ead174b8) thrown at [D:\re\workspace\8-2-build-windows-amd64-cygwin\jdk8u5\2488\hotspot\src\share\vm\prims\jvm.cpp, line 1248]
Event: 1.747 Thread 0x000000000201e000 Exception <a 'java/security/PrivilegedActionException'> (0x00000000eae34ad8) thrown at [D:\re\workspace\8-2-build-windows-amd64-cygwin\jdk8u5\2488\hotspot\src\share\vm\prims\jvm.cpp, line 1248]
Event: 1.755 Thread 0x000000000201e000 Exception <a 'java/security/PrivilegedActionException'> (0x00000000eaebad08) thrown at [D:\re\workspace\8-2-build-windows-amd64-cygwin\jdk8u5\2488\hotspot\src\share\vm\prims\jvm.cpp, line 1248]
Event: 1.756 Thread 0x000000000201e000 Exception <a 'java/security/PrivilegedActionException'> (0x00000000eaebd138) thrown at [D:\re\workspace\8-2-build-windows-amd64-cygwin\jdk8u5\2488\hotspot\src\share\vm\prims\jvm.cpp, line 1248]
Event: 1.764 Thread 0x0000000016607000 Exception <a 'java/security/PrivilegedActionException'> (0x00000000eaee6038) thrown at [D:\re\workspace\8-2-build-windows-amd64-cygwin\jdk8u5\2488\hotspot\src\share\vm\prims\jvm.cpp, line 1248]
Event: 2.057 Thread 0x0000000016607000 Exception <a 'java/security/PrivilegedActionException'> (0x00000000eaee9728) thrown at [D:\re\workspace\8-2-build-windows-amd64-cygwin\jdk8u5\2488\hotspot\src\share\vm\prims\jvm.cpp, line 1248]
Event: 2.131 Thread 0x00000000165df000 Exception <a 'java/security/PrivilegedActionException'> (0x00000000ead237c0) thrown at [D:\re\workspace\8-2-build-windows-amd64-cygwin\jdk8u5\2488\hotspot\src\share\vm\prims\jvm.cpp, line 1248]
Event: 2.367 Thread 0x00000000165df000 Implicit null exception at 0x000000000263a224 to 0x000000000263b5b9
Event: 2.445 Thread 0x000000000201e000 Implicit null exception at 0x0000000002619488 to 0x000000000261a791
Event: 2.454 Thread 0x000000000201e000 Exception <a 'java/security/PrivilegedActionException'> (0x00000000eb1b1d28) thrown at [D:\re\workspace\8-2-build-windows-amd64-cygwin\jdk8u5\2488\hotspot\src\share\vm\prims\jvm.cpp, line 1248]

Events (10 events):
Event: 2.720 loading class java/util/TreeMap$EntrySet
Event: 2.720 loading class java/util/TreeMap$EntrySet done
Event: 2.720 loading class java/util/TreeMap$EntryIterator
Event: 2.720 loading class java/util/TreeMap$EntryIterator done
Event: 2.720 Executing VM operation: Deoptimize
Event: 2.720 Executing VM operation: Deoptimize done
Event: 2.779 Thread 0x0000000016608000 DEOPT PACKING pc=0x00000000025a3005 sp=0x0000000016c8ee70
Event: 2.779 Thread 0x0000000016608000 DEOPT UNPACKING pc=0x0000000002297604 sp=0x0000000016c8ec08 mode 0
Event: 2.976 Executing VM operation: ParallelGCFailedAllocation
Event: 3.039 Executing VM operation: ParallelGCFailedAllocation done


Dynamic libraries:
0x00007ff61aea0000 - 0x00007ff61aed4000 	C:\Program Files\Java\jdk1.8.0_05\bin\java.exe
0x00007fff40d70000 - 0x00007fff40f31000 	C:\WINDOWS\SYSTEM32\ntdll.dll
0x00007fff40ac0000 - 0x00007fff40b6d000 	C:\WINDOWS\system32\KERNEL32.DLL
0x00007fff3d420000 - 0x00007fff3d608000 	C:\WINDOWS\system32\KERNELBASE.dll
0x00007fff3e3b0000 - 0x00007fff3e457000 	C:\WINDOWS\system32\ADVAPI32.dll
0x00007fff3ee20000 - 0x00007fff3eebd000 	C:\WINDOWS\system32\msvcrt.dll
0x00007fff3e350000 - 0x00007fff3e3ab000 	C:\WINDOWS\system32\sechost.dll
0x00007fff40780000 - 0x00007fff4089c000 	C:\WINDOWS\system32\RPCRT4.dll
0x00007fff40620000 - 0x00007fff40776000 	C:\WINDOWS\system32\USER32.dll
0x00007fff40be0000 - 0x00007fff40d66000 	C:\WINDOWS\system32\GDI32.dll
0x00007fff330b0000 - 0x00007fff33324000 	C:\WINDOWS\WinSxS\amd64_microsoft.windows.common-controls_6595b64144ccf1df_6.0.10586.0_none_8c15ae12515e1c22\COMCTL32.dll
0x00007fff3ea40000 - 0x00007fff3ecbd000 	C:\WINDOWS\system32\combase.dll
0x00007fff3dd90000 - 0x00007fff3ddfa000 	C:\WINDOWS\system32\bcryptPrimitives.dll
0x00007fff3ef50000 - 0x00007fff3ef8b000 	C:\WINDOWS\system32\IMM32.DLL
0x000000006e5f0000 - 0x000000006e6c2000 	C:\Program Files\Java\jdk1.8.0_05\jre\bin\msvcr100.dll
0x000000006ea70000 - 0x000000006f29a000 	C:\Program Files\Java\jdk1.8.0_05\jre\bin\server\jvm.dll
0x00007fff3e330000 - 0x00007fff3e338000 	C:\WINDOWS\system32\PSAPI.DLL
0x00007fff2a850000 - 0x00007fff2a859000 	C:\WINDOWS\SYSTEM32\WSOCK32.dll
0x00007fff3eec0000 - 0x00007fff3ef2b000 	C:\WINDOWS\system32\WS2_32.dll
0x00007fff3ba60000 - 0x00007fff3ba83000 	C:\WINDOWS\SYSTEM32\WINMM.dll
0x00007fff3ba30000 - 0x00007fff3ba5c000 	C:\WINDOWS\SYSTEM32\WINMMBASE.dll
0x00007fff3d610000 - 0x00007fff3d653000 	C:\WINDOWS\system32\cfgmgr32.dll
0x000000006ea60000 - 0x000000006ea6f000 	C:\Program Files\Java\jdk1.8.0_05\jre\bin\verify.dll
0x000000006ea30000 - 0x000000006ea58000 	C:\Program Files\Java\jdk1.8.0_05\jre\bin\java.dll
0x000000006ea10000 - 0x000000006ea26000 	C:\Program Files\Java\jdk1.8.0_05\jre\bin\zip.dll
0x00007fff3eff0000 - 0x00007fff4054c000 	C:\WINDOWS\system32\SHELL32.dll
0x00007fff3d740000 - 0x00007fff3dd84000 	C:\WINDOWS\system32\windows.storage.dll
0x00007fff3ef90000 - 0x00007fff3efe2000 	C:\WINDOWS\system32\shlwapi.dll
0x00007fff3d410000 - 0x00007fff3d41f000 	C:\WINDOWS\system32\kernel.appcore.dll
0x00007fff3d660000 - 0x00007fff3d715000 	C:\WINDOWS\system32\shcore.dll
0x00007fff3d3c0000 - 0x00007fff3d40b000 	C:\WINDOWS\system32\powrprof.dll
0x00007fff3d3a0000 - 0x00007fff3d3b4000 	C:\WINDOWS\system32\profapi.dll
0x00007fff36900000 - 0x00007fff36a8c000 	C:\WINDOWS\SYSTEM32\dbghelp.dll

VM Arguments:
jvm_args: -Djava.awt.headless=true -Xmx1024M -Dfile.encoding=windows-1251 -Duser.country=RU -Duser.language=ru -Duser.variant 
java_command: com.android.dx.command.Main --dex --force-jumbo --num-threads=4 --output D:\work\grannyOS\app\build\intermediates\pre-dexed\debug\com.android.support-appcompat-v7-23.3.0_d0babbe85b2c9dbad08b25a697e9ee42ceece710.jar D:\work\grannyOS\app\build\intermediates\exploded-aar\com.android.support\appcompat-v7\23.3.0\jars\classes.jar
java_class_path (initial): D:\work\workProject\build-tools\23.0.0\lib\dx.jar
Launcher Type: SUN_STANDARD

Environment Variables:
JAVA_HOME=C:\Program Files\Java\jdk1.8.0_05\
PATH=C:\ProgramData\Oracle\Java\javapath;C:\Program Files (x86)\NVIDIA Corporation\PhysX\Common;12-4-2013 ;D:\program\RR\.\ClearQuest;C:\Program Files (x86)\Rational\ClearQuest;C:\Program Files\Java\jdk1.8.0_05\bin\;C:\Program Files (x86)\ATI Technologies\ATI.ACE\Core-Static;C:\Ruby21\bin;C:\WINDOWS\system32;C:\WINDOWS;C:\WINDOWS\System32\Wbem;C:\WINDOWS\System32\WindowsPowerShell\v1.0\;C:\Program Files (x86)\AMD\ATI.ACE\Core-Static;C:\Program Files (x86)\Intel\OpenCL SDK\2.0\bin\x86;C:\Program Files (x86)\Intel\OpenCL SDK\2.0\bin\x64;C:\Program Files\Git\cmd;C:\Program Files (x86)\Skype\Phone\;C:\Program Files (x86)\Intel\OpenCL SDK\2.0\bin\x86;C:\Program Files (x86)\Intel\OpenCL SDK\2.0\bin\x64;C:\Ruby21-x64\bin;C:\BC5\BIN
USERNAME=Алексей
SHELL=D:\PROGRAM\RR\.\RATION~1\NUTCROOT\mksnt\sh.exe
DISPLAY=:0.0
OS=Windows_NT
PROCESSOR_IDENTIFIER=Intel64 Family 6 Model 42 Stepping 7, GenuineIntel



---------------  S Y S T E M  ---------------

OS: Windows 8.1 , 64 bit Build 9600 

CPU:total 4 (2 cores per cpu, 2 threads per core) family 6 model 42 stepping 7, cmov, cx8, fxsr, mmx, sse, sse2, sse3, ssse3, sse4.1, sse4.2, popcnt, avx, aes, clmul, ht, tsc, tscinvbit

Memory: 4k page, physical 6172256k(892096k free), swap 6172256k(4096k free)

vm_info: Java HotSpot(TM) 64-Bit Server VM (25.5-b02) for windows-amd64 JRE (1.8.0_05-b13), built on Mar 18 2014 01:08:39 by "java_re" with MS VC++ 10.0 (VS2010)

time: Fri Jun 03 14:35:39 2016
elapsed time: 3 seconds

