#
# There is insufficient memory for the Java Runtime Environment to continue.
# Native memory allocation (malloc) failed to allocate 32784 bytes for Chunk::new
# Possible reasons:
#   The system is out of physical RAM or swap space
#   In 32 bit mode, the process size limit was hit
# Possible solutions:
#   Reduce memory load on the system
#   Increase physical memory or swap space
#   Check if swap backing store is full
#   Use 64 bit Java on a 64 bit OS
#   Decrease Java heap size (-Xmx/-Xms)
#   Decrease number of Java threads
#   Decrease Java thread stack sizes (-Xss)
#   Set larger code cache with -XX:ReservedCodeCacheSize=
# This output file may be truncated or incomplete.
#
#  Out of Memory Error (allocation.cpp:388), pid=2052, tid=7700
#
# JRE version: Java(TM) SE Runtime Environment (8.0_05-b13) (build 1.8.0_05-b13)
# Java VM: Java HotSpot(TM) 64-Bit Server VM (25.5-b02 mixed mode windows-amd64 compressed oops)
# Failed to write core dump. Minidumps are not enabled by default on client versions of Windows
#

---------------  T H R E A D  ---------------

Current thread (0x0000000014a9f800):  JavaThread "C2 CompilerThread1" daemon [_thread_in_native, id=7700, stack(0x0000000016100000,0x0000000016200000)]

Stack: [0x0000000016100000,0x0000000016200000]
Native frames: (J=compiled Java code, j=interpreted, Vv=VM code, C=native code)
V  [jvm.dll+0x308dea]


Current CompileTask:
C2:   1586  728   !   4       com.android.dx.rop.code.RegisterSpec::intern (70 bytes)


---------------  P R O C E S S  ---------------

Java Threads: ( => current thread )
  0x000000001655e000 JavaThread "pool-1-thread-4" [_thread_in_Java, id=3112, stack(0x0000000016d00000,0x0000000016e00000)]
  0x000000001655d000 JavaThread "pool-1-thread-3" [_thread_in_vm, id=2696, stack(0x0000000016c00000,0x0000000016d00000)]
  0x000000001655b800 JavaThread "pool-1-thread-2" [_thread_in_Java, id=1824, stack(0x0000000016b00000,0x0000000016c00000)]
  0x0000000016553800 JavaThread "pool-2-thread-1" [_thread_blocked, id=4756, stack(0x0000000016a00000,0x0000000016b00000)]
  0x0000000016552800 JavaThread "pool-1-thread-1" [_thread_in_vm, id=5400, stack(0x0000000016900000,0x0000000016a00000)]
  0x0000000016304800 JavaThread "Service Thread" daemon [_thread_blocked, id=2912, stack(0x0000000016700000,0x0000000016800000)]
  0x0000000014afb800 JavaThread "C1 CompilerThread2" daemon [_thread_in_vm, id=2340, stack(0x0000000016200000,0x0000000016300000)]
=>0x0000000014a9f800 JavaThread "C2 CompilerThread1" daemon [_thread_in_native, id=7700, stack(0x0000000016100000,0x0000000016200000)]
  0x0000000014a9c000 JavaThread "C2 CompilerThread0" daemon [_thread_in_native, id=6452, stack(0x0000000016000000,0x0000000016100000)]
  0x0000000014a9b000 JavaThread "Attach Listener" daemon [_thread_blocked, id=5592, stack(0x0000000015f00000,0x0000000016000000)]
  0x0000000014a9a000 JavaThread "Signal Dispatcher" daemon [_thread_blocked, id=6648, stack(0x0000000015e00000,0x0000000015f00000)]
  0x00000000023bf000 JavaThread "Finalizer" daemon [_thread_blocked, id=2748, stack(0x0000000015d00000,0x0000000015e00000)]
  0x0000000014a67800 JavaThread "Reference Handler" daemon [_thread_blocked, id=7644, stack(0x0000000015c00000,0x0000000015d00000)]
  0x00000000022d3000 JavaThread "main" [_thread_in_Java, id=4176, stack(0x00000000021d0000,0x00000000022d0000)]

Other Threads:
  0x0000000014a66800 VMThread [stack: 0x0000000015b00000,0x0000000015c00000] [id=8064]
  0x0000000016307800 WatcherThread [stack: 0x0000000016800000,0x0000000016900000] [id=7308]

VM state:synchronizing (normal execution)

VM Mutex/Monitor currently owned by a thread:  ([mutex/lock_event])
[0x000000000210cf40] Safepoint_lock - owner thread: 0x0000000014a66800
[0x000000000210cfc0] Threads_lock - owner thread: 0x0000000014a66800
[0x000000000210cac0] Heap_lock - owner thread: 0x000000001655d000

Heap:
 PSYoungGen      total 5632K, used 5600K [0x00000000eab00000, 0x00000000eb700000, 0x0000000100000000)
  eden space 4096K, 100% used [0x00000000eab00000,0x00000000eaf00000,0x00000000eaf00000)
  from space 1536K, 97% used [0x00000000eaf00000,0x00000000eb078018,0x00000000eb080000)
  to   space 2048K, 0% used [0x00000000eb500000,0x00000000eb500000,0x00000000eb700000)
 ParOldGen       total 96768K, used 2054K [0x00000000c0000000, 0x00000000c5e80000, 0x00000000eab00000)
  object space 96768K, 2% used [0x00000000c0000000,0x00000000c0201858,0x00000000c5e80000)
 Metaspace       used 5392K, capacity 6576K, committed 6784K, reserved 1056768K
  class space    used 578K, capacity 616K, committed 640K, reserved 1048576K

Card table byte_map: [0x0000000011790000,0x00000000119a0000] byte_map_base: 0x0000000011190000

Marking Bits: (ParMarkBitMap*) 0x000000006f2213b0
 Begin Bits: [0x0000000011f00000, 0x0000000012f00000)
 End Bits:   [0x0000000012f00000, 0x0000000013f00000)

Polling page: 0x0000000000710000

CodeCache: size=245760Kb used=3003Kb max_used=3003Kb free=242756Kb
 bounds [0x00000000023d0000, 0x00000000026d0000, 0x00000000113d0000]
 total_blobs=1047 nmethods=783 adapters=178
 compilation: enabled

Compilation events (10 events):
Event: 1.582 Thread 0x0000000014afb800 nmethod 786 0x0000000002697a10 code [0x0000000002697bc0, 0x0000000002698128]
Event: 1.582 Thread 0x0000000014afb800  787       3       com.android.dx.ssa.SetFactory::makeDomFrontSet (26 bytes)
Event: 1.582 Thread 0x0000000014afb800 nmethod 787 0x00000000026972d0 code [0x0000000002697460, 0x0000000002697848]
Event: 1.582 Thread 0x0000000014afb800  779       3       com.android.dx.cf.code.Simulator$SimVisitor::setPreviousOffset (6 bytes)
Event: 1.582 Thread 0x0000000014afb800 nmethod 779 0x0000000002696550 code [0x00000000026966a0, 0x00000000026967f0]
Event: 1.582 Thread 0x0000000014afb800  807       3       java.util.ArrayList::removeRange (75 bytes)
Event: 1.583 Thread 0x0000000014afb800 nmethod 807 0x00000000026bf150 code [0x00000000026bf2e0, 0x00000000026bf748]
Event: 1.583 Thread 0x0000000014afb800  811       3       com.android.dx.ssa.back.SsaToRop$1::visitBlock (97 bytes)
Event: 1.584 Thread 0x0000000014afb800 nmethod 811 0x00000000026bf910 code [0x00000000026bfb80, 0x00000000026c0a68]
Event: 1.584 Thread 0x0000000014afb800  748       3       com.android.dx.rop.code.ThrowingCstInsn::accept (8 bytes)

GC Heap History (10 events):
Event: 0.355 GC heap before
{Heap before GC invocations=3 (full 0):
 PSYoungGen      total 1536K, used 1536K [0x00000000eab00000, 0x00000000ead00000, 0x0000000100000000)
  eden space 1024K, 100% used [0x00000000eab00000,0x00000000eac00000,0x00000000eac00000)
  from space 512K, 100% used [0x00000000eac80000,0x00000000ead00000,0x00000000ead00000)
  to   space 512K, 0% used [0x00000000eac00000,0x00000000eac00000,0x00000000eac80000)
 ParOldGen       total 96768K, used 106K [0x00000000c0000000, 0x00000000c5e80000, 0x00000000eab00000)
  object space 96768K, 0% used [0x00000000c0000000,0x00000000c001a928,0x00000000c5e80000)
 Metaspace       used 3419K, capacity 4880K, committed 5120K, reserved 1056768K
  class space    used 386K, capacity 456K, committed 512K, reserved 1048576K
Event: 0.379 GC heap after
Heap after GC invocations=3 (full 0):
 PSYoungGen      total 1536K, used 493K [0x00000000eab00000, 0x00000000eae00000, 0x0000000100000000)
  eden space 1024K, 0% used [0x00000000eab00000,0x00000000eab00000,0x00000000eac00000)
  from space 512K, 96% used [0x00000000eac00000,0x00000000eac7b410,0x00000000eac80000)
  to   space 512K, 0% used [0x00000000ead80000,0x00000000ead80000,0x00000000eae00000)
 ParOldGen       total 96768K, used 492K [0x00000000c0000000, 0x00000000c5e80000, 0x00000000eab00000)
  object space 96768K, 0% used [0x00000000c0000000,0x00000000c007b238,0x00000000c5e80000)
 Metaspace       used 3419K, capacity 4880K, committed 5120K, reserved 1056768K
  class space    used 386K, capacity 456K, committed 512K, reserved 1048576K
}
Event: 0.530 GC heap before
{Heap before GC invocations=4 (full 0):
 PSYoungGen      total 1536K, used 1517K [0x00000000eab00000, 0x00000000eae00000, 0x0000000100000000)
  eden space 1024K, 100% used [0x00000000eab00000,0x00000000eac00000,0x00000000eac00000)
  from space 512K, 96% used [0x00000000eac00000,0x00000000eac7b410,0x00000000eac80000)
  to   space 512K, 0% used [0x00000000ead80000,0x00000000ead80000,0x00000000eae00000)
 ParOldGen       total 96768K, used 492K [0x00000000c0000000, 0x00000000c5e80000, 0x00000000eab00000)
  object space 96768K, 0% used [0x00000000c0000000,0x00000000c007b238,0x00000000c5e80000)
 Metaspace       used 3684K, capacity 5104K, committed 5376K, reserved 1056768K
  class space    used 421K, capacity 488K, committed 512K, reserved 1048576K
Event: 0.548 GC heap after
Heap after GC invocations=4 (full 0):
 PSYoungGen      total 2560K, used 493K [0x00000000eab00000, 0x00000000eae00000, 0x0000000100000000)
  eden space 2048K, 0% used [0x00000000eab00000,0x00000000eab00000,0x00000000ead00000)
  from space 512K, 96% used [0x00000000ead80000,0x00000000eadfb410,0x00000000eae00000)
  to   space 512K, 0% used [0x00000000ead00000,0x00000000ead00000,0x00000000ead80000)
 ParOldGen       total 96768K, used 874K [0x00000000c0000000, 0x00000000c5e80000, 0x00000000eab00000)
  object space 96768K, 0% used [0x00000000c0000000,0x00000000c00dab10,0x00000000c5e80000)
 Metaspace       used 3684K, capacity 5104K, committed 5376K, reserved 1056768K
  class space    used 421K, capacity 488K, committed 512K, reserved 1048576K
}
Event: 0.731 GC heap before
{Heap before GC invocations=5 (full 0):
 PSYoungGen      total 2560K, used 2541K [0x00000000eab00000, 0x00000000eae00000, 0x0000000100000000)
  eden space 2048K, 100% used [0x00000000eab00000,0x00000000ead00000,0x00000000ead00000)
  from space 512K, 96% used [0x00000000ead80000,0x00000000eadfb410,0x00000000eae00000)
  to   space 512K, 0% used [0x00000000ead00000,0x00000000ead00000,0x00000000ead80000)
 ParOldGen       total 96768K, used 874K [0x00000000c0000000, 0x00000000c5e80000, 0x00000000eab00000)
  object space 96768K, 0% used [0x00000000c0000000,0x00000000c00dab10,0x00000000c5e80000)
 Metaspace       used 4126K, capacity 5456K, committed 5760K, reserved 1056768K
  class space    used 469K, capacity 520K, committed 640K, reserved 1048576K
Event: 0.798 GC heap after
Heap after GC invocations=5 (full 0):
 PSYoungGen      total 2560K, used 512K [0x00000000eab00000, 0x00000000eb200000, 0x0000000100000000)
  eden space 2048K, 0% used [0x00000000eab00000,0x00000000eab00000,0x00000000ead00000)
  from space 512K, 100% used [0x00000000ead00000,0x00000000ead80000,0x00000000ead80000)
  to   space 1536K, 0% used [0x00000000eb080000,0x00000000eb080000,0x00000000eb200000)
 ParOldGen       total 96768K, used 1649K [0x00000000c0000000, 0x00000000c5e80000, 0x00000000eab00000)
  object space 96768K, 1% used [0x00000000c0000000,0x00000000c019c548,0x00000000c5e80000)
 Metaspace       used 4126K, capacity 5456K, committed 5760K, reserved 1056768K
  class space    used 469K, capacity 520K, committed 640K, reserved 1048576K
}
Event: 0.906 GC heap before
{Heap before GC invocations=6 (full 0):
 PSYoungGen      total 2560K, used 2560K [0x00000000eab00000, 0x00000000eb200000, 0x0000000100000000)
  eden space 2048K, 100% used [0x00000000eab00000,0x00000000ead00000,0x00000000ead00000)
  from space 512K, 100% used [0x00000000ead00000,0x00000000ead80000,0x00000000ead80000)
  to   space 1536K, 0% used [0x00000000eb080000,0x00000000eb080000,0x00000000eb200000)
 ParOldGen       total 96768K, used 1649K [0x00000000c0000000, 0x00000000c5e80000, 0x00000000eab00000)
  object space 96768K, 1% used [0x00000000c0000000,0x00000000c019c548,0x00000000c5e80000)
 Metaspace       used 4781K, capacity 6032K, committed 6272K, reserved 1056768K
  class space    used 538K, capacity 584K, committed 640K, reserved 1048576K
Event: 0.981 GC heap after
Heap after GC invocations=6 (full 0):
 PSYoungGen      total 5632K, used 1149K [0x00000000eab00000, 0x00000000eb200000, 0x0000000100000000)
  eden space 4096K, 0% used [0x00000000eab00000,0x00000000eab00000,0x00000000eaf00000)
  from space 1536K, 74% used [0x00000000eb080000,0x00000000eb19f618,0x00000000eb200000)
  to   space 1536K, 0% used [0x00000000eaf00000,0x00000000eaf00000,0x00000000eb080000)
 ParOldGen       total 96768K, used 1649K [0x00000000c0000000, 0x00000000c5e80000, 0x00000000eab00000)
  object space 96768K, 1% used [0x00000000c0000000,0x00000000c019c548,0x00000000c5e80000)
 Metaspace       used 4781K, capacity 6032K, committed 6272K, reserved 1056768K
  class space    used 538K, capacity 584K, committed 640K, reserved 1048576K
}
Event: 1.432 GC heap before
{Heap before GC invocations=7 (full 0):
 PSYoungGen      total 5632K, used 5245K [0x00000000eab00000, 0x00000000eb200000, 0x0000000100000000)
  eden space 4096K, 100% used [0x00000000eab00000,0x00000000eaf00000,0x00000000eaf00000)
  from space 1536K, 74% used [0x00000000eb080000,0x00000000eb19f618,0x00000000eb200000)
  to   space 1536K, 0% used [0x00000000eaf00000,0x00000000eaf00000,0x00000000eb080000)
 ParOldGen       total 96768K, used 1649K [0x00000000c0000000, 0x00000000c5e80000, 0x00000000eab00000)
  object space 96768K, 1% used [0x00000000c0000000,0x00000000c019c548,0x00000000c5e80000)
 Metaspace       used 5303K, capacity 6512K, committed 6784K, reserved 1056768K
  class space    used 577K, capacity 616K, committed 640K, reserved 1048576K
Event: 1.480 GC heap after
Heap after GC invocations=7 (full 0):
 PSYoungGen      total 5632K, used 1504K [0x00000000eab00000, 0x00000000eb700000, 0x0000000100000000)
  eden space 4096K, 0% used [0x00000000eab00000,0x00000000eab00000,0x00000000eaf00000)
  from space 1536K, 97% used [0x00000000eaf00000,0x00000000eb078018,0x00000000eb080000)
  to   space 2048K, 0% used [0x00000000eb500000,0x00000000eb500000,0x00000000eb700000)
 ParOldGen       total 96768K, used 2054K [0x00000000c0000000, 0x00000000c5e80000, 0x00000000eab00000)
  object space 96768K, 2% used [0x00000000c0000000,0x00000000c0201858,0x00000000c5e80000)
 Metaspace       used 5303K, capacity 6512K, committed 6784K, reserved 1056768K
  class space    used 577K, capacity 616K, committed 640K, reserved 1048576K
}

Deoptimization events (0 events):
No events

Internal exceptions (10 events):
Event: 1.024 Thread 0x0000000016552800 Exception <a 'java/security/PrivilegedActionException'> (0x00000000eac3e138) thrown at [D:\re\workspace\8-2-build-windows-amd64-cygwin\jdk8u5\2488\hotspot\src\share\vm\prims\jvm.cpp, line 1248]
Event: 1.031 Thread 0x0000000016552800 Exception <a 'java/security/PrivilegedActionException'> (0x00000000eac41af0) thrown at [D:\re\workspace\8-2-build-windows-amd64-cygwin\jdk8u5\2488\hotspot\src\share\vm\prims\jvm.cpp, line 1248]
Event: 1.032 Thread 0x0000000016552800 Exception <a 'java/security/PrivilegedActionException'> (0x00000000eac486b8) thrown at [D:\re\workspace\8-2-build-windows-amd64-cygwin\jdk8u5\2488\hotspot\src\share\vm\prims\jvm.cpp, line 1248]
Event: 1.034 Thread 0x0000000016552800 Exception <a 'java/security/PrivilegedActionException'> (0x00000000eac4df10) thrown at [D:\re\workspace\8-2-build-windows-amd64-cygwin\jdk8u5\2488\hotspot\src\share\vm\prims\jvm.cpp, line 1248]
Event: 1.036 Thread 0x0000000016552800 Exception <a 'java/security/PrivilegedActionException'> (0x00000000eac52d00) thrown at [D:\re\workspace\8-2-build-windows-amd64-cygwin\jdk8u5\2488\hotspot\src\share\vm\prims\jvm.cpp, line 1248]
Event: 1.037 Thread 0x0000000016552800 Exception <a 'java/security/PrivilegedActionException'> (0x00000000eac5bcc8) thrown at [D:\re\workspace\8-2-build-windows-amd64-cygwin\jdk8u5\2488\hotspot\src\share\vm\prims\jvm.cpp, line 1248]
Event: 1.038 Thread 0x0000000016552800 Exception <a 'java/security/PrivilegedActionException'> (0x00000000eac5eb90) thrown at [D:\re\workspace\8-2-build-windows-amd64-cygwin\jdk8u5\2488\hotspot\src\share\vm\prims\jvm.cpp, line 1248]
Event: 1.041 Thread 0x00000000022d3000 Exception <a 'java/security/PrivilegedActionException'> (0x00000000eab702f0) thrown at [D:\re\workspace\8-2-build-windows-amd64-cygwin\jdk8u5\2488\hotspot\src\share\vm\prims\jvm.cpp, line 1248]
Event: 1.042 Thread 0x000000001655e000 Exception <a 'java/security/PrivilegedActionException'> (0x00000000eab667a0) thrown at [D:\re\workspace\8-2-build-windows-amd64-cygwin\jdk8u5\2488\hotspot\src\share\vm\prims\jvm.cpp, line 1248]
Event: 1.046 Thread 0x000000001655e000 Exception <a 'java/security/PrivilegedActionException'> (0x00000000eac7cf68) thrown at [D:\re\workspace\8-2-build-windows-amd64-cygwin\jdk8u5\2488\hotspot\src\share\vm\prims\jvm.cpp, line 1248]

Events (10 events):
Event: 1.046 loading class com/android/dx/ssa/back/FirstFitLocalCombiningAllocator$Multiset
Event: 1.046 loading class com/android/dx/ssa/back/FirstFitLocalCombiningAllocator$Multiset done
Event: 1.054 loading class java/util/TreeMap$EntrySet
Event: 1.054 loading class java/util/TreeMap$EntrySet done
Event: 1.054 loading class java/util/TreeMap$EntryIterator
Event: 1.054 loading class java/util/TreeMap$EntryIterator done
Event: 1.384 Executing VM operation: ParallelGCFailedAllocation
Event: 1.480 Executing VM operation: ParallelGCFailedAllocation done
Event: 1.506 loading class java/util/ArrayList$1
Event: 1.506 loading class java/util/ArrayList$1 done


Dynamic libraries:
0x00007ff61aea0000 - 0x00007ff61aed4000 	C:\Program Files\Java\jdk1.8.0_05\bin\java.exe
0x00007fff40d70000 - 0x00007fff40f31000 	C:\WINDOWS\SYSTEM32\ntdll.dll
0x00007fff40ac0000 - 0x00007fff40b6d000 	C:\WINDOWS\system32\KERNEL32.DLL
0x00007fff3d420000 - 0x00007fff3d608000 	C:\WINDOWS\system32\KERNELBASE.dll
0x00007fff3e3b0000 - 0x00007fff3e457000 	C:\WINDOWS\system32\ADVAPI32.dll
0x00007fff3ee20000 - 0x00007fff3eebd000 	C:\WINDOWS\system32\msvcrt.dll
0x00007fff3e350000 - 0x00007fff3e3ab000 	C:\WINDOWS\system32\sechost.dll
0x00007fff40780000 - 0x00007fff4089c000 	C:\WINDOWS\system32\RPCRT4.dll
0x00007fff40620000 - 0x00007fff40776000 	C:\WINDOWS\system32\USER32.dll
0x00007fff40be0000 - 0x00007fff40d66000 	C:\WINDOWS\system32\GDI32.dll
0x00007fff330b0000 - 0x00007fff33324000 	C:\WINDOWS\WinSxS\amd64_microsoft.windows.common-controls_6595b64144ccf1df_6.0.10586.0_none_8c15ae12515e1c22\COMCTL32.dll
0x00007fff3ea40000 - 0x00007fff3ecbd000 	C:\WINDOWS\system32\combase.dll
0x00007fff3dd90000 - 0x00007fff3ddfa000 	C:\WINDOWS\system32\bcryptPrimitives.dll
0x00007fff3ef50000 - 0x00007fff3ef8b000 	C:\WINDOWS\system32\IMM32.DLL
0x000000006e5f0000 - 0x000000006e6c2000 	C:\Program Files\Java\jdk1.8.0_05\jre\bin\msvcr100.dll
0x000000006ea70000 - 0x000000006f29a000 	C:\Program Files\Java\jdk1.8.0_05\jre\bin\server\jvm.dll
0x00007fff3e330000 - 0x00007fff3e338000 	C:\WINDOWS\system32\PSAPI.DLL
0x00007fff2a850000 - 0x00007fff2a859000 	C:\WINDOWS\SYSTEM32\WSOCK32.dll
0x00007fff3eec0000 - 0x00007fff3ef2b000 	C:\WINDOWS\system32\WS2_32.dll
0x00007fff3ba60000 - 0x00007fff3ba83000 	C:\WINDOWS\SYSTEM32\WINMM.dll
0x00007fff3ba30000 - 0x00007fff3ba5c000 	C:\WINDOWS\SYSTEM32\WINMMBASE.dll
0x00007fff3d610000 - 0x00007fff3d653000 	C:\WINDOWS\system32\cfgmgr32.dll
0x000000006ea60000 - 0x000000006ea6f000 	C:\Program Files\Java\jdk1.8.0_05\jre\bin\verify.dll
0x000000006ea30000 - 0x000000006ea58000 	C:\Program Files\Java\jdk1.8.0_05\jre\bin\java.dll
0x000000006ea10000 - 0x000000006ea26000 	C:\Program Files\Java\jdk1.8.0_05\jre\bin\zip.dll
0x00007fff3eff0000 - 0x00007fff4054c000 	C:\WINDOWS\system32\SHELL32.dll
0x00007fff3d740000 - 0x00007fff3dd84000 	C:\WINDOWS\system32\windows.storage.dll
0x00007fff3ef90000 - 0x00007fff3efe2000 	C:\WINDOWS\system32\shlwapi.dll
0x00007fff3d410000 - 0x00007fff3d41f000 	C:\WINDOWS\system32\kernel.appcore.dll
0x00007fff3d660000 - 0x00007fff3d715000 	C:\WINDOWS\system32\shcore.dll
0x00007fff3d3c0000 - 0x00007fff3d40b000 	C:\WINDOWS\system32\powrprof.dll
0x00007fff3d3a0000 - 0x00007fff3d3b4000 	C:\WINDOWS\system32\profapi.dll

VM Arguments:
jvm_args: -Djava.awt.headless=true -Xmx1024M -Dfile.encoding=windows-1251 -Duser.country=RU -Duser.language=ru -Duser.variant 
java_command: com.android.dx.command.Main --dex --force-jumbo --num-threads=4 --output D:\work\grannyOS\app\build\intermediates\pre-dexed\debug\instant-run_caee1271cd300bc7034c5a5bd6620e60b51c9e47.jar D:\work\grannyOS\app\build\intermediates\incremental-runtime-classes\debug\instant-run.jar
java_class_path (initial): D:\work\workProject\build-tools\23.0.0\lib\dx.jar
Launcher Type: SUN_STANDARD

Environment Variables:
JAVA_HOME=C:\Program Files\Java\jdk1.8.0_05\
PATH=C:\ProgramData\Oracle\Java\javapath;C:\Program Files (x86)\NVIDIA Corporation\PhysX\Common;12-4-2013 ;D:\program\RR\.\ClearQuest;C:\Program Files (x86)\Rational\ClearQuest;C:\Program Files\Java\jdk1.8.0_05\bin\;C:\Program Files (x86)\ATI Technologies\ATI.ACE\Core-Static;C:\Ruby21\bin;C:\WINDOWS\system32;C:\WINDOWS;C:\WINDOWS\System32\Wbem;C:\WINDOWS\System32\WindowsPowerShell\v1.0\;C:\Program Files (x86)\AMD\ATI.ACE\Core-Static;C:\Program Files (x86)\Intel\OpenCL SDK\2.0\bin\x86;C:\Program Files (x86)\Intel\OpenCL SDK\2.0\bin\x64;C:\Program Files\Git\cmd;C:\Program Files (x86)\Skype\Phone\;C:\Program Files (x86)\Intel\OpenCL SDK\2.0\bin\x86;C:\Program Files (x86)\Intel\OpenCL SDK\2.0\bin\x64;C:\Ruby21-x64\bin;C:\BC5\BIN
USERNAME=Алексей
SHELL=D:\PROGRAM\RR\.\RATION~1\NUTCROOT\mksnt\sh.exe
DISPLAY=:0.0
OS=Windows_NT
PROCESSOR_IDENTIFIER=Intel64 Family 6 Model 42 Stepping 7, GenuineIntel



---------------  S Y S T E M  ---------------

OS: Windows 8.1 , 64 bit Build 9600 

CPU:total 4 (2 cores per cpu, 2 threads per core) family 6 model 42 stepping 7, cmov, cx8, fxsr, mmx, sse, sse2, sse3, ssse3, sse4.1, sse4.2, popcnt, avx, aes, clmul, ht, tsc, tscinvbit

Memory: 4k page, physical 6172256k(899620k free), swap 6172256k(4108k free)

vm_info: Java HotSpot(TM) 64-Bit Server VM (25.5-b02) for windows-amd64 JRE (1.8.0_05-b13), built on Mar 18 2014 01:08:39 by "java_re" with MS VC++ 10.0 (VS2010)

time: Fri Jun 03 14:35:44 2016
elapsed time: 1 seconds

