#
# There is insufficient memory for the Java Runtime Environment to continue.
# Native memory allocation (malloc) failed to allocate 789456 bytes for Chunk::new
# Possible reasons:
#   The system is out of physical RAM or swap space
#   In 32 bit mode, the process size limit was hit
# Possible solutions:
#   Reduce memory load on the system
#   Increase physical memory or swap space
#   Check if swap backing store is full
#   Use 64 bit Java on a 64 bit OS
#   Decrease Java heap size (-Xmx/-Xms)
#   Decrease number of Java threads
#   Decrease Java thread stack sizes (-Xss)
#   Set larger code cache with -XX:ReservedCodeCacheSize=
# This output file may be truncated or incomplete.
#
#  Out of Memory Error (allocation.cpp:388), pid=7692, tid=1156
#
# JRE version: Java(TM) SE Runtime Environment (8.0_05-b13) (build 1.8.0_05-b13)
# Java VM: Java HotSpot(TM) 64-Bit Server VM (25.5-b02 mixed mode windows-amd64 compressed oops)
# Failed to write core dump. Minidumps are not enabled by default on client versions of Windows
#

---------------  T H R E A D  ---------------

Current thread (0x00000000148ef800):  JavaThread "C2 CompilerThread1" daemon [_thread_in_native, id=1156, stack(0x0000000015f60000,0x0000000016060000)]

Stack: [0x0000000015f60000,0x0000000016060000]
Native frames: (J=compiled Java code, j=interpreted, Vv=VM code, C=native code)
V  [jvm.dll+0x308dea]
V  [jvm.dll+0x25def1]
V  [jvm.dll+0x25eb0f]
V  [jvm.dll+0x2564e5]
V  [jvm.dll+0xbcfc5]
V  [jvm.dll+0xbd45c]
V  [jvm.dll+0x468bac]
V  [jvm.dll+0x43638b]
V  [jvm.dll+0x44111e]
V  [jvm.dll+0x4436a9]
V  [jvm.dll+0x427532]
V  [jvm.dll+0x96702]
V  [jvm.dll+0x96ef3]
V  [jvm.dll+0x2232c4]
V  [jvm.dll+0x27baca]
C  [msvcr100.dll+0x21d9f]
C  [msvcr100.dll+0x21e3b]
C  [KERNEL32.DLL+0x18102]
C  [ntdll.dll+0x5c5b4]


Current CompileTask:
C2:   5566 1350       4       com.android.dx.dex.code.OutputFinisher::addConstants (93 bytes)


---------------  P R O C E S S  ---------------

Java Threads: ( => current thread )
  0x0000000016164800 JavaThread "Service Thread" daemon [_thread_blocked, id=6840, stack(0x0000000016560000,0x0000000016660000)]
  0x000000001494b800 JavaThread "C1 CompilerThread2" daemon [_thread_blocked, id=6108, stack(0x0000000016060000,0x0000000016160000)]
=>0x00000000148ef800 JavaThread "C2 CompilerThread1" daemon [_thread_in_native, id=1156, stack(0x0000000015f60000,0x0000000016060000)]
  0x00000000148ec000 JavaThread "C2 CompilerThread0" daemon [_thread_blocked, id=2876, stack(0x0000000015e60000,0x0000000015f60000)]
  0x00000000148eb000 JavaThread "Attach Listener" daemon [_thread_blocked, id=6188, stack(0x0000000015d60000,0x0000000015e60000)]
  0x00000000148e9800 JavaThread "Signal Dispatcher" daemon [_thread_blocked, id=6664, stack(0x0000000015c60000,0x0000000015d60000)]
  0x000000000220f000 JavaThread "Finalizer" daemon [_thread_blocked, id=1852, stack(0x0000000015b60000,0x0000000015c60000)]
  0x00000000148b7800 JavaThread "Reference Handler" daemon [_thread_blocked, id=4212, stack(0x0000000015a60000,0x0000000015b60000)]
  0x000000000201e000 JavaThread "main" [_thread_in_vm, id=6096, stack(0x0000000002020000,0x0000000002120000)]

Other Threads:
  0x00000000148b6800 VMThread [stack: 0x0000000015960000,0x0000000015a60000] [id=7852]
  0x0000000016166800 WatcherThread [stack: 0x0000000016660000,0x0000000016760000] [id=1584]

VM state:not at safepoint (normal execution)

VM Mutex/Monitor currently owned by a thread: None

Heap:
 PSYoungGen      total 10240K, used 9534K [0x00000000eab00000, 0x00000000ebd00000, 0x0000000100000000)
  eden space 7680K, 91% used [0x00000000eab00000,0x00000000eb1d7bb0,0x00000000eb280000)
  from space 2560K, 98% used [0x00000000eb280000,0x00000000eb4f8028,0x00000000eb500000)
  to   space 3072K, 0% used [0x00000000eba00000,0x00000000eba00000,0x00000000ebd00000)
 ParOldGen       total 96768K, used 2617K [0x00000000c0000000, 0x00000000c5e80000, 0x00000000eab00000)
  object space 96768K, 2% used [0x00000000c0000000,0x00000000c028e410,0x00000000c5e80000)
 Metaspace       used 5749K, capacity 6832K, committed 7040K, reserved 1056768K
  class space    used 587K, capacity 616K, committed 640K, reserved 1048576K

Card table byte_map: [0x00000000115e0000,0x00000000117f0000] byte_map_base: 0x0000000010fe0000

Marking Bits: (ParMarkBitMap*) 0x000000006f2213b0
 Begin Bits: [0x0000000011d50000, 0x0000000012d50000)
 End Bits:   [0x0000000012d50000, 0x0000000013d50000)

Polling page: 0x0000000000530000

CodeCache: size=245760Kb used=5424Kb max_used=5443Kb free=240335Kb
 bounds [0x0000000002220000, 0x0000000002780000, 0x0000000011220000]
 total_blobs=1635 nmethods=1371 adapters=178
 compilation: enabled

Compilation events (10 events):
Event: 5.349 Thread 0x000000001494b800 nmethod 1378 0x000000000276a6d0 code [0x000000000276a840, 0x000000000276aa10]
Event: 5.349 Thread 0x000000001494b800 1379       3       com.android.dx.dex.file.StringDataItem::writeSize (17 bytes)
Event: 5.349 Thread 0x000000001494b800 nmethod 1379 0x000000000276aad0 code [0x000000000276ac60, 0x000000000276b1d0]
Event: 5.349 Thread 0x000000001494b800 1380       3       com.android.dx.rop.cst.CstString::getUtf16Size (8 bytes)
Event: 5.349 Thread 0x000000001494b800 nmethod 1380 0x000000000276b410 code [0x000000000276b580, 0x000000000276b7b0]
Event: 5.456 Thread 0x00000000148ec000 nmethod 1353 0x0000000002770b10 code [0x0000000002770e80, 0x0000000002773410]
Event: 5.456 Thread 0x00000000148ec000 1357       4       com.android.dx.rop.type.Type::compareTo (9 bytes)
Event: 5.457 Thread 0x00000000148ec000 nmethod 1357 0x000000000276d990 code [0x000000000276dae0, 0x000000000276dc58]
Event: 5.457 Thread 0x00000000148ec000 1363       4       com.android.dx.dex.file.Section::throwIfPrepared (18 bytes)
Event: 5.458 Thread 0x00000000148ec000 nmethod 1363 0x000000000273e610 code [0x000000000273e740, 0x000000000273e7b8]

GC Heap History (10 events):
Event: 1.887 GC heap before
{Heap before GC invocations=5 (full 0):
 PSYoungGen      total 2560K, used 2544K [0x00000000eab00000, 0x00000000eae00000, 0x0000000100000000)
  eden space 2048K, 100% used [0x00000000eab00000,0x00000000ead00000,0x00000000ead00000)
  from space 512K, 96% used [0x00000000ead80000,0x00000000eadfc010,0x00000000eae00000)
  to   space 512K, 0% used [0x00000000ead00000,0x00000000ead00000,0x00000000ead80000)
 ParOldGen       total 96768K, used 828K [0x00000000c0000000, 0x00000000c5e80000, 0x00000000eab00000)
  object space 96768K, 0% used [0x00000000c0000000,0x00000000c00cf3c0,0x00000000c5e80000)
 Metaspace       used 4316K, capacity 5648K, committed 6016K, reserved 1056768K
  class space    used 482K, capacity 520K, committed 640K, reserved 1048576K
Event: 2.008 GC heap after
Heap after GC invocations=5 (full 0):
 PSYoungGen      total 2560K, used 480K [0x00000000eab00000, 0x00000000eb200000, 0x0000000100000000)
  eden space 2048K, 0% used [0x00000000eab00000,0x00000000eab00000,0x00000000ead00000)
  from space 512K, 93% used [0x00000000ead00000,0x00000000ead78020,0x00000000ead80000)
  to   space 1536K, 0% used [0x00000000eb080000,0x00000000eb080000,0x00000000eb200000)
 ParOldGen       total 96768K, used 1482K [0x00000000c0000000, 0x00000000c5e80000, 0x00000000eab00000)
  object space 96768K, 1% used [0x00000000c0000000,0x00000000c0172848,0x00000000c5e80000)
 Metaspace       used 4316K, capacity 5648K, committed 6016K, reserved 1056768K
  class space    used 482K, capacity 520K, committed 640K, reserved 1048576K
}
Event: 2.405 GC heap before
{Heap before GC invocations=6 (full 0):
 PSYoungGen      total 2560K, used 2528K [0x00000000eab00000, 0x00000000eb200000, 0x0000000100000000)
  eden space 2048K, 100% used [0x00000000eab00000,0x00000000ead00000,0x00000000ead00000)
  from space 512K, 93% used [0x00000000ead00000,0x00000000ead78020,0x00000000ead80000)
  to   space 1536K, 0% used [0x00000000eb080000,0x00000000eb080000,0x00000000eb200000)
 ParOldGen       total 96768K, used 1482K [0x00000000c0000000, 0x00000000c5e80000, 0x00000000eab00000)
  object space 96768K, 1% used [0x00000000c0000000,0x00000000c0172848,0x00000000c5e80000)
 Metaspace       used 4971K, capacity 6224K, committed 6528K, reserved 1056768K
  class space    used 559K, capacity 584K, committed 640K, reserved 1048576K
Event: 2.614 GC heap after
Heap after GC invocations=6 (full 0):
 PSYoungGen      total 5632K, used 1136K [0x00000000eab00000, 0x00000000eb200000, 0x0000000100000000)
  eden space 4096K, 0% used [0x00000000eab00000,0x00000000eab00000,0x00000000eaf00000)
  from space 1536K, 73% used [0x00000000eb080000,0x00000000eb19c010,0x00000000eb200000)
  to   space 1536K, 0% used [0x00000000eaf00000,0x00000000eaf00000,0x00000000eb080000)
 ParOldGen       total 96768K, used 1482K [0x00000000c0000000, 0x00000000c5e80000, 0x00000000eab00000)
  object space 96768K, 1% used [0x00000000c0000000,0x00000000c0172848,0x00000000c5e80000)
 Metaspace       used 4971K, capacity 6224K, committed 6528K, reserved 1056768K
  class space    used 559K, capacity 584K, committed 640K, reserved 1048576K
}
Event: 3.091 GC heap before
{Heap before GC invocations=7 (full 0):
 PSYoungGen      total 5632K, used 5232K [0x00000000eab00000, 0x00000000eb200000, 0x0000000100000000)
  eden space 4096K, 100% used [0x00000000eab00000,0x00000000eaf00000,0x00000000eaf00000)
  from space 1536K, 73% used [0x00000000eb080000,0x00000000eb19c010,0x00000000eb200000)
  to   space 1536K, 0% used [0x00000000eaf00000,0x00000000eaf00000,0x00000000eb080000)
 ParOldGen       total 96768K, used 1482K [0x00000000c0000000, 0x00000000c5e80000, 0x00000000eab00000)
  object space 96768K, 1% used [0x00000000c0000000,0x00000000c0172848,0x00000000c5e80000)
 Metaspace       used 5389K, capacity 6576K, committed 6784K, reserved 1056768K
  class space    used 577K, capacity 616K, committed 640K, reserved 1048576K
Event: 3.485 GC heap after
Heap after GC invocations=7 (full 0):
 PSYoungGen      total 5632K, used 1504K [0x00000000eab00000, 0x00000000eb700000, 0x0000000100000000)
  eden space 4096K, 0% used [0x00000000eab00000,0x00000000eab00000,0x00000000eaf00000)
  from space 1536K, 97% used [0x00000000eaf00000,0x00000000eb078018,0x00000000eb080000)
  to   space 2048K, 0% used [0x00000000eb500000,0x00000000eb500000,0x00000000eb700000)
 ParOldGen       total 96768K, used 1711K [0x00000000c0000000, 0x00000000c5e80000, 0x00000000eab00000)
  object space 96768K, 1% used [0x00000000c0000000,0x00000000c01abc48,0x00000000c5e80000)
 Metaspace       used 5389K, capacity 6576K, committed 6784K, reserved 1056768K
  class space    used 577K, capacity 616K, committed 640K, reserved 1048576K
}
Event: 3.748 GC heap before
{Heap before GC invocations=8 (full 0):
 PSYoungGen      total 5632K, used 5600K [0x00000000eab00000, 0x00000000eb700000, 0x0000000100000000)
  eden space 4096K, 100% used [0x00000000eab00000,0x00000000eaf00000,0x00000000eaf00000)
  from space 1536K, 97% used [0x00000000eaf00000,0x00000000eb078018,0x00000000eb080000)
  to   space 2048K, 0% used [0x00000000eb500000,0x00000000eb500000,0x00000000eb700000)
 ParOldGen       total 96768K, used 1711K [0x00000000c0000000, 0x00000000c5e80000, 0x00000000eab00000)
  object space 96768K, 1% used [0x00000000c0000000,0x00000000c01abc48,0x00000000c5e80000)
 Metaspace       used 5497K, capacity 6640K, committed 6784K, reserved 1056768K
  class space    used 578K, capacity 616K, committed 640K, reserved 1048576K
Event: 3.974 GC heap after
Heap after GC invocations=8 (full 0):
 PSYoungGen      total 9728K, used 1984K [0x00000000eab00000, 0x00000000eb800000, 0x0000000100000000)
  eden space 7680K, 0% used [0x00000000eab00000,0x00000000eab00000,0x00000000eb280000)
  from space 2048K, 96% used [0x00000000eb500000,0x00000000eb6f0018,0x00000000eb700000)
  to   space 2560K, 0% used [0x00000000eb280000,0x00000000eb280000,0x00000000eb500000)
 ParOldGen       total 96768K, used 1927K [0x00000000c0000000, 0x00000000c5e80000, 0x00000000eab00000)
  object space 96768K, 1% used [0x00000000c0000000,0x00000000c01e1c68,0x00000000c5e80000)
 Metaspace       used 5497K, capacity 6640K, committed 6784K, reserved 1056768K
  class space    used 578K, capacity 616K, committed 640K, reserved 1048576K
}
Event: 4.771 GC heap before
{Heap before GC invocations=9 (full 0):
 PSYoungGen      total 9728K, used 9664K [0x00000000eab00000, 0x00000000eb800000, 0x0000000100000000)
  eden space 7680K, 100% used [0x00000000eab00000,0x00000000eb280000,0x00000000eb280000)
  from space 2048K, 96% used [0x00000000eb500000,0x00000000eb6f0018,0x00000000eb700000)
  to   space 2560K, 0% used [0x00000000eb280000,0x00000000eb280000,0x00000000eb500000)
 ParOldGen       total 96768K, used 1927K [0x00000000c0000000, 0x00000000c5e80000, 0x00000000eab00000)
  object space 96768K, 1% used [0x00000000c0000000,0x00000000c01e1c68,0x00000000c5e80000)
 Metaspace       used 5629K, capacity 6768K, committed 7040K, reserved 1056768K
  class space    used 580K, capacity 616K, committed 640K, reserved 1048576K
Event: 5.059 GC heap after
Heap after GC invocations=9 (full 0):
 PSYoungGen      total 10240K, used 2528K [0x00000000eab00000, 0x00000000ebd00000, 0x0000000100000000)
  eden space 7680K, 0% used [0x00000000eab00000,0x00000000eab00000,0x00000000eb280000)
  from space 2560K, 98% used [0x00000000eb280000,0x00000000eb4f8028,0x00000000eb500000)
  to   space 3072K, 0% used [0x00000000eba00000,0x00000000eba00000,0x00000000ebd00000)
 ParOldGen       total 96768K, used 2617K [0x00000000c0000000, 0x00000000c5e80000, 0x00000000eab00000)
  object space 96768K, 2% used [0x00000000c0000000,0x00000000c028e410,0x00000000c5e80000)
 Metaspace       used 5629K, capacity 6768K, committed 7040K, reserved 1056768K
  class space    used 580K, capacity 616K, committed 640K, reserved 1048576K
}

Deoptimization events (10 events):
Event: 4.232 Thread 0x00000000162ca800 Uncommon trap: reason=bimorphic action=maybe_recompile pc=0x00000000024db334 method=com.android.dx.ssa.NormalSsaInsn.accept(Lcom/android/dx/ssa/SsaInsn$Visitor;)V @ 9
Event: 4.386 Thread 0x00000000162d2800 Uncommon trap: reason=unreached action=reinterpret pc=0x00000000026ab4a8 method=com.android.dx.util.LabeledList.set(ILcom/android/dx/util/LabeledItem;)V @ 16
Event: 5.308 Thread 0x000000000201e000 Uncommon trap: reason=class_check action=maybe_recompile pc=0x0000000002695e64 method=java.util.Arrays.hashCode([Ljava/lang/Object;)I @ 43
Event: 5.308 Thread 0x000000000201e000 Uncommon trap: reason=class_check action=maybe_recompile pc=0x0000000002695e64 method=java.util.Arrays.hashCode([Ljava/lang/Object;)I @ 43
Event: 5.308 Thread 0x000000000201e000 Uncommon trap: reason=class_check action=maybe_recompile pc=0x0000000002695e64 method=java.util.Arrays.hashCode([Ljava/lang/Object;)I @ 43
Event: 5.308 Thread 0x000000000201e000 Uncommon trap: reason=class_check action=maybe_recompile pc=0x0000000002695e64 method=java.util.Arrays.hashCode([Ljava/lang/Object;)I @ 43
Event: 5.308 Thread 0x000000000201e000 Uncommon trap: reason=class_check action=maybe_recompile pc=0x000000000268c288 method=java.util.Arrays.hashCode([Ljava/lang/Object;)I @ 43
Event: 5.315 Thread 0x000000000201e000 Uncommon trap: reason=bimorphic action=maybe_recompile pc=0x0000000002545dac method=java.util.HashMap.getNode(ILjava/lang/Object;)Ljava/util/HashMap$Node; @ 126
Event: 5.316 Thread 0x000000000201e000 Uncommon trap: reason=bimorphic action=maybe_recompile pc=0x0000000002545dac method=java.util.HashMap.getNode(ILjava/lang/Object;)Ljava/util/HashMap$Node; @ 126
Event: 5.316 Thread 0x000000000201e000 Uncommon trap: reason=bimorphic action=maybe_recompile pc=0x000000000243610c method=java.util.HashMap.getNode(ILjava/lang/Object;)Ljava/util/HashMap$Node; @ 126

Internal exceptions (10 events):
Event: 2.694 Thread 0x00000000162d2800 Exception <a 'java/security/PrivilegedActionException'> (0x00000000eace8028) thrown at [D:\re\workspace\8-2-build-windows-amd64-cygwin\jdk8u5\2488\hotspot\src\share\vm\prims\jvm.cpp, line 1248]
Event: 2.700 Thread 0x00000000162d2800 Exception <a 'java/security/PrivilegedActionException'> (0x00000000ead1cb98) thrown at [D:\re\workspace\8-2-build-windows-amd64-cygwin\jdk8u5\2488\hotspot\src\share\vm\prims\jvm.cpp, line 1248]
Event: 3.499 Thread 0x000000000201e000 Exception <a 'java/security/PrivilegedActionException'> (0x00000000eab4b090) thrown at [D:\re\workspace\8-2-build-windows-amd64-cygwin\jdk8u5\2488\hotspot\src\share\vm\prims\jvm.cpp, line 1248]
Event: 3.606 Thread 0x000000000201e000 Exception <a 'java/security/PrivilegedActionException'> (0x00000000eae46cb0) thrown at [D:\re\workspace\8-2-build-windows-amd64-cygwin\jdk8u5\2488\hotspot\src\share\vm\prims\jvm.cpp, line 1248]
Event: 4.098 Thread 0x00000000162bb000 Exception <a 'java/security/PrivilegedActionException'> (0x00000000eacf3b08) thrown at [D:\re\workspace\8-2-build-windows-amd64-cygwin\jdk8u5\2488\hotspot\src\share\vm\prims\jvm.cpp, line 1248]
Event: 4.228 Thread 0x00000000162ca800 Exception <a 'java/security/PrivilegedActionException'> (0x00000000eaf23528) thrown at [D:\re\workspace\8-2-build-windows-amd64-cygwin\jdk8u5\2488\hotspot\src\share\vm\prims\jvm.cpp, line 1248]
Event: 4.299 Thread 0x00000000162ca800 Exception <a 'java/security/PrivilegedActionException'> (0x00000000eaf956e8) thrown at [D:\re\workspace\8-2-build-windows-amd64-cygwin\jdk8u5\2488\hotspot\src\share\vm\prims\jvm.cpp, line 1248]
Event: 5.319 Thread 0x000000000201e000 Exception <a 'java/security/PrivilegedActionException'> (0x00000000eb174060) thrown at [D:\re\workspace\8-2-build-windows-amd64-cygwin\jdk8u5\2488\hotspot\src\share\vm\prims\jvm.cpp, line 1248]
Event: 5.337 Thread 0x000000000201e000 Exception <a 'java/security/PrivilegedActionException'> (0x00000000eb1addc0) thrown at [D:\re\workspace\8-2-build-windows-amd64-cygwin\jdk8u5\2488\hotspot\src\share\vm\prims\jvm.cpp, line 1248]
Event: 5.346 Thread 0x000000000201e000 Exception <a 'java/security/PrivilegedActionException'> (0x00000000eb1cdb18) thrown at [D:\re\workspace\8-2-build-windows-amd64-cygwin\jdk8u5\2488\hotspot\src\share\vm\prims\jvm.cpp, line 1248]

Events (10 events):
Event: 5.316 Thread 0x000000000201e000 DEOPT UNPACKING pc=0x00000000022655af sp=0x000000000211ec38 mode 2
Event: 5.319 loading class com/android/dx/dex/file/CatchStructs
Event: 5.319 loading class com/android/dx/dex/file/CatchStructs done
Event: 5.337 loading class com/android/dx/dex/file/ProtoIdItem
Event: 5.337 loading class com/android/dx/dex/file/ProtoIdItem done
Event: 5.346 loading class com/android/dex/Leb128
Event: 5.346 loading class com/android/dex/Leb128 done
Event: 5.347 loading class java/util/Collections$1
Event: 5.348 loading class java/util/Collections$1 done
Event: 5.348 loading class com/android/dx/dex/file/MixedItemSection$2


Dynamic libraries:
0x00007ff61aea0000 - 0x00007ff61aed4000 	C:\Program Files\Java\jdk1.8.0_05\bin\java.exe
0x00007fff40d70000 - 0x00007fff40f31000 	C:\WINDOWS\SYSTEM32\ntdll.dll
0x00007fff40ac0000 - 0x00007fff40b6d000 	C:\WINDOWS\system32\KERNEL32.DLL
0x00007fff3d420000 - 0x00007fff3d608000 	C:\WINDOWS\system32\KERNELBASE.dll
0x00007fff3e3b0000 - 0x00007fff3e457000 	C:\WINDOWS\system32\ADVAPI32.dll
0x00007fff3ee20000 - 0x00007fff3eebd000 	C:\WINDOWS\system32\msvcrt.dll
0x00007fff3e350000 - 0x00007fff3e3ab000 	C:\WINDOWS\system32\sechost.dll
0x00007fff40780000 - 0x00007fff4089c000 	C:\WINDOWS\system32\RPCRT4.dll
0x00007fff40620000 - 0x00007fff40776000 	C:\WINDOWS\system32\USER32.dll
0x00007fff40be0000 - 0x00007fff40d66000 	C:\WINDOWS\system32\GDI32.dll
0x00007fff330b0000 - 0x00007fff33324000 	C:\WINDOWS\WinSxS\amd64_microsoft.windows.common-controls_6595b64144ccf1df_6.0.10586.0_none_8c15ae12515e1c22\COMCTL32.dll
0x00007fff3ea40000 - 0x00007fff3ecbd000 	C:\WINDOWS\system32\combase.dll
0x00007fff3dd90000 - 0x00007fff3ddfa000 	C:\WINDOWS\system32\bcryptPrimitives.dll
0x00007fff3ef50000 - 0x00007fff3ef8b000 	C:\WINDOWS\system32\IMM32.DLL
0x000000006e5f0000 - 0x000000006e6c2000 	C:\Program Files\Java\jdk1.8.0_05\jre\bin\msvcr100.dll
0x000000006ea70000 - 0x000000006f29a000 	C:\Program Files\Java\jdk1.8.0_05\jre\bin\server\jvm.dll
0x00007fff3e330000 - 0x00007fff3e338000 	C:\WINDOWS\system32\PSAPI.DLL
0x00007fff2a850000 - 0x00007fff2a859000 	C:\WINDOWS\SYSTEM32\WSOCK32.dll
0x00007fff3eec0000 - 0x00007fff3ef2b000 	C:\WINDOWS\system32\WS2_32.dll
0x00007fff3ba60000 - 0x00007fff3ba83000 	C:\WINDOWS\SYSTEM32\WINMM.dll
0x00007fff3ba30000 - 0x00007fff3ba5c000 	C:\WINDOWS\SYSTEM32\WINMMBASE.dll
0x00007fff3d610000 - 0x00007fff3d653000 	C:\WINDOWS\system32\cfgmgr32.dll
0x000000006ea60000 - 0x000000006ea6f000 	C:\Program Files\Java\jdk1.8.0_05\jre\bin\verify.dll
0x000000006ea30000 - 0x000000006ea58000 	C:\Program Files\Java\jdk1.8.0_05\jre\bin\java.dll
0x000000006ea10000 - 0x000000006ea26000 	C:\Program Files\Java\jdk1.8.0_05\jre\bin\zip.dll
0x00007fff3eff0000 - 0x00007fff4054c000 	C:\WINDOWS\system32\SHELL32.dll
0x00007fff3d740000 - 0x00007fff3dd84000 	C:\WINDOWS\system32\windows.storage.dll
0x00007fff3ef90000 - 0x00007fff3efe2000 	C:\WINDOWS\system32\shlwapi.dll
0x00007fff3d410000 - 0x00007fff3d41f000 	C:\WINDOWS\system32\kernel.appcore.dll
0x00007fff3d660000 - 0x00007fff3d715000 	C:\WINDOWS\system32\shcore.dll
0x00007fff3d3c0000 - 0x00007fff3d40b000 	C:\WINDOWS\system32\powrprof.dll
0x00007fff3d3a0000 - 0x00007fff3d3b4000 	C:\WINDOWS\system32\profapi.dll
0x00007fff36900000 - 0x00007fff36a8c000 	C:\WINDOWS\SYSTEM32\dbghelp.dll

VM Arguments:
jvm_args: -Djava.awt.headless=true -Xmx1024M -Dfile.encoding=windows-1251 -Duser.country=RU -Duser.language=ru -Duser.variant 
java_command: com.android.dx.command.Main --dex --force-jumbo --num-threads=4 --output D:\work\grannyOS\app\build\intermediates\pre-dexed\debug\socket.io-client-0.7.0_d037abde9391b003f875225b8697a362df888702.jar C:\Users\Алексей\.gradle\caches\modules-2\files-2.1\io.socket\socket.io-client\0.7.0\ce278c97bc9f74c7945d647f6d441d6013163362\socket.io-client-0.7.0.jar
java_class_path (initial): D:\work\workProject\build-tools\23.0.0\lib\dx.jar
Launcher Type: SUN_STANDARD

Environment Variables:
JAVA_HOME=C:\Program Files\Java\jdk1.8.0_05\
PATH=C:\ProgramData\Oracle\Java\javapath;C:\Program Files (x86)\NVIDIA Corporation\PhysX\Common;12-4-2013 ;D:\program\RR\.\ClearQuest;C:\Program Files (x86)\Rational\ClearQuest;C:\Program Files\Java\jdk1.8.0_05\bin\;C:\Program Files (x86)\ATI Technologies\ATI.ACE\Core-Static;C:\Ruby21\bin;C:\WINDOWS\system32;C:\WINDOWS;C:\WINDOWS\System32\Wbem;C:\WINDOWS\System32\WindowsPowerShell\v1.0\;C:\Program Files (x86)\AMD\ATI.ACE\Core-Static;C:\Program Files (x86)\Intel\OpenCL SDK\2.0\bin\x86;C:\Program Files (x86)\Intel\OpenCL SDK\2.0\bin\x64;C:\Program Files\Git\cmd;C:\Program Files (x86)\Skype\Phone\;C:\Program Files (x86)\Intel\OpenCL SDK\2.0\bin\x86;C:\Program Files (x86)\Intel\OpenCL SDK\2.0\bin\x64;C:\Ruby21-x64\bin;C:\BC5\BIN
USERNAME=Алексей
SHELL=D:\PROGRAM\RR\.\RATION~1\NUTCROOT\mksnt\sh.exe
DISPLAY=:0.0
OS=Windows_NT
PROCESSOR_IDENTIFIER=Intel64 Family 6 Model 42 Stepping 7, GenuineIntel



---------------  S Y S T E M  ---------------

OS: Windows 8.1 , 64 bit Build 9600 

CPU:total 4 (2 cores per cpu, 2 threads per core) family 6 model 42 stepping 7, cmov, cx8, fxsr, mmx, sse, sse2, sse3, ssse3, sse4.1, sse4.2, popcnt, avx, aes, clmul, ht, tsc, tscinvbit

Memory: 4k page, physical 6172256k(958776k free), swap 6172256k(2888k free)

vm_info: Java HotSpot(TM) 64-Bit Server VM (25.5-b02) for windows-amd64 JRE (1.8.0_05-b13), built on Mar 18 2014 01:08:39 by "java_re" with MS VC++ 10.0 (VS2010)

time: Fri Jun 03 13:50:47 2016
elapsed time: 5 seconds

