#
# There is insufficient memory for the Java Runtime Environment to continue.
# Native memory allocation (malloc) failed to allocate 1517696 bytes for Chunk::new
# Possible reasons:
#   The system is out of physical RAM or swap space
#   In 32 bit mode, the process size limit was hit
# Possible solutions:
#   Reduce memory load on the system
#   Increase physical memory or swap space
#   Check if swap backing store is full
#   Use 64 bit Java on a 64 bit OS
#   Decrease Java heap size (-Xmx/-Xms)
#   Decrease number of Java threads
#   Decrease Java thread stack sizes (-Xss)
#   Set larger code cache with -XX:ReservedCodeCacheSize=
# This output file may be truncated or incomplete.
#
#  Out of Memory Error (allocation.cpp:388), pid=7368, tid=2748
#
# JRE version: Java(TM) SE Runtime Environment (8.0_05-b13) (build 1.8.0_05-b13)
# Java VM: Java HotSpot(TM) 64-Bit Server VM (25.5-b02 mixed mode windows-amd64 compressed oops)
# Failed to write core dump. Minidumps are not enabled by default on client versions of Windows
#

---------------  T H R E A D  ---------------

Current thread (0x0000000014959000):  JavaThread "C2 CompilerThread1" daemon [_thread_in_native, id=2748, stack(0x0000000015f70000,0x0000000016070000)]

Stack: [0x0000000015f70000,0x0000000016070000]
Native frames: (J=compiled Java code, j=interpreted, Vv=VM code, C=native code)
V  [jvm.dll+0x308dea]
V  [jvm.dll+0x25def1]
V  [jvm.dll+0x25eb0f]
V  [jvm.dll+0x2564e5]
V  [jvm.dll+0xbcfc5]
V  [jvm.dll+0xbd45c]
V  [jvm.dll+0x44d422]
V  [jvm.dll+0x48e13f]
V  [jvm.dll+0x4422eb]
V  [jvm.dll+0x44366b]
V  [jvm.dll+0x427532]
V  [jvm.dll+0x96702]
V  [jvm.dll+0x96ef3]
V  [jvm.dll+0x2232c4]
V  [jvm.dll+0x27baca]
C  [msvcr100.dll+0x21d9f]
C  [msvcr100.dll+0x21e3b]
C  [KERNEL32.DLL+0x18102]
C  [ntdll.dll+0x5c5b4]


Current CompileTask:
C2:   1888 1415   !   4       com.android.dx.cf.code.BytecodeArray::parseInstruction (2764 bytes)


---------------  P R O C E S S  ---------------

Java Threads: ( => current thread )
  0x0000000016798800 JavaThread "pool-1-thread-4" [_thread_in_Java, id=1252, stack(0x0000000017370000,0x0000000017470000)]
  0x0000000016777000 JavaThread "pool-1-thread-3" [_thread_blocked, id=4732, stack(0x0000000017270000,0x0000000017370000)]
  0x0000000016776800 JavaThread "pool-1-thread-2" [_thread_blocked, id=6520, stack(0x0000000017170000,0x0000000017270000)]
  0x000000001646a800 JavaThread "pool-2-thread-1" [_thread_blocked, id=88, stack(0x0000000017070000,0x0000000017170000)]
  0x00000000164ab000 JavaThread "pool-1-thread-1" [_thread_blocked, id=1580, stack(0x0000000016f70000,0x0000000017070000)]
  0x0000000016184000 JavaThread "Service Thread" daemon [_thread_blocked, id=2904, stack(0x0000000016570000,0x0000000016670000)]
  0x0000000014963800 JavaThread "C1 CompilerThread2" daemon [_thread_blocked, id=6096, stack(0x0000000016070000,0x0000000016170000)]
=>0x0000000014959000 JavaThread "C2 CompilerThread1" daemon [_thread_in_native, id=2748, stack(0x0000000015f70000,0x0000000016070000)]
  0x000000001490c000 JavaThread "C2 CompilerThread0" daemon [_thread_in_native, id=7644, stack(0x0000000015e70000,0x0000000015f70000)]
  0x000000001490b000 JavaThread "Attach Listener" daemon [_thread_blocked, id=3016, stack(0x0000000015d70000,0x0000000015e70000)]
  0x000000001490a000 JavaThread "Signal Dispatcher" daemon [_thread_blocked, id=8064, stack(0x0000000015c70000,0x0000000015d70000)]
  0x000000000222f000 JavaThread "Finalizer" daemon [_thread_blocked, id=2932, stack(0x0000000015b70000,0x0000000015c70000)]
  0x00000000148d7800 JavaThread "Reference Handler" daemon [_thread_blocked, id=3764, stack(0x0000000015a70000,0x0000000015b70000)]
  0x00000000007be000 JavaThread "main" [_thread_in_Java, id=3652, stack(0x0000000002040000,0x0000000002140000)]

Other Threads:
  0x00000000148d6800 VMThread [stack: 0x0000000015970000,0x0000000015a70000] [id=420]
  0x0000000016186800 WatcherThread [stack: 0x0000000016670000,0x0000000016770000] [id=4484]

VM state:not at safepoint (normal execution)

VM Mutex/Monitor currently owned by a thread: None

Heap:
 PSYoungGen      total 15360K, used 14421K [0x00000000eab00000, 0x00000000ec580000, 0x0000000100000000)
  eden space 12288K, 96% used [0x00000000eab00000,0x00000000eb695518,0x00000000eb700000)
  from space 3072K, 83% used [0x00000000eb700000,0x00000000eb980010,0x00000000eba00000)
  to   space 3584K, 0% used [0x00000000ec200000,0x00000000ec200000,0x00000000ec580000)
 ParOldGen       total 96768K, used 5906K [0x00000000c0000000, 0x00000000c5e80000, 0x00000000eab00000)
  object space 96768K, 6% used [0x00000000c0000000,0x00000000c05c4b38,0x00000000c5e80000)
 Metaspace       used 5843K, capacity 6960K, committed 7040K, reserved 1056768K
  class space    used 585K, capacity 616K, committed 640K, reserved 1048576K

Card table byte_map: [0x0000000011600000,0x0000000011810000] byte_map_base: 0x0000000011000000

Marking Bits: (ParMarkBitMap*) 0x000000006f2213b0
 Begin Bits: [0x0000000011d70000, 0x0000000012d70000)
 End Bits:   [0x0000000012d70000, 0x0000000013d70000)

Polling page: 0x0000000000510000

CodeCache: size=245760Kb used=6172Kb max_used=6172Kb free=239587Kb
 bounds [0x0000000002240000, 0x0000000002850000, 0x0000000011240000]
 total_blobs=1804 nmethods=1539 adapters=178
 compilation: enabled

Compilation events (10 events):
Event: 1.824 Thread 0x0000000014963800 1545       3       com.android.dx.cf.code.OneLocalsArray::getMaxLocals (6 bytes)
Event: 1.824 Thread 0x0000000014963800 nmethod 1545 0x0000000002849590 code [0x00000000028496e0, 0x0000000002849830]
Event: 1.830 Thread 0x0000000014963800 1546       3       com.android.dx.rop.cst.CstString::stringToUtf8Bytes (175 bytes)
Event: 1.831 Thread 0x0000000014963800 nmethod 1546 0x00000000028498d0 code [0x0000000002849aa0, 0x000000000284a2f8]
Event: 1.831 Thread 0x0000000014963800 1548       3       com.android.dx.rop.annotation.Annotations::addAll (59 bytes)
Event: 1.832 Thread 0x0000000014963800 nmethod 1548 0x000000000284a710 code [0x000000000284a920, 0x000000000284b3f8]
Event: 1.832 Thread 0x0000000014963800 1547       3       com.android.dx.rop.annotation.Annotations::<init> (16 bytes)
Event: 1.832 Thread 0x0000000014963800 nmethod 1547 0x000000000284b890 code [0x000000000284ba00, 0x000000000284bcc8]
Event: 1.838 Thread 0x0000000014963800 1549       1       java.util.concurrent.locks.AbstractOwnableSynchronizer::setExclusiveOwnerThread (6 bytes)
Event: 1.838 Thread 0x0000000014963800 nmethod 1549 0x000000000284bdd0 code [0x000000000284bf20, 0x000000000284c050]

GC Heap History (10 events):
Event: 0.775 GC heap before
{Heap before GC invocations=7 (full 0):
 PSYoungGen      total 5632K, used 5312K [0x00000000eab00000, 0x00000000eb200000, 0x0000000100000000)
  eden space 4096K, 100% used [0x00000000eab00000,0x00000000eaf00000,0x00000000eaf00000)
  from space 1536K, 79% used [0x00000000eb080000,0x00000000eb1b0310,0x00000000eb200000)
  to   space 1536K, 0% used [0x00000000eaf00000,0x00000000eaf00000,0x00000000eb080000)
 ParOldGen       total 96768K, used 1569K [0x00000000c0000000, 0x00000000c5e80000, 0x00000000eab00000)
  object space 96768K, 1% used [0x00000000c0000000,0x00000000c01886a0,0x00000000c5e80000)
 Metaspace       used 5323K, capacity 6512K, committed 6784K, reserved 1056768K
  class space    used 575K, capacity 616K, committed 640K, reserved 1048576K
Event: 0.791 GC heap after
Heap after GC invocations=7 (full 0):
 PSYoungGen      total 5632K, used 1520K [0x00000000eab00000, 0x00000000eb700000, 0x0000000100000000)
  eden space 4096K, 0% used [0x00000000eab00000,0x00000000eab00000,0x00000000eaf00000)
  from space 1536K, 98% used [0x00000000eaf00000,0x00000000eb07c028,0x00000000eb080000)
  to   space 2048K, 0% used [0x00000000eb500000,0x00000000eb500000,0x00000000eb700000)
 ParOldGen       total 96768K, used 1895K [0x00000000c0000000, 0x00000000c5e80000, 0x00000000eab00000)
  object space 96768K, 1% used [0x00000000c0000000,0x00000000c01d9c78,0x00000000c5e80000)
 Metaspace       used 5323K, capacity 6512K, committed 6784K, reserved 1056768K
  class space    used 575K, capacity 616K, committed 640K, reserved 1048576K
}
Event: 0.920 GC heap before
{Heap before GC invocations=8 (full 0):
 PSYoungGen      total 5632K, used 5616K [0x00000000eab00000, 0x00000000eb700000, 0x0000000100000000)
  eden space 4096K, 100% used [0x00000000eab00000,0x00000000eaf00000,0x00000000eaf00000)
  from space 1536K, 98% used [0x00000000eaf00000,0x00000000eb07c028,0x00000000eb080000)
  to   space 2048K, 0% used [0x00000000eb500000,0x00000000eb500000,0x00000000eb700000)
 ParOldGen       total 96768K, used 1895K [0x00000000c0000000, 0x00000000c5e80000, 0x00000000eab00000)
  object space 96768K, 1% used [0x00000000c0000000,0x00000000c01d9c78,0x00000000c5e80000)
 Metaspace       used 5521K, capacity 6640K, committed 6784K, reserved 1056768K
  class space    used 580K, capacity 616K, committed 640K, reserved 1048576K
Event: 0.928 GC heap after
Heap after GC invocations=8 (full 0):
 PSYoungGen      total 9728K, used 1856K [0x00000000eab00000, 0x00000000eb800000, 0x0000000100000000)
  eden space 7680K, 0% used [0x00000000eab00000,0x00000000eab00000,0x00000000eb280000)
  from space 2048K, 90% used [0x00000000eb500000,0x00000000eb6d0018,0x00000000eb700000)
  to   space 2560K, 0% used [0x00000000eb280000,0x00000000eb280000,0x00000000eb500000)
 ParOldGen       total 96768K, used 1991K [0x00000000c0000000, 0x00000000c5e80000, 0x00000000eab00000)
  object space 96768K, 2% used [0x00000000c0000000,0x00000000c01f1c98,0x00000000c5e80000)
 Metaspace       used 5521K, capacity 6640K, committed 6784K, reserved 1056768K
  class space    used 580K, capacity 616K, committed 640K, reserved 1048576K
}
Event: 1.128 GC heap before
{Heap before GC invocations=9 (full 0):
 PSYoungGen      total 9728K, used 9536K [0x00000000eab00000, 0x00000000eb800000, 0x0000000100000000)
  eden space 7680K, 100% used [0x00000000eab00000,0x00000000eb280000,0x00000000eb280000)
  from space 2048K, 90% used [0x00000000eb500000,0x00000000eb6d0018,0x00000000eb700000)
  to   space 2560K, 0% used [0x00000000eb280000,0x00000000eb280000,0x00000000eb500000)
 ParOldGen       total 96768K, used 1991K [0x00000000c0000000, 0x00000000c5e80000, 0x00000000eab00000)
  object space 96768K, 2% used [0x00000000c0000000,0x00000000c01f1c98,0x00000000c5e80000)
 Metaspace       used 5636K, capacity 6768K, committed 7040K, reserved 1056768K
  class space    used 584K, capacity 616K, committed 640K, reserved 1048576K
Event: 1.135 GC heap after
Heap after GC invocations=9 (full 0):
 PSYoungGen      total 10240K, used 2544K [0x00000000eab00000, 0x00000000ebd00000, 0x0000000100000000)
  eden space 7680K, 0% used [0x00000000eab00000,0x00000000eab00000,0x00000000eb280000)
  from space 2560K, 99% used [0x00000000eb280000,0x00000000eb4fc028,0x00000000eb500000)
  to   space 3072K, 0% used [0x00000000eba00000,0x00000000eba00000,0x00000000ebd00000)
 ParOldGen       total 96768K, used 2368K [0x00000000c0000000, 0x00000000c5e80000, 0x00000000eab00000)
  object space 96768K, 2% used [0x00000000c0000000,0x00000000c0250060,0x00000000c5e80000)
 Metaspace       used 5636K, capacity 6768K, committed 7040K, reserved 1056768K
  class space    used 584K, capacity 616K, committed 640K, reserved 1048576K
}
Event: 1.591 GC heap before
{Heap before GC invocations=10 (full 0):
 PSYoungGen      total 10240K, used 10224K [0x00000000eab00000, 0x00000000ebd00000, 0x0000000100000000)
  eden space 7680K, 100% used [0x00000000eab00000,0x00000000eb280000,0x00000000eb280000)
  from space 2560K, 99% used [0x00000000eb280000,0x00000000eb4fc028,0x00000000eb500000)
  to   space 3072K, 0% used [0x00000000eba00000,0x00000000eba00000,0x00000000ebd00000)
 ParOldGen       total 96768K, used 2368K [0x00000000c0000000, 0x00000000c5e80000, 0x00000000eab00000)
  object space 96768K, 2% used [0x00000000c0000000,0x00000000c0250060,0x00000000c5e80000)
 Metaspace       used 5771K, capacity 6896K, committed 7040K, reserved 1056768K
  class space    used 584K, capacity 616K, committed 640K, reserved 1048576K
Event: 1.597 GC heap after
Heap after GC invocations=10 (full 0):
 PSYoungGen      total 15360K, used 2432K [0x00000000eab00000, 0x00000000ebd00000, 0x0000000100000000)
  eden space 12288K, 0% used [0x00000000eab00000,0x00000000eab00000,0x00000000eb700000)
  from space 3072K, 79% used [0x00000000eba00000,0x00000000ebc60000,0x00000000ebd00000)
  to   space 3072K, 0% used [0x00000000eb700000,0x00000000eb700000,0x00000000eba00000)
 ParOldGen       total 96768K, used 3698K [0x00000000c0000000, 0x00000000c5e80000, 0x00000000eab00000)
  object space 96768K, 3% used [0x00000000c0000000,0x00000000c039cab0,0x00000000c5e80000)
 Metaspace       used 5771K, capacity 6896K, committed 7040K, reserved 1056768K
  class space    used 584K, capacity 616K, committed 640K, reserved 1048576K
}
Event: 1.771 GC heap before
{Heap before GC invocations=11 (full 0):
 PSYoungGen      total 15360K, used 14720K [0x00000000eab00000, 0x00000000ebd00000, 0x0000000100000000)
  eden space 12288K, 100% used [0x00000000eab00000,0x00000000eb700000,0x00000000eb700000)
  from space 3072K, 79% used [0x00000000eba00000,0x00000000ebc60000,0x00000000ebd00000)
  to   space 3072K, 0% used [0x00000000eb700000,0x00000000eb700000,0x00000000eba00000)
 ParOldGen       total 96768K, used 3698K [0x00000000c0000000, 0x00000000c5e80000, 0x00000000eab00000)
  object space 96768K, 3% used [0x00000000c0000000,0x00000000c039cab0,0x00000000c5e80000)
 Metaspace       used 5827K, capacity 6960K, committed 7040K, reserved 1056768K
  class space    used 585K, capacity 616K, committed 640K, reserved 1048576K
Event: 1.786 GC heap after
Heap after GC invocations=11 (full 0):
 PSYoungGen      total 15360K, used 2560K [0x00000000eab00000, 0x00000000ec580000, 0x0000000100000000)
  eden space 12288K, 0% used [0x00000000eab00000,0x00000000eab00000,0x00000000eb700000)
  from space 3072K, 83% used [0x00000000eb700000,0x00000000eb980010,0x00000000eba00000)
  to   space 3584K, 0% used [0x00000000ec200000,0x00000000ec200000,0x00000000ec580000)
 ParOldGen       total 96768K, used 5906K [0x00000000c0000000, 0x00000000c5e80000, 0x00000000eab00000)
  object space 96768K, 6% used [0x00000000c0000000,0x00000000c05c4b38,0x00000000c5e80000)
 Metaspace       used 5827K, capacity 6960K, committed 7040K, reserved 1056768K
  class space    used 585K, capacity 616K, committed 640K, reserved 1048576K
}

Deoptimization events (10 events):
Event: 1.644 Thread 0x0000000016776800 Uncommon trap: reason=bimorphic action=maybe_recompile pc=0x00000000027705b8 method=com.android.dx.cf.code.BytecodeArray.parseInstruction(ILcom/android/dx/cf/code/BytecodeArray$Visitor;)I @ 1161
Event: 1.644 Thread 0x0000000016776800 Uncommon trap: reason=bimorphic action=maybe_recompile pc=0x0000000002770070 method=com.android.dx.cf.code.BytecodeArray.parseInstruction(ILcom/android/dx/cf/code/BytecodeArray$Visitor;)I @ 907
Event: 1.644 Thread 0x0000000016776800 Uncommon trap: reason=bimorphic action=maybe_recompile pc=0x0000000002770398 method=com.android.dx.cf.code.BytecodeArray.parseInstruction(ILcom/android/dx/cf/code/BytecodeArray$Visitor;)I @ 1035
Event: 1.644 Thread 0x0000000016776800 Uncommon trap: reason=bimorphic action=maybe_recompile pc=0x00000000027700f0 method=com.android.dx.cf.code.BytecodeArray.parseInstruction(ILcom/android/dx/cf/code/BytecodeArray$Visitor;)I @ 923
Event: 1.645 Thread 0x0000000016776800 Uncommon trap: reason=bimorphic action=maybe_recompile pc=0x00000000027706b0 method=com.android.dx.cf.code.BytecodeArray.parseInstruction(ILcom/android/dx/cf/code/BytecodeArray$Visitor;)I @ 1224
Event: 1.645 Thread 0x0000000016776800 Uncommon trap: reason=bimorphic action=maybe_recompile pc=0x0000000002770170 method=com.android.dx.cf.code.BytecodeArray.parseInstruction(ILcom/android/dx/cf/code/BytecodeArray$Visitor;)I @ 939
Event: 1.645 Thread 0x0000000016776800 Uncommon trap: reason=bimorphic action=maybe_recompile pc=0x00000000027706b0 method=com.android.dx.cf.code.BytecodeArray.parseInstruction(ILcom/android/dx/cf/code/BytecodeArray$Visitor;)I @ 1224
Event: 1.700 Thread 0x0000000016777000 Uncommon trap: reason=unreached action=reinterpret pc=0x000000000254610c method=com.android.dx.rop.code.LocalItem.hashCode()I @ 25
Event: 1.700 Thread 0x0000000016777000 Uncommon trap: reason=unreached action=reinterpret pc=0x0000000002500658 method=com.android.dx.rop.code.LocalItem.hashCode()I @ 25
Event: 1.769 Thread 0x0000000016798800 Uncommon trap: reason=unreached action=reinterpret pc=0x000000000254591c method=com.android.dx.rop.cst.Constant.compareTo(Lcom/android/dx/rop/cst/Constant;)I @ 12

Internal exceptions (10 events):
Event: 0.806 Thread 0x0000000016776800 Exception <a 'java/security/PrivilegedActionException'> (0x00000000eab9a958) thrown at [D:\re\workspace\8-2-build-windows-amd64-cygwin\jdk8u5\2488\hotspot\src\share\vm\prims\jvm.cpp, line 1248]
Event: 0.806 Thread 0x0000000016776800 Exception <a 'java/security/PrivilegedActionException'> (0x00000000eab9eb10) thrown at [D:\re\workspace\8-2-build-windows-amd64-cygwin\jdk8u5\2488\hotspot\src\share\vm\prims\jvm.cpp, line 1248]
Event: 0.811 Thread 0x0000000016776800 Exception <a 'java/security/PrivilegedActionException'> (0x00000000eabbacb0) thrown at [D:\re\workspace\8-2-build-windows-amd64-cygwin\jdk8u5\2488\hotspot\src\share\vm\prims\jvm.cpp, line 1248]
Event: 0.839 Thread 0x00000000007be000 Exception <a 'java/security/PrivilegedActionException'> (0x00000000eacde3b8) thrown at [D:\re\workspace\8-2-build-windows-amd64-cygwin\jdk8u5\2488\hotspot\src\share\vm\prims\jvm.cpp, line 1248]
Event: 0.889 Thread 0x0000000016777000 Exception <a 'java/security/PrivilegedActionException'> (0x00000000eae92260) thrown at [D:\re\workspace\8-2-build-windows-amd64-cygwin\jdk8u5\2488\hotspot\src\share\vm\prims\jvm.cpp, line 1248]
Event: 0.929 Thread 0x0000000016776800 Exception <a 'java/security/PrivilegedActionException'> (0x00000000eab17c38) thrown at [D:\re\workspace\8-2-build-windows-amd64-cygwin\jdk8u5\2488\hotspot\src\share\vm\prims\jvm.cpp, line 1248]
Event: 0.932 Thread 0x0000000016798800 Exception <a 'java/security/PrivilegedActionException'> (0x00000000eab39ff0) thrown at [D:\re\workspace\8-2-build-windows-amd64-cygwin\jdk8u5\2488\hotspot\src\share\vm\prims\jvm.cpp, line 1248]
Event: 1.320 Thread 0x0000000016776800 Implicit null exception at 0x00000000025db20c to 0x00000000025dc5b1
Event: 1.644 Thread 0x0000000016776800 Exception <a 'java/security/PrivilegedActionException'> (0x00000000eaef5890) thrown at [D:\re\workspace\8-2-build-windows-amd64-cygwin\jdk8u5\2488\hotspot\src\share\vm\prims\jvm.cpp, line 1248]
Event: 1.697 Thread 0x00000000007be000 Exception <a 'java/security/PrivilegedActionException'> (0x00000000eb2d3568) thrown at [D:\re\workspace\8-2-build-windows-amd64-cygwin\jdk8u5\2488\hotspot\src\share\vm\prims\jvm.cpp, line 1248]

Events (10 events):
Event: 1.700 Thread 0x0000000016777000 DEOPT PACKING pc=0x000000000254610c sp=0x000000001736e470
Event: 1.700 Thread 0x0000000016777000 DEOPT UNPACKING pc=0x00000000022855af sp=0x000000001736e2d8 mode 2
Event: 1.700 Thread 0x0000000016777000 Uncommon trap: trap_request=0xffffffad fr.pc=0x0000000002500658
Event: 1.700 Thread 0x0000000016777000 DEOPT PACKING pc=0x0000000002500658 sp=0x000000001736e4b0
Event: 1.700 Thread 0x0000000016777000 DEOPT UNPACKING pc=0x00000000022855af sp=0x000000001736e3e8 mode 2
Event: 1.769 Thread 0x0000000016798800 Uncommon trap: trap_request=0xffffffad fr.pc=0x000000000254591c
Event: 1.769 Thread 0x0000000016798800 DEOPT PACKING pc=0x000000000254591c sp=0x000000001746e270
Event: 1.769 Thread 0x0000000016798800 DEOPT UNPACKING pc=0x00000000022855af sp=0x000000001746e210 mode 2
Event: 1.771 Executing VM operation: ParallelGCFailedAllocation
Event: 1.787 Executing VM operation: ParallelGCFailedAllocation done


Dynamic libraries:
0x00007ff61aea0000 - 0x00007ff61aed4000 	C:\Program Files\Java\jdk1.8.0_05\bin\java.exe
0x00007fff40d70000 - 0x00007fff40f31000 	C:\WINDOWS\SYSTEM32\ntdll.dll
0x00007fff40ac0000 - 0x00007fff40b6d000 	C:\WINDOWS\system32\KERNEL32.DLL
0x00007fff3d420000 - 0x00007fff3d608000 	C:\WINDOWS\system32\KERNELBASE.dll
0x00007fff3e3b0000 - 0x00007fff3e457000 	C:\WINDOWS\system32\ADVAPI32.dll
0x00007fff3ee20000 - 0x00007fff3eebd000 	C:\WINDOWS\system32\msvcrt.dll
0x00007fff3e350000 - 0x00007fff3e3ab000 	C:\WINDOWS\system32\sechost.dll
0x00007fff40780000 - 0x00007fff4089c000 	C:\WINDOWS\system32\RPCRT4.dll
0x00007fff40620000 - 0x00007fff40776000 	C:\WINDOWS\system32\USER32.dll
0x00007fff40be0000 - 0x00007fff40d66000 	C:\WINDOWS\system32\GDI32.dll
0x00007fff330b0000 - 0x00007fff33324000 	C:\WINDOWS\WinSxS\amd64_microsoft.windows.common-controls_6595b64144ccf1df_6.0.10586.0_none_8c15ae12515e1c22\COMCTL32.dll
0x00007fff3ea40000 - 0x00007fff3ecbd000 	C:\WINDOWS\system32\combase.dll
0x00007fff3dd90000 - 0x00007fff3ddfa000 	C:\WINDOWS\system32\bcryptPrimitives.dll
0x00007fff3ef50000 - 0x00007fff3ef8b000 	C:\WINDOWS\system32\IMM32.DLL
0x000000006e5f0000 - 0x000000006e6c2000 	C:\Program Files\Java\jdk1.8.0_05\jre\bin\msvcr100.dll
0x000000006ea70000 - 0x000000006f29a000 	C:\Program Files\Java\jdk1.8.0_05\jre\bin\server\jvm.dll
0x00007fff3e330000 - 0x00007fff3e338000 	C:\WINDOWS\system32\PSAPI.DLL
0x00007fff2a850000 - 0x00007fff2a859000 	C:\WINDOWS\SYSTEM32\WSOCK32.dll
0x00007fff3eec0000 - 0x00007fff3ef2b000 	C:\WINDOWS\system32\WS2_32.dll
0x00007fff3ba60000 - 0x00007fff3ba83000 	C:\WINDOWS\SYSTEM32\WINMM.dll
0x00007fff3ba30000 - 0x00007fff3ba5c000 	C:\WINDOWS\SYSTEM32\WINMMBASE.dll
0x00007fff3d610000 - 0x00007fff3d653000 	C:\WINDOWS\system32\cfgmgr32.dll
0x000000006ea60000 - 0x000000006ea6f000 	C:\Program Files\Java\jdk1.8.0_05\jre\bin\verify.dll
0x000000006ea30000 - 0x000000006ea58000 	C:\Program Files\Java\jdk1.8.0_05\jre\bin\java.dll
0x000000006ea10000 - 0x000000006ea26000 	C:\Program Files\Java\jdk1.8.0_05\jre\bin\zip.dll
0x00007fff3eff0000 - 0x00007fff4054c000 	C:\WINDOWS\system32\SHELL32.dll
0x00007fff3d740000 - 0x00007fff3dd84000 	C:\WINDOWS\system32\windows.storage.dll
0x00007fff3ef90000 - 0x00007fff3efe2000 	C:\WINDOWS\system32\shlwapi.dll
0x00007fff3d410000 - 0x00007fff3d41f000 	C:\WINDOWS\system32\kernel.appcore.dll
0x00007fff3d660000 - 0x00007fff3d715000 	C:\WINDOWS\system32\shcore.dll
0x00007fff3d3c0000 - 0x00007fff3d40b000 	C:\WINDOWS\system32\powrprof.dll
0x00007fff3d3a0000 - 0x00007fff3d3b4000 	C:\WINDOWS\system32\profapi.dll
0x00007fff36900000 - 0x00007fff36a8c000 	C:\WINDOWS\SYSTEM32\dbghelp.dll

VM Arguments:
jvm_args: -Djava.awt.headless=true -Xmx1024M -Dfile.encoding=windows-1251 -Duser.country=RU -Duser.language=ru -Duser.variant 
java_command: com.android.dx.command.Main --dex --force-jumbo --num-threads=4 --output D:\work\grannyOS\app\build\intermediates\pre-dexed\debug\com.android.support-support-v4-23.3.0_26f77e7ad30ce3e55db0577a30aa46b9e3800850.jar D:\work\grannyOS\app\build\intermediates\exploded-aar\com.android.support\support-v4\23.3.0\jars\classes.jar
java_class_path (initial): D:\work\workProject\build-tools\23.0.0\lib\dx.jar
Launcher Type: SUN_STANDARD

Environment Variables:
JAVA_HOME=C:\Program Files\Java\jdk1.8.0_05\
PATH=C:\ProgramData\Oracle\Java\javapath;C:\Program Files (x86)\NVIDIA Corporation\PhysX\Common;12-4-2013 ;D:\program\RR\.\ClearQuest;C:\Program Files (x86)\Rational\ClearQuest;C:\Program Files\Java\jdk1.8.0_05\bin\;C:\Program Files (x86)\ATI Technologies\ATI.ACE\Core-Static;C:\Ruby21\bin;C:\WINDOWS\system32;C:\WINDOWS;C:\WINDOWS\System32\Wbem;C:\WINDOWS\System32\WindowsPowerShell\v1.0\;C:\Program Files (x86)\AMD\ATI.ACE\Core-Static;C:\Program Files (x86)\Intel\OpenCL SDK\2.0\bin\x86;C:\Program Files (x86)\Intel\OpenCL SDK\2.0\bin\x64;C:\Program Files\Git\cmd;C:\Program Files (x86)\Skype\Phone\;C:\Program Files (x86)\Intel\OpenCL SDK\2.0\bin\x86;C:\Program Files (x86)\Intel\OpenCL SDK\2.0\bin\x64;C:\Ruby21-x64\bin;C:\BC5\BIN
USERNAME=Алексей
SHELL=D:\PROGRAM\RR\.\RATION~1\NUTCROOT\mksnt\sh.exe
DISPLAY=:0.0
OS=Windows_NT
PROCESSOR_IDENTIFIER=Intel64 Family 6 Model 42 Stepping 7, GenuineIntel



---------------  S Y S T E M  ---------------

OS: Windows 8.1 , 64 bit Build 9600 

CPU:total 4 (2 cores per cpu, 2 threads per core) family 6 model 42 stepping 7, cmov, cx8, fxsr, mmx, sse, sse2, sse3, ssse3, sse4.1, sse4.2, popcnt, avx, aes, clmul, ht, tsc, tscinvbit

Memory: 4k page, physical 6172256k(916120k free), swap 6172256k(5740k free)

vm_info: Java HotSpot(TM) 64-Bit Server VM (25.5-b02) for windows-amd64 JRE (1.8.0_05-b13), built on Mar 18 2014 01:08:39 by "java_re" with MS VC++ 10.0 (VS2010)

time: Fri Jun 03 14:35:32 2016
elapsed time: 1 seconds

