#
# There is insufficient memory for the Java Runtime Environment to continue.
# Native memory allocation (malloc) failed to allocate 293296 bytes for Chunk::new
# Possible reasons:
#   The system is out of physical RAM or swap space
#   In 32 bit mode, the process size limit was hit
# Possible solutions:
#   Reduce memory load on the system
#   Increase physical memory or swap space
#   Check if swap backing store is full
#   Use 64 bit Java on a 64 bit OS
#   Decrease Java heap size (-Xmx/-Xms)
#   Decrease number of Java threads
#   Decrease Java thread stack sizes (-Xss)
#   Set larger code cache with -XX:ReservedCodeCacheSize=
# This output file may be truncated or incomplete.
#
#  Out of Memory Error (allocation.cpp:388), pid=7300, tid=7960
#
# JRE version: Java(TM) SE Runtime Environment (8.0_05-b13) (build 1.8.0_05-b13)
# Java VM: Java HotSpot(TM) 64-Bit Server VM (25.5-b02 mixed mode windows-amd64 compressed oops)
# Failed to write core dump. Minidumps are not enabled by default on client versions of Windows
#

---------------  T H R E A D  ---------------

Current thread (0x000000001490c000):  JavaThread "C2 CompilerThread0" daemon [_thread_in_native, id=7960, stack(0x0000000015e60000,0x0000000015f60000)]

Stack: [0x0000000015e60000,0x0000000015f60000]
Native frames: (J=compiled Java code, j=interpreted, Vv=VM code, C=native code)
V  [jvm.dll+0x308dea]


Current CompileTask:
C2:   5753 1476       4       com.android.dx.ssa.back.SsaToRop$1::visitBlock (97 bytes)


---------------  P R O C E S S  ---------------

Java Threads: ( => current thread )
  0x00000000165b2000 JavaThread "pool-1-thread-4" [_thread_blocked, id=3472, stack(0x0000000016b60000,0x0000000016c60000)]
  0x00000000165b1800 JavaThread "pool-1-thread-3" [_thread_blocked, id=4224, stack(0x0000000016a60000,0x0000000016b60000)]
  0x00000000165b0800 JavaThread "pool-1-thread-2" [_thread_in_Java, id=7180, stack(0x0000000016960000,0x0000000016a60000)]
  0x00000000165b0000 JavaThread "pool-2-thread-1" [_thread_blocked, id=3552, stack(0x0000000016860000,0x0000000016960000)]
  0x00000000165ad000 JavaThread "pool-1-thread-1" [_thread_in_vm, id=864, stack(0x0000000016760000,0x0000000016860000)]
  0x0000000014964000 JavaThread "Service Thread" daemon [_thread_blocked, id=7308, stack(0x0000000016160000,0x0000000016260000)]
  0x0000000014960000 JavaThread "C1 CompilerThread2" daemon [_thread_blocked, id=7292, stack(0x0000000016060000,0x0000000016160000)]
  0x000000001495d800 JavaThread "C2 CompilerThread1" daemon [_thread_in_native, id=868, stack(0x0000000015f60000,0x0000000016060000)]
=>0x000000001490c000 JavaThread "C2 CompilerThread0" daemon [_thread_in_native, id=7960, stack(0x0000000015e60000,0x0000000015f60000)]
  0x000000001490b000 JavaThread "Attach Listener" daemon [_thread_blocked, id=2872, stack(0x0000000015d60000,0x0000000015e60000)]
  0x000000001490a000 JavaThread "Signal Dispatcher" daemon [_thread_blocked, id=8116, stack(0x0000000015c60000,0x0000000015d60000)]
  0x000000000222f000 JavaThread "Finalizer" daemon [_thread_blocked, id=6376, stack(0x0000000015b60000,0x0000000015c60000)]
  0x00000000148d7800 JavaThread "Reference Handler" daemon [_thread_blocked, id=7264, stack(0x0000000015a60000,0x0000000015b60000)]
  0x000000000203e000 JavaThread "main" [_thread_in_vm, id=7372, stack(0x0000000001f20000,0x0000000002020000)]

Other Threads:
  0x00000000148d6800 VMThread [stack: 0x0000000015960000,0x0000000015a60000] [id=7376]
  0x0000000014967000 WatcherThread [stack: 0x0000000016260000,0x0000000016360000] [id=2164]

VM state:not at safepoint (normal execution)

VM Mutex/Monitor currently owned by a thread: None

Heap:
 PSYoungGen      total 23552K, used 3852K [0x00000000eab00000, 0x00000000ec580000, 0x0000000100000000)
  eden space 19968K, 8% used [0x00000000eab00000,0x00000000eaca3298,0x00000000ebe80000)
  from space 3584K, 60% used [0x00000000ec200000,0x00000000ec420010,0x00000000ec580000)
  to   space 3584K, 0% used [0x00000000ebe80000,0x00000000ebe80000,0x00000000ec200000)
 ParOldGen       total 96768K, used 7917K [0x00000000c0000000, 0x00000000c5e80000, 0x00000000eab00000)
  object space 96768K, 8% used [0x00000000c0000000,0x00000000c07bb4e0,0x00000000c5e80000)
 Metaspace       used 5780K, capacity 6896K, committed 7040K, reserved 1056768K
  class space    used 583K, capacity 616K, committed 640K, reserved 1048576K

Card table byte_map: [0x0000000011600000,0x0000000011810000] byte_map_base: 0x0000000011000000

Marking Bits: (ParMarkBitMap*) 0x000000006f2213b0
 Begin Bits: [0x0000000011d70000, 0x0000000012d70000)
 End Bits:   [0x0000000012d70000, 0x0000000013d70000)

Polling page: 0x0000000000460000

CodeCache: size=245760Kb used=6033Kb max_used=6033Kb free=239726Kb
 bounds [0x0000000002240000, 0x0000000002830000, 0x0000000011240000]
 total_blobs=1733 nmethods=1470 adapters=177
 compilation: enabled

Compilation events (10 events):
Event: 5.205 Thread 0x000000001490c000 nmethod 1431 0x00000000027a0750 code [0x00000000027a0880, 0x00000000027a08f8]
Event: 5.205 Thread 0x000000001490c000 1425       4       com.android.dx.rop.code.RegisterSpecList::<init> (6 bytes)
Event: 5.205 Thread 0x0000000014960000 1477       3       com.android.dx.dex.code.DalvCode::<init> (68 bytes)
Event: 5.206 Thread 0x0000000014960000 nmethod 1477 0x000000000281b150 code [0x000000000281b2e0, 0x000000000281b6b8]
Event: 5.740 Thread 0x000000001490c000 nmethod 1425 0x000000000281add0 code [0x000000000281af20, 0x000000000281b058]
Event: 5.740 Thread 0x000000001490c000 1476       4       com.android.dx.ssa.back.SsaToRop$1::visitBlock (97 bytes)
Event: 5.742 Thread 0x0000000014960000 1479       3       com.android.dx.dex.cf.CfTranslator::translate0 (259 bytes)
Event: 5.746 Thread 0x0000000014960000 nmethod 1479 0x0000000002824790 code [0x0000000002824c20, 0x0000000002827ae8]
Event: 5.747 Thread 0x0000000014960000 1480       3       com.android.dx.cf.code.ByteCatchList::get (9 bytes)
Event: 5.747 Thread 0x0000000014960000 nmethod 1480 0x0000000002824290 code [0x0000000002824400, 0x00000000028246e8]

GC Heap History (10 events):
Event: 3.078 GC heap before
{Heap before GC invocations=8 (full 0):
 PSYoungGen      total 5632K, used 5603K [0x00000000eab00000, 0x00000000eb700000, 0x0000000100000000)
  eden space 4096K, 100% used [0x00000000eab00000,0x00000000eaf00000,0x00000000eaf00000)
  from space 1536K, 98% used [0x00000000eaf00000,0x00000000eb078e58,0x00000000eb080000)
  to   space 2048K, 0% used [0x00000000eb500000,0x00000000eb500000,0x00000000eb700000)
 ParOldGen       total 96768K, used 1727K [0x00000000c0000000, 0x00000000c5e80000, 0x00000000eab00000)
  object space 96768K, 1% used [0x00000000c0000000,0x00000000c01afec8,0x00000000c5e80000)
 Metaspace       used 5473K, capacity 6640K, committed 6784K, reserved 1056768K
  class space    used 579K, capacity 616K, committed 640K, reserved 1048576K
Event: 3.247 GC heap after
Heap after GC invocations=8 (full 0):
 PSYoungGen      total 9728K, used 2016K [0x00000000eab00000, 0x00000000eb800000, 0x0000000100000000)
  eden space 7680K, 0% used [0x00000000eab00000,0x00000000eab00000,0x00000000eb280000)
  from space 2048K, 98% used [0x00000000eb500000,0x00000000eb6f8018,0x00000000eb700000)
  to   space 2560K, 0% used [0x00000000eb280000,0x00000000eb280000,0x00000000eb500000)
 ParOldGen       total 96768K, used 1899K [0x00000000c0000000, 0x00000000c5e80000, 0x00000000eab00000)
  object space 96768K, 1% used [0x00000000c0000000,0x00000000c01dad18,0x00000000c5e80000)
 Metaspace       used 5473K, capacity 6640K, committed 6784K, reserved 1056768K
  class space    used 579K, capacity 616K, committed 640K, reserved 1048576K
}
Event: 3.723 GC heap before
{Heap before GC invocations=9 (full 0):
 PSYoungGen      total 9728K, used 9696K [0x00000000eab00000, 0x00000000eb800000, 0x0000000100000000)
  eden space 7680K, 100% used [0x00000000eab00000,0x00000000eb280000,0x00000000eb280000)
  from space 2048K, 98% used [0x00000000eb500000,0x00000000eb6f8018,0x00000000eb700000)
  to   space 2560K, 0% used [0x00000000eb280000,0x00000000eb280000,0x00000000eb500000)
 ParOldGen       total 96768K, used 1899K [0x00000000c0000000, 0x00000000c5e80000, 0x00000000eab00000)
  object space 96768K, 1% used [0x00000000c0000000,0x00000000c01dad18,0x00000000c5e80000)
 Metaspace       used 5621K, capacity 6768K, committed 7040K, reserved 1056768K
  class space    used 582K, capacity 616K, committed 640K, reserved 1048576K
Event: 3.777 GC heap after
Heap after GC invocations=9 (full 0):
 PSYoungGen      total 10240K, used 2528K [0x00000000eab00000, 0x00000000ebd00000, 0x0000000100000000)
  eden space 7680K, 0% used [0x00000000eab00000,0x00000000eab00000,0x00000000eb280000)
  from space 2560K, 98% used [0x00000000eb280000,0x00000000eb4f8018,0x00000000eb500000)
  to   space 3072K, 0% used [0x00000000eba00000,0x00000000eba00000,0x00000000ebd00000)
 ParOldGen       total 96768K, used 2603K [0x00000000c0000000, 0x00000000c5e80000, 0x00000000eab00000)
  object space 96768K, 2% used [0x00000000c0000000,0x00000000c028adc8,0x00000000c5e80000)
 Metaspace       used 5621K, capacity 6768K, committed 7040K, reserved 1056768K
  class space    used 582K, capacity 616K, committed 640K, reserved 1048576K
}
Event: 4.117 GC heap before
{Heap before GC invocations=10 (full 0):
 PSYoungGen      total 10240K, used 10208K [0x00000000eab00000, 0x00000000ebd00000, 0x0000000100000000)
  eden space 7680K, 100% used [0x00000000eab00000,0x00000000eb280000,0x00000000eb280000)
  from space 2560K, 98% used [0x00000000eb280000,0x00000000eb4f8018,0x00000000eb500000)
  to   space 3072K, 0% used [0x00000000eba00000,0x00000000eba00000,0x00000000ebd00000)
 ParOldGen       total 96768K, used 2603K [0x00000000c0000000, 0x00000000c5e80000, 0x00000000eab00000)
  object space 96768K, 2% used [0x00000000c0000000,0x00000000c028adc8,0x00000000c5e80000)
 Metaspace       used 5697K, capacity 6832K, committed 7040K, reserved 1056768K
  class space    used 583K, capacity 616K, committed 640K, reserved 1048576K
Event: 4.127 GC heap after
Heap after GC invocations=10 (full 0):
 PSYoungGen      total 15360K, used 2016K [0x00000000eab00000, 0x00000000ebd00000, 0x0000000100000000)
  eden space 12288K, 0% used [0x00000000eab00000,0x00000000eab00000,0x00000000eb700000)
  from space 3072K, 65% used [0x00000000eba00000,0x00000000ebbf8010,0x00000000ebd00000)
  to   space 3072K, 0% used [0x00000000eb700000,0x00000000eb700000,0x00000000eba00000)
 ParOldGen       total 96768K, used 4098K [0x00000000c0000000, 0x00000000c5e80000, 0x00000000eab00000)
  object space 96768K, 4% used [0x00000000c0000000,0x00000000c0400a48,0x00000000c5e80000)
 Metaspace       used 5697K, capacity 6832K, committed 7040K, reserved 1056768K
  class space    used 583K, capacity 616K, committed 640K, reserved 1048576K
}
Event: 4.924 GC heap before
{Heap before GC invocations=11 (full 0):
 PSYoungGen      total 15360K, used 14304K [0x00000000eab00000, 0x00000000ebd00000, 0x0000000100000000)
  eden space 12288K, 100% used [0x00000000eab00000,0x00000000eb700000,0x00000000eb700000)
  from space 3072K, 65% used [0x00000000eba00000,0x00000000ebbf8010,0x00000000ebd00000)
  to   space 3072K, 0% used [0x00000000eb700000,0x00000000eb700000,0x00000000eba00000)
 ParOldGen       total 96768K, used 4098K [0x00000000c0000000, 0x00000000c5e80000, 0x00000000eab00000)
  object space 96768K, 4% used [0x00000000c0000000,0x00000000c0400a48,0x00000000c5e80000)
 Metaspace       used 5731K, capacity 6896K, committed 7040K, reserved 1056768K
  class space    used 583K, capacity 616K, committed 640K, reserved 1048576K
Event: 5.076 GC heap after
Heap after GC invocations=11 (full 0):
 PSYoungGen      total 15360K, used 2272K [0x00000000eab00000, 0x00000000ec580000, 0x0000000100000000)
  eden space 12288K, 0% used [0x00000000eab00000,0x00000000eab00000,0x00000000eb700000)
  from space 3072K, 73% used [0x00000000eb700000,0x00000000eb938000,0x00000000eba00000)
  to   space 3584K, 0% used [0x00000000ec200000,0x00000000ec200000,0x00000000ec580000)
 ParOldGen       total 96768K, used 5928K [0x00000000c0000000, 0x00000000c5e80000, 0x00000000eab00000)
  object space 96768K, 6% used [0x00000000c0000000,0x00000000c05ca328,0x00000000c5e80000)
 Metaspace       used 5731K, capacity 6896K, committed 7040K, reserved 1056768K
  class space    used 583K, capacity 616K, committed 640K, reserved 1048576K
}
Event: 5.367 GC heap before
{Heap before GC invocations=12 (full 0):
 PSYoungGen      total 15360K, used 14560K [0x00000000eab00000, 0x00000000ec580000, 0x0000000100000000)
  eden space 12288K, 100% used [0x00000000eab00000,0x00000000eb700000,0x00000000eb700000)
  from space 3072K, 73% used [0x00000000eb700000,0x00000000eb938000,0x00000000eba00000)
  to   space 3584K, 0% used [0x00000000ec200000,0x00000000ec200000,0x00000000ec580000)
 ParOldGen       total 96768K, used 5928K [0x00000000c0000000, 0x00000000c5e80000, 0x00000000eab00000)
  object space 96768K, 6% used [0x00000000c0000000,0x00000000c05ca328,0x00000000c5e80000)
 Metaspace       used 5770K, capacity 6896K, committed 7040K, reserved 1056768K
  class space    used 583K, capacity 616K, committed 640K, reserved 1048576K
Event: 5.740 GC heap after
Heap after GC invocations=12 (full 0):
 PSYoungGen      total 23552K, used 2176K [0x00000000eab00000, 0x00000000ec580000, 0x0000000100000000)
  eden space 19968K, 0% used [0x00000000eab00000,0x00000000eab00000,0x00000000ebe80000)
  from space 3584K, 60% used [0x00000000ec200000,0x00000000ec420010,0x00000000ec580000)
  to   space 3584K, 0% used [0x00000000ebe80000,0x00000000ebe80000,0x00000000ec200000)
 ParOldGen       total 96768K, used 7917K [0x00000000c0000000, 0x00000000c5e80000, 0x00000000eab00000)
  object space 96768K, 8% used [0x00000000c0000000,0x00000000c07bb4e0,0x00000000c5e80000)
 Metaspace       used 5770K, capacity 6896K, committed 7040K, reserved 1056768K
  class space    used 583K, capacity 616K, committed 640K, reserved 1048576K
}

Deoptimization events (10 events):
Event: 3.827 Thread 0x00000000165b2000 Uncommon trap: reason=unreached action=reinterpret pc=0x0000000002615b1c method=com.android.dx.ssa.SsaMethod.updateOneDefinition(Lcom/android/dx/ssa/SsaInsn;Lcom/android/dx/rop/code/RegisterSpec;)V @ 4
Event: 4.780 Thread 0x00000000165b0800 Uncommon trap: reason=bimorphic action=maybe_recompile pc=0x000000000275d4ac method=com.android.dx.cf.code.BytecodeArray.parseInstruction(ILcom/android/dx/cf/code/BytecodeArray$Visitor;)I @ 2484
Event: 4.781 Thread 0x00000000165b0800 Uncommon trap: reason=bimorphic action=maybe_recompile pc=0x000000000275d4ac method=com.android.dx.cf.code.BytecodeArray.parseInstruction(ILcom/android/dx/cf/code/BytecodeArray$Visitor;)I @ 2484
Event: 5.091 Thread 0x00000000165b2000 Uncommon trap: reason=bimorphic action=maybe_recompile pc=0x000000000275d0f4 method=com.android.dx.cf.code.BytecodeArray.parseInstruction(ILcom/android/dx/cf/code/BytecodeArray$Visitor;)I @ 2281
Event: 5.091 Thread 0x00000000165b2000 Uncommon trap: reason=bimorphic action=maybe_recompile pc=0x000000000275d0f4 method=com.android.dx.cf.code.BytecodeArray.parseInstruction(ILcom/android/dx/cf/code/BytecodeArray$Visitor;)I @ 2281
Event: 5.103 Thread 0x00000000165b2000 Uncommon trap: reason=class_check action=maybe_recompile pc=0x000000000274c610 method=com.android.dx.ssa.SCCP.simulateBranch(Lcom/android/dx/ssa/SsaInsn;)V @ 145
Event: 5.104 Thread 0x00000000165b2000 Uncommon trap: reason=class_check action=maybe_recompile pc=0x000000000274c610 method=com.android.dx.ssa.SCCP.simulateBranch(Lcom/android/dx/ssa/SsaInsn;)V @ 145
Event: 5.104 Thread 0x00000000165b2000 Uncommon trap: reason=class_check action=maybe_recompile pc=0x000000000274c610 method=com.android.dx.ssa.SCCP.simulateBranch(Lcom/android/dx/ssa/SsaInsn;)V @ 145
Event: 5.104 Thread 0x00000000165b2000 Uncommon trap: reason=class_check action=maybe_recompile pc=0x000000000274c610 method=com.android.dx.ssa.SCCP.simulateBranch(Lcom/android/dx/ssa/SsaInsn;)V @ 145
Event: 5.201 Thread 0x00000000165b0800 Uncommon trap: reason=bimorphic action=maybe_recompile pc=0x00000000027e3ed4 method=com.android.dx.ssa.SCCP.setLatticeValueTo(IILcom/android/dx/rop/cst/Constant;)Z @ 43

Internal exceptions (10 events):
Event: 2.564 Thread 0x00000000165b0800 Exception <a 'java/security/PrivilegedActionException'> (0x00000000eab406c0) thrown at [D:\re\workspace\8-2-build-windows-amd64-cygwin\jdk8u5\2488\hotspot\src\share\vm\prims\jvm.cpp, line 1248]
Event: 2.565 Thread 0x00000000165b0800 Exception <a 'java/security/PrivilegedActionException'> (0x00000000eab45fa0) thrown at [D:\re\workspace\8-2-build-windows-amd64-cygwin\jdk8u5\2488\hotspot\src\share\vm\prims\jvm.cpp, line 1248]
Event: 2.566 Thread 0x00000000165b0800 Exception <a 'java/security/PrivilegedActionException'> (0x00000000eab4a160) thrown at [D:\re\workspace\8-2-build-windows-amd64-cygwin\jdk8u5\2488\hotspot\src\share\vm\prims\jvm.cpp, line 1248]
Event: 2.603 Thread 0x000000000203e000 Exception <a 'java/security/PrivilegedActionException'> (0x00000000ead43680) thrown at [D:\re\workspace\8-2-build-windows-amd64-cygwin\jdk8u5\2488\hotspot\src\share\vm\prims\jvm.cpp, line 1248]
Event: 3.248 Thread 0x00000000165ad000 Exception <a 'java/security/PrivilegedActionException'> (0x00000000eab2d0f0) thrown at [D:\re\workspace\8-2-build-windows-amd64-cygwin\jdk8u5\2488\hotspot\src\share\vm\prims\jvm.cpp, line 1248]
Event: 3.376 Thread 0x000000000203e000 Exception <a 'java/security/PrivilegedActionException'> (0x00000000eadcedd0) thrown at [D:\re\workspace\8-2-build-windows-amd64-cygwin\jdk8u5\2488\hotspot\src\share\vm\prims\jvm.cpp, line 1248]
Event: 3.377 Thread 0x000000000203e000 Exception <a 'java/security/PrivilegedActionException'> (0x00000000eadd13e8) thrown at [D:\re\workspace\8-2-build-windows-amd64-cygwin\jdk8u5\2488\hotspot\src\share\vm\prims\jvm.cpp, line 1248]
Event: 3.533 Thread 0x000000000203e000 Exception <a 'java/security/PrivilegedActionException'> (0x00000000eb196870) thrown at [D:\re\workspace\8-2-build-windows-amd64-cygwin\jdk8u5\2488\hotspot\src\share\vm\prims\jvm.cpp, line 1248]
Event: 3.827 Thread 0x00000000165b2000 Exception <a 'java/security/PrivilegedActionException'> (0x00000000ead6bda8) thrown at [D:\re\workspace\8-2-build-windows-amd64-cygwin\jdk8u5\2488\hotspot\src\share\vm\prims\jvm.cpp, line 1248]
Event: 4.778 Thread 0x00000000165b0800 Exception <a 'java/security/PrivilegedActionException'> (0x00000000eb32fbf0) thrown at [D:\re\workspace\8-2-build-windows-amd64-cygwin\jdk8u5\2488\hotspot\src\share\vm\prims\jvm.cpp, line 1248]

Events (10 events):
Event: 5.104 Thread 0x00000000165b2000 DEOPT PACKING pc=0x000000000274c610 sp=0x0000000016c5e940
Event: 5.104 Thread 0x00000000165b2000 DEOPT UNPACKING pc=0x00000000022855af sp=0x0000000016c5e8d8 mode 2
Event: 5.104 Thread 0x00000000165b2000 Uncommon trap: trap_request=0xffffffde fr.pc=0x000000000274c610
Event: 5.104 Thread 0x00000000165b2000 DEOPT PACKING pc=0x000000000274c610 sp=0x0000000016c5e870
Event: 5.104 Thread 0x00000000165b2000 DEOPT UNPACKING pc=0x00000000022855af sp=0x0000000016c5e808 mode 2
Event: 5.201 Thread 0x00000000165b0800 Uncommon trap: trap_request=0xffffffc6 fr.pc=0x00000000027e3ed4
Event: 5.201 Thread 0x00000000165b0800 DEOPT PACKING pc=0x00000000027e3ed4 sp=0x0000000016a5e950
Event: 5.201 Thread 0x00000000165b0800 DEOPT UNPACKING pc=0x00000000022855af sp=0x0000000016a5e8c8 mode 2
Event: 5.206 Executing VM operation: ParallelGCFailedAllocation
Event: 5.740 Executing VM operation: ParallelGCFailedAllocation done


Dynamic libraries:
0x00007ff61aea0000 - 0x00007ff61aed4000 	C:\Program Files\Java\jdk1.8.0_05\bin\java.exe
0x00007fff40d70000 - 0x00007fff40f31000 	C:\WINDOWS\SYSTEM32\ntdll.dll
0x00007fff40ac0000 - 0x00007fff40b6d000 	C:\WINDOWS\system32\KERNEL32.DLL
0x00007fff3d420000 - 0x00007fff3d608000 	C:\WINDOWS\system32\KERNELBASE.dll
0x00007fff3e3b0000 - 0x00007fff3e457000 	C:\WINDOWS\system32\ADVAPI32.dll
0x00007fff3ee20000 - 0x00007fff3eebd000 	C:\WINDOWS\system32\msvcrt.dll
0x00007fff3e350000 - 0x00007fff3e3ab000 	C:\WINDOWS\system32\sechost.dll
0x00007fff40780000 - 0x00007fff4089c000 	C:\WINDOWS\system32\RPCRT4.dll
0x00007fff40620000 - 0x00007fff40776000 	C:\WINDOWS\system32\USER32.dll
0x00007fff40be0000 - 0x00007fff40d66000 	C:\WINDOWS\system32\GDI32.dll
0x00007fff330b0000 - 0x00007fff33324000 	C:\WINDOWS\WinSxS\amd64_microsoft.windows.common-controls_6595b64144ccf1df_6.0.10586.0_none_8c15ae12515e1c22\COMCTL32.dll
0x00007fff3ea40000 - 0x00007fff3ecbd000 	C:\WINDOWS\system32\combase.dll
0x00007fff3dd90000 - 0x00007fff3ddfa000 	C:\WINDOWS\system32\bcryptPrimitives.dll
0x00007fff3ef50000 - 0x00007fff3ef8b000 	C:\WINDOWS\system32\IMM32.DLL
0x000000006e5f0000 - 0x000000006e6c2000 	C:\Program Files\Java\jdk1.8.0_05\jre\bin\msvcr100.dll
0x000000006ea70000 - 0x000000006f29a000 	C:\Program Files\Java\jdk1.8.0_05\jre\bin\server\jvm.dll
0x00007fff3e330000 - 0x00007fff3e338000 	C:\WINDOWS\system32\PSAPI.DLL
0x00007fff2a850000 - 0x00007fff2a859000 	C:\WINDOWS\SYSTEM32\WSOCK32.dll
0x00007fff3eec0000 - 0x00007fff3ef2b000 	C:\WINDOWS\system32\WS2_32.dll
0x00007fff3ba60000 - 0x00007fff3ba83000 	C:\WINDOWS\SYSTEM32\WINMM.dll
0x00007fff3ba30000 - 0x00007fff3ba5c000 	C:\WINDOWS\SYSTEM32\WINMMBASE.dll
0x00007fff3d610000 - 0x00007fff3d653000 	C:\WINDOWS\system32\cfgmgr32.dll
0x000000006ea60000 - 0x000000006ea6f000 	C:\Program Files\Java\jdk1.8.0_05\jre\bin\verify.dll
0x000000006ea30000 - 0x000000006ea58000 	C:\Program Files\Java\jdk1.8.0_05\jre\bin\java.dll
0x000000006ea10000 - 0x000000006ea26000 	C:\Program Files\Java\jdk1.8.0_05\jre\bin\zip.dll
0x00007fff3eff0000 - 0x00007fff4054c000 	C:\WINDOWS\system32\SHELL32.dll
0x00007fff3d740000 - 0x00007fff3dd84000 	C:\WINDOWS\system32\windows.storage.dll
0x00007fff3ef90000 - 0x00007fff3efe2000 	C:\WINDOWS\system32\shlwapi.dll
0x00007fff3d410000 - 0x00007fff3d41f000 	C:\WINDOWS\system32\kernel.appcore.dll
0x00007fff3d660000 - 0x00007fff3d715000 	C:\WINDOWS\system32\shcore.dll
0x00007fff3d3c0000 - 0x00007fff3d40b000 	C:\WINDOWS\system32\powrprof.dll
0x00007fff3d3a0000 - 0x00007fff3d3b4000 	C:\WINDOWS\system32\profapi.dll

VM Arguments:
jvm_args: -Djava.awt.headless=true -Xmx1024M -Dfile.encoding=windows-1251 -Duser.country=RU -Duser.language=ru -Duser.variant 
java_command: com.android.dx.command.Main --dex --force-jumbo --num-threads=4 --output D:\work\grannyOS\app\build\intermediates\pre-dexed\debug\com.google.android.gms-play-services-base-9.0.1_ae8094c2a59a52a95bdae5f18da580d3c2a5a2fa.jar D:\work\grannyOS\app\build\intermediates\exploded-aar\com.google.android.gms\play-services-base\9.0.1\jars\classes.jar
java_class_path (initial): D:\work\workProject\build-tools\23.0.0\lib\dx.jar
Launcher Type: SUN_STANDARD

Environment Variables:
JAVA_HOME=C:\Program Files\Java\jdk1.8.0_05\
PATH=C:\ProgramData\Oracle\Java\javapath;C:\Program Files (x86)\NVIDIA Corporation\PhysX\Common;12-4-2013 ;D:\program\RR\.\ClearQuest;C:\Program Files (x86)\Rational\ClearQuest;C:\Program Files\Java\jdk1.8.0_05\bin\;C:\Program Files (x86)\ATI Technologies\ATI.ACE\Core-Static;C:\Ruby21\bin;C:\WINDOWS\system32;C:\WINDOWS;C:\WINDOWS\System32\Wbem;C:\WINDOWS\System32\WindowsPowerShell\v1.0\;C:\Program Files (x86)\AMD\ATI.ACE\Core-Static;C:\Program Files (x86)\Intel\OpenCL SDK\2.0\bin\x86;C:\Program Files (x86)\Intel\OpenCL SDK\2.0\bin\x64;C:\Program Files\Git\cmd;C:\Program Files (x86)\Skype\Phone\;C:\Program Files (x86)\Intel\OpenCL SDK\2.0\bin\x86;C:\Program Files (x86)\Intel\OpenCL SDK\2.0\bin\x64;C:\Ruby21-x64\bin;C:\BC5\BIN
USERNAME=Алексей
SHELL=D:\PROGRAM\RR\.\RATION~1\NUTCROOT\mksnt\sh.exe
DISPLAY=:0.0
OS=Windows_NT
PROCESSOR_IDENTIFIER=Intel64 Family 6 Model 42 Stepping 7, GenuineIntel



---------------  S Y S T E M  ---------------

OS: Windows 8.1 , 64 bit Build 9600 

CPU:total 4 (2 cores per cpu, 2 threads per core) family 6 model 42 stepping 7, cmov, cx8, fxsr, mmx, sse, sse2, sse3, ssse3, sse4.1, sse4.2, popcnt, avx, aes, clmul, ht, tsc, tscinvbit

Memory: 4k page, physical 6172256k(958720k free), swap 6172256k(1860k free)

vm_info: Java HotSpot(TM) 64-Bit Server VM (25.5-b02) for windows-amd64 JRE (1.8.0_05-b13), built on Mar 18 2014 01:08:39 by "java_re" with MS VC++ 10.0 (VS2010)

time: Fri Jun 03 13:50:47 2016
elapsed time: 5 seconds

