#
# There is insufficient memory for the Java Runtime Environment to continue.
# Native memory allocation (malloc) failed to allocate 1438496 bytes for Chunk::new
# Possible reasons:
#   The system is out of physical RAM or swap space
#   In 32 bit mode, the process size limit was hit
# Possible solutions:
#   Reduce memory load on the system
#   Increase physical memory or swap space
#   Check if swap backing store is full
#   Use 64 bit Java on a 64 bit OS
#   Decrease Java heap size (-Xmx/-Xms)
#   Decrease number of Java threads
#   Decrease Java thread stack sizes (-Xss)
#   Set larger code cache with -XX:ReservedCodeCacheSize=
# This output file may be truncated or incomplete.
#
#  Out of Memory Error (allocation.cpp:388), pid=7460, tid=6692
#
# JRE version: Java(TM) SE Runtime Environment (8.0_05-b13) (build 1.8.0_05-b13)
# Java VM: Java HotSpot(TM) 64-Bit Server VM (25.5-b02 mixed mode windows-amd64 compressed oops)
# Failed to write core dump. Minidumps are not enabled by default on client versions of Windows
#

---------------  T H R E A D  ---------------

Current thread (0x0000000014949000):  JavaThread "C2 CompilerThread1" daemon [_thread_in_native, id=6692, stack(0x0000000015f60000,0x0000000016060000)]

Stack: [0x0000000015f60000,0x0000000016060000]
Native frames: (J=compiled Java code, j=interpreted, Vv=VM code, C=native code)
V  [jvm.dll+0x308dea]
V  [jvm.dll+0x25def1]
V  [jvm.dll+0x25eb0f]
V  [jvm.dll+0x2564e5]
V  [jvm.dll+0xbcfc5]
V  [jvm.dll+0xbd45c]
V  [jvm.dll+0x44d422]
V  [jvm.dll+0x48e13f]
V  [jvm.dll+0x44293e]
V  [jvm.dll+0x44366b]
V  [jvm.dll+0x427532]
V  [jvm.dll+0x96702]
V  [jvm.dll+0x96ef3]
V  [jvm.dll+0x2232c4]
V  [jvm.dll+0x27baca]
C  [msvcr100.dll+0x21d9f]
C  [msvcr100.dll+0x21e3b]
C  [KERNEL32.DLL+0x18102]
C  [ntdll.dll+0x5c5b4]


Current CompileTask:
C2:   3026 1203       4       com.android.dx.dex.code.OutputFinisher::addConstants (93 bytes)


---------------  P R O C E S S  ---------------

Java Threads: ( => current thread )
  0x000000001496b000 JavaThread "Service Thread" daemon [_thread_blocked, id=7324, stack(0x0000000016160000,0x0000000016260000)]
  0x0000000014963800 JavaThread "C1 CompilerThread2" daemon [_thread_blocked, id=5752, stack(0x0000000016060000,0x0000000016160000)]
=>0x0000000014949000 JavaThread "C2 CompilerThread1" daemon [_thread_in_native, id=6692, stack(0x0000000015f60000,0x0000000016060000)]
  0x000000001490c000 JavaThread "C2 CompilerThread0" daemon [_thread_blocked, id=3624, stack(0x0000000015e60000,0x0000000015f60000)]
  0x000000001490b000 JavaThread "Attach Listener" daemon [_thread_blocked, id=7628, stack(0x0000000015d60000,0x0000000015e60000)]
  0x0000000014909800 JavaThread "Signal Dispatcher" daemon [_thread_blocked, id=6412, stack(0x0000000015c60000,0x0000000015d60000)]
  0x000000000222f000 JavaThread "Finalizer" daemon [_thread_blocked, id=864, stack(0x0000000015b60000,0x0000000015c60000)]
  0x00000000148d7800 JavaThread "Reference Handler" daemon [_thread_blocked, id=5108, stack(0x0000000015a60000,0x0000000015b60000)]
  0x000000000211e000 JavaThread "main" [_thread_in_vm, id=2832, stack(0x0000000002010000,0x0000000002110000)]

Other Threads:
  0x00000000148d6800 VMThread [stack: 0x0000000015960000,0x0000000015a60000] [id=4476]
  0x000000001496e800 WatcherThread [stack: 0x0000000016660000,0x0000000016760000] [id=7448]

VM state:not at safepoint (normal execution)

VM Mutex/Monitor currently owned by a thread: None

Heap:
 PSYoungGen      total 10240K, used 3188K [0x00000000eab00000, 0x00000000eb800000, 0x0000000100000000)
  eden space 7680K, 9% used [0x00000000eab00000,0x00000000eabb9020,0x00000000eb280000)
  from space 2560K, 95% used [0x00000000eb280000,0x00000000eb4e4028,0x00000000eb500000)
  to   space 2048K, 0% used [0x00000000eb500000,0x00000000eb500000,0x00000000eb700000)
 ParOldGen       total 96768K, used 2295K [0x00000000c0000000, 0x00000000c5e80000, 0x00000000eab00000)
  object space 96768K, 2% used [0x00000000c0000000,0x00000000c023dc20,0x00000000c5e80000)
 Metaspace       used 5680K, capacity 6832K, committed 7040K, reserved 1056768K
  class space    used 587K, capacity 616K, committed 640K, reserved 1048576K

Card table byte_map: [0x0000000011600000,0x0000000011810000] byte_map_base: 0x0000000011000000

Marking Bits: (ParMarkBitMap*) 0x000000006f2213b0
 Begin Bits: [0x0000000011d70000, 0x0000000012d70000)
 End Bits:   [0x0000000012d70000, 0x0000000013d70000)

Polling page: 0x0000000000450000

CodeCache: size=245760Kb used=4729Kb max_used=4729Kb free=241031Kb
 bounds [0x0000000002240000, 0x00000000026f0000, 0x0000000011240000]
 total_blobs=1507 nmethods=1243 adapters=178
 compilation: enabled

Compilation events (10 events):
Event: 2.953 Thread 0x0000000014963800 1244       3       com.android.dx.dex.file.StringIdItem::addContents (36 bytes)
Event: 2.954 Thread 0x0000000014963800 nmethod 1244 0x00000000026e0350 code [0x00000000026e0520, 0x00000000026e0e18]
Event: 2.954 Thread 0x0000000014963800 1245       3       com.android.dx.dex.file.StringDataItem::<init> (15 bytes)
Event: 2.954 Thread 0x0000000014963800 nmethod 1245 0x00000000026e1390 code [0x00000000026e1540, 0x00000000026e1ba8]
Event: 2.954 Thread 0x0000000014963800 1246       3       com.android.dx.dex.file.StringDataItem::addContents (1 bytes)
Event: 2.954 Thread 0x0000000014963800 nmethod 1246 0x00000000026e1f10 code [0x00000000026e2060, 0x00000000026e21b0]
Event: 2.956 Thread 0x0000000014963800 1247       3       com.android.dx.dex.file.CodeItem::itemType (4 bytes)
Event: 2.956 Thread 0x0000000014963800 nmethod 1247 0x00000000026e2250 code [0x00000000026e23a0, 0x00000000026e24f0]
Event: 2.956 Thread 0x0000000014963800 1248       3       java.lang.Enum::compareTo (44 bytes)
Event: 2.956 Thread 0x0000000014963800 nmethod 1248 0x00000000026e2590 code [0x00000000026e2740, 0x00000000026e3008]

GC Heap History (10 events):
Event: 1.271 GC heap before
{Heap before GC invocations=5 (full 0):
 PSYoungGen      total 2560K, used 2520K [0x00000000eab00000, 0x00000000eae00000, 0x0000000100000000)
  eden space 2048K, 99% used [0x00000000eab00000,0x00000000eacfc508,0x00000000ead00000)
  from space 512K, 95% used [0x00000000ead80000,0x00000000eadf9c50,0x00000000eae00000)
  to   space 512K, 0% used [0x00000000ead00000,0x00000000ead00000,0x00000000ead80000)
 ParOldGen       total 96768K, used 871K [0x00000000c0000000, 0x00000000c5e80000, 0x00000000eab00000)
  object space 96768K, 0% used [0x00000000c0000000,0x00000000c00d9fa0,0x00000000c5e80000)
 Metaspace       used 4213K, capacity 5584K, committed 5760K, reserved 1056768K
  class space    used 476K, capacity 520K, committed 640K, reserved 1048576K
Event: 1.323 GC heap after
Heap after GC invocations=5 (full 0):
 PSYoungGen      total 2560K, used 512K [0x00000000eab00000, 0x00000000eb200000, 0x0000000100000000)
  eden space 2048K, 0% used [0x00000000eab00000,0x00000000eab00000,0x00000000ead00000)
  from space 512K, 100% used [0x00000000ead00000,0x00000000ead80000,0x00000000ead80000)
  to   space 1536K, 0% used [0x00000000eb080000,0x00000000eb080000,0x00000000eb200000)
 ParOldGen       total 96768K, used 1502K [0x00000000c0000000, 0x00000000c5e80000, 0x00000000eab00000)
  object space 96768K, 1% used [0x00000000c0000000,0x00000000c0177858,0x00000000c5e80000)
 Metaspace       used 4213K, capacity 5584K, committed 5760K, reserved 1056768K
  class space    used 476K, capacity 520K, committed 640K, reserved 1048576K
}
Event: 1.539 GC heap before
{Heap before GC invocations=6 (full 0):
 PSYoungGen      total 2560K, used 2560K [0x00000000eab00000, 0x00000000eb200000, 0x0000000100000000)
  eden space 2048K, 100% used [0x00000000eab00000,0x00000000ead00000,0x00000000ead00000)
  from space 512K, 100% used [0x00000000ead00000,0x00000000ead80000,0x00000000ead80000)
  to   space 1536K, 0% used [0x00000000eb080000,0x00000000eb080000,0x00000000eb200000)
 ParOldGen       total 96768K, used 1502K [0x00000000c0000000, 0x00000000c5e80000, 0x00000000eab00000)
  object space 96768K, 1% used [0x00000000c0000000,0x00000000c0177858,0x00000000c5e80000)
 Metaspace       used 4874K, capacity 6096K, committed 6272K, reserved 1056768K
  class space    used 546K, capacity 584K, committed 640K, reserved 1048576K
Event: 1.628 GC heap after
Heap after GC invocations=6 (full 0):
 PSYoungGen      total 5632K, used 1149K [0x00000000eab00000, 0x00000000eb200000, 0x0000000100000000)
  eden space 4096K, 0% used [0x00000000eab00000,0x00000000eab00000,0x00000000eaf00000)
  from space 1536K, 74% used [0x00000000eb080000,0x00000000eb19f618,0x00000000eb200000)
  to   space 1536K, 0% used [0x00000000eaf00000,0x00000000eaf00000,0x00000000eb080000)
 ParOldGen       total 96768K, used 1510K [0x00000000c0000000, 0x00000000c5e80000, 0x00000000eab00000)
  object space 96768K, 1% used [0x00000000c0000000,0x00000000c0179858,0x00000000c5e80000)
 Metaspace       used 4874K, capacity 6096K, committed 6272K, reserved 1056768K
  class space    used 546K, capacity 584K, committed 640K, reserved 1048576K
}
Event: 2.066 GC heap before
{Heap before GC invocations=7 (full 0):
 PSYoungGen      total 5632K, used 5245K [0x00000000eab00000, 0x00000000eb200000, 0x0000000100000000)
  eden space 4096K, 100% used [0x00000000eab00000,0x00000000eaf00000,0x00000000eaf00000)
  from space 1536K, 74% used [0x00000000eb080000,0x00000000eb19f618,0x00000000eb200000)
  to   space 1536K, 0% used [0x00000000eaf00000,0x00000000eaf00000,0x00000000eb080000)
 ParOldGen       total 96768K, used 1510K [0x00000000c0000000, 0x00000000c5e80000, 0x00000000eab00000)
  object space 96768K, 1% used [0x00000000c0000000,0x00000000c0179858,0x00000000c5e80000)
 Metaspace       used 5328K, capacity 6512K, committed 6784K, reserved 1056768K
  class space    used 577K, capacity 616K, committed 640K, reserved 1048576K
Event: 2.070 GC heap after
Heap after GC invocations=7 (full 0):
 PSYoungGen      total 5632K, used 1533K [0x00000000eab00000, 0x00000000eb700000, 0x0000000100000000)
  eden space 4096K, 0% used [0x00000000eab00000,0x00000000eab00000,0x00000000eaf00000)
  from space 1536K, 99% used [0x00000000eaf00000,0x00000000eb07f630,0x00000000eb080000)
  to   space 2048K, 0% used [0x00000000eb500000,0x00000000eb500000,0x00000000eb700000)
 ParOldGen       total 96768K, used 1794K [0x00000000c0000000, 0x00000000c5e80000, 0x00000000eab00000)
  object space 96768K, 1% used [0x00000000c0000000,0x00000000c01c0a50,0x00000000c5e80000)
 Metaspace       used 5328K, capacity 6512K, committed 6784K, reserved 1056768K
  class space    used 577K, capacity 616K, committed 640K, reserved 1048576K
}
Event: 2.206 GC heap before
{Heap before GC invocations=8 (full 0):
 PSYoungGen      total 5632K, used 5629K [0x00000000eab00000, 0x00000000eb700000, 0x0000000100000000)
  eden space 4096K, 100% used [0x00000000eab00000,0x00000000eaf00000,0x00000000eaf00000)
  from space 1536K, 99% used [0x00000000eaf00000,0x00000000eb07f630,0x00000000eb080000)
  to   space 2048K, 0% used [0x00000000eb500000,0x00000000eb500000,0x00000000eb700000)
 ParOldGen       total 96768K, used 1794K [0x00000000c0000000, 0x00000000c5e80000, 0x00000000eab00000)
  object space 96768K, 1% used [0x00000000c0000000,0x00000000c01c0a50,0x00000000c5e80000)
 Metaspace       used 5445K, capacity 6640K, committed 6784K, reserved 1056768K
  class space    used 578K, capacity 616K, committed 640K, reserved 1048576K
Event: 2.334 GC heap after
Heap after GC invocations=8 (full 0):
 PSYoungGen      total 9728K, used 1757K [0x00000000eab00000, 0x00000000eb800000, 0x0000000100000000)
  eden space 7680K, 0% used [0x00000000eab00000,0x00000000eab00000,0x00000000eb280000)
  from space 2048K, 85% used [0x00000000eb500000,0x00000000eb6b7630,0x00000000eb700000)
  to   space 2560K, 0% used [0x00000000eb280000,0x00000000eb280000,0x00000000eb500000)
 ParOldGen       total 96768K, used 2017K [0x00000000c0000000, 0x00000000c5e80000, 0x00000000eab00000)
  object space 96768K, 2% used [0x00000000c0000000,0x00000000c01f85c8,0x00000000c5e80000)
 Metaspace       used 5445K, capacity 6640K, committed 6784K, reserved 1056768K
  class space    used 578K, capacity 616K, committed 640K, reserved 1048576K
}
Event: 2.839 GC heap before
{Heap before GC invocations=9 (full 0):
 PSYoungGen      total 9728K, used 9437K [0x00000000eab00000, 0x00000000eb800000, 0x0000000100000000)
  eden space 7680K, 100% used [0x00000000eab00000,0x00000000eb280000,0x00000000eb280000)
  from space 2048K, 85% used [0x00000000eb500000,0x00000000eb6b7630,0x00000000eb700000)
  to   space 2560K, 0% used [0x00000000eb280000,0x00000000eb280000,0x00000000eb500000)
 ParOldGen       total 96768K, used 2017K [0x00000000c0000000, 0x00000000c5e80000, 0x00000000eab00000)
  object space 96768K, 2% used [0x00000000c0000000,0x00000000c01f85c8,0x00000000c5e80000)
 Metaspace       used 5580K, capacity 6768K, committed 7040K, reserved 1056768K
  class space    used 579K, capacity 616K, committed 640K, reserved 1048576K
Event: 2.867 GC heap after
Heap after GC invocations=9 (full 0):
 PSYoungGen      total 10240K, used 2448K [0x00000000eab00000, 0x00000000eb800000, 0x0000000100000000)
  eden space 7680K, 0% used [0x00000000eab00000,0x00000000eab00000,0x00000000eb280000)
  from space 2560K, 95% used [0x00000000eb280000,0x00000000eb4e4028,0x00000000eb500000)
  to   space 2048K, 0% used [0x00000000eb500000,0x00000000eb500000,0x00000000eb700000)
 ParOldGen       total 96768K, used 2295K [0x00000000c0000000, 0x00000000c5e80000, 0x00000000eab00000)
  object space 96768K, 2% used [0x00000000c0000000,0x00000000c023dc20,0x00000000c5e80000)
 Metaspace       used 5580K, capacity 6768K, committed 7040K, reserved 1056768K
  class space    used 579K, capacity 616K, committed 640K, reserved 1048576K
}

Deoptimization events (10 events):
Event: 2.888 Thread 0x000000000211e000 Uncommon trap: reason=class_check action=maybe_recompile pc=0x0000000002641fd0 method=java.util.Arrays.hashCode([Ljava/lang/Object;)I @ 43
Event: 2.888 Thread 0x000000000211e000 Uncommon trap: reason=class_check action=maybe_recompile pc=0x0000000002641fd0 method=java.util.Arrays.hashCode([Ljava/lang/Object;)I @ 43
Event: 2.889 Thread 0x000000000211e000 Uncommon trap: reason=class_check action=maybe_recompile pc=0x0000000002643380 method=java.util.Arrays.hashCode([Ljava/lang/Object;)I @ 43
Event: 2.897 Thread 0x000000000211e000 Uncommon trap: reason=class_check action=maybe_recompile pc=0x00000000026225b4 method=java.util.HashMap.putVal(ILjava/lang/Object;Ljava/lang/Object;ZZ)Ljava/lang/Object; @ 203
Event: 2.897 Thread 0x000000000211e000 Uncommon trap: reason=class_check action=maybe_recompile pc=0x00000000026225b4 method=java.util.HashMap.putVal(ILjava/lang/Object;Ljava/lang/Object;ZZ)Ljava/lang/Object; @ 203
Event: 2.897 Thread 0x000000000211e000 Uncommon trap: reason=class_check action=maybe_recompile pc=0x00000000026225b4 method=java.util.HashMap.putVal(ILjava/lang/Object;Ljava/lang/Object;ZZ)Ljava/lang/Object; @ 203
Event: 2.897 Thread 0x000000000211e000 Uncommon trap: reason=class_check action=maybe_recompile pc=0x00000000026225b4 method=java.util.HashMap.putVal(ILjava/lang/Object;Ljava/lang/Object;ZZ)Ljava/lang/Object; @ 203
Event: 2.929 Thread 0x000000000211e000 Uncommon trap: reason=bimorphic action=maybe_recompile pc=0x000000000246a2cc method=java.util.HashMap.getNode(ILjava/lang/Object;)Ljava/util/HashMap$Node; @ 126
Event: 2.945 Thread 0x000000000211e000 Uncommon trap: reason=bimorphic action=maybe_recompile pc=0x000000000246a2cc method=java.util.HashMap.getNode(ILjava/lang/Object;)Ljava/util/HashMap$Node; @ 126
Event: 2.945 Thread 0x000000000211e000 Uncommon trap: reason=bimorphic action=maybe_recompile pc=0x000000000246a2cc method=java.util.HashMap.getNode(ILjava/lang/Object;)Ljava/util/HashMap$Node; @ 126

Internal exceptions (10 events):
Event: 1.849 Thread 0x0000000016435000 Exception <a 'java/security/PrivilegedActionException'> (0x00000000eac80cb0) thrown at [D:\re\workspace\8-2-build-windows-amd64-cygwin\jdk8u5\2488\hotspot\src\share\vm\prims\jvm.cpp, line 1248]
Event: 1.942 Thread 0x000000000211e000 Exception <a 'java/security/PrivilegedActionException'> (0x00000000eae6e5c8) thrown at [D:\re\workspace\8-2-build-windows-amd64-cygwin\jdk8u5\2488\hotspot\src\share\vm\prims\jvm.cpp, line 1248]
Event: 1.951 Thread 0x000000000211e000 Exception <a 'java/security/PrivilegedActionException'> (0x00000000eaec16f8) thrown at [D:\re\workspace\8-2-build-windows-amd64-cygwin\jdk8u5\2488\hotspot\src\share\vm\prims\jvm.cpp, line 1248]
Event: 2.440 Thread 0x00000000164a9800 Implicit null exception at 0x000000000252ad62 to 0x000000000252ae52
Event: 2.543 Thread 0x00000000163cc800 Exception <a 'java/security/PrivilegedActionException'> (0x00000000eb0ace68) thrown at [D:\re\workspace\8-2-build-windows-amd64-cygwin\jdk8u5\2488\hotspot\src\share\vm\prims\jvm.cpp, line 1248]
Event: 2.887 Thread 0x000000000211e000 Exception <a 'java/security/PrivilegedActionException'> (0x00000000eab4dd20) thrown at [D:\re\workspace\8-2-build-windows-amd64-cygwin\jdk8u5\2488\hotspot\src\share\vm\prims\jvm.cpp, line 1248]
Event: 2.895 Thread 0x000000000211e000 Exception <a 'java/security/PrivilegedActionException'> (0x00000000eab592d8) thrown at [D:\re\workspace\8-2-build-windows-amd64-cygwin\jdk8u5\2488\hotspot\src\share\vm\prims\jvm.cpp, line 1248]
Event: 2.932 Thread 0x000000000211e000 Exception <a 'java/security/PrivilegedActionException'> (0x00000000eab91528) thrown at [D:\re\workspace\8-2-build-windows-amd64-cygwin\jdk8u5\2488\hotspot\src\share\vm\prims\jvm.cpp, line 1248]
Event: 2.948 Thread 0x000000000211e000 Exception <a 'java/security/PrivilegedActionException'> (0x00000000eaba8a58) thrown at [D:\re\workspace\8-2-build-windows-amd64-cygwin\jdk8u5\2488\hotspot\src\share\vm\prims\jvm.cpp, line 1248]
Event: 2.955 Thread 0x000000000211e000 Exception <a 'java/security/PrivilegedActionException'> (0x00000000eabb0ae8) thrown at [D:\re\workspace\8-2-build-windows-amd64-cygwin\jdk8u5\2488\hotspot\src\share\vm\prims\jvm.cpp, line 1248]

Events (10 events):
Event: 2.945 Thread 0x000000000211e000 DEOPT UNPACKING pc=0x00000000022855af sp=0x000000000210f0f8 mode 2
Event: 2.945 Thread 0x000000000211e000 Uncommon trap: trap_request=0xffffffc6 fr.pc=0x000000000246a2cc
Event: 2.945 Thread 0x000000000211e000 DEOPT PACKING pc=0x000000000246a2cc sp=0x000000000210f1d0
Event: 2.945 Thread 0x000000000211e000 DEOPT UNPACKING pc=0x00000000022855af sp=0x000000000210f0f8 mode 2
Event: 2.948 loading class com/android/dex/Leb128
Event: 2.948 loading class com/android/dex/Leb128 done
Event: 2.955 loading class java/util/Collections$1
Event: 2.955 loading class java/util/Collections$1 done
Event: 2.955 loading class com/android/dx/dex/file/MixedItemSection$2
Event: 2.955 loading class com/android/dx/dex/file/MixedItemSection$2 done


Dynamic libraries:
0x00007ff61aea0000 - 0x00007ff61aed4000 	C:\Program Files\Java\jdk1.8.0_05\bin\java.exe
0x00007fff40d70000 - 0x00007fff40f31000 	C:\WINDOWS\SYSTEM32\ntdll.dll
0x00007fff40ac0000 - 0x00007fff40b6d000 	C:\WINDOWS\system32\KERNEL32.DLL
0x00007fff3d420000 - 0x00007fff3d608000 	C:\WINDOWS\system32\KERNELBASE.dll
0x00007fff3e3b0000 - 0x00007fff3e457000 	C:\WINDOWS\system32\ADVAPI32.dll
0x00007fff3ee20000 - 0x00007fff3eebd000 	C:\WINDOWS\system32\msvcrt.dll
0x00007fff3e350000 - 0x00007fff3e3ab000 	C:\WINDOWS\system32\sechost.dll
0x00007fff40780000 - 0x00007fff4089c000 	C:\WINDOWS\system32\RPCRT4.dll
0x00007fff40620000 - 0x00007fff40776000 	C:\WINDOWS\system32\USER32.dll
0x00007fff40be0000 - 0x00007fff40d66000 	C:\WINDOWS\system32\GDI32.dll
0x00007fff330b0000 - 0x00007fff33324000 	C:\WINDOWS\WinSxS\amd64_microsoft.windows.common-controls_6595b64144ccf1df_6.0.10586.0_none_8c15ae12515e1c22\COMCTL32.dll
0x00007fff3ea40000 - 0x00007fff3ecbd000 	C:\WINDOWS\system32\combase.dll
0x00007fff3dd90000 - 0x00007fff3ddfa000 	C:\WINDOWS\system32\bcryptPrimitives.dll
0x00007fff3ef50000 - 0x00007fff3ef8b000 	C:\WINDOWS\system32\IMM32.DLL
0x000000006e5f0000 - 0x000000006e6c2000 	C:\Program Files\Java\jdk1.8.0_05\jre\bin\msvcr100.dll
0x000000006ea70000 - 0x000000006f29a000 	C:\Program Files\Java\jdk1.8.0_05\jre\bin\server\jvm.dll
0x00007fff3e330000 - 0x00007fff3e338000 	C:\WINDOWS\system32\PSAPI.DLL
0x00007fff2a850000 - 0x00007fff2a859000 	C:\WINDOWS\SYSTEM32\WSOCK32.dll
0x00007fff3eec0000 - 0x00007fff3ef2b000 	C:\WINDOWS\system32\WS2_32.dll
0x00007fff3ba60000 - 0x00007fff3ba83000 	C:\WINDOWS\SYSTEM32\WINMM.dll
0x00007fff3ba30000 - 0x00007fff3ba5c000 	C:\WINDOWS\SYSTEM32\WINMMBASE.dll
0x00007fff3d610000 - 0x00007fff3d653000 	C:\WINDOWS\system32\cfgmgr32.dll
0x000000006ea60000 - 0x000000006ea6f000 	C:\Program Files\Java\jdk1.8.0_05\jre\bin\verify.dll
0x000000006ea30000 - 0x000000006ea58000 	C:\Program Files\Java\jdk1.8.0_05\jre\bin\java.dll
0x000000006ea10000 - 0x000000006ea26000 	C:\Program Files\Java\jdk1.8.0_05\jre\bin\zip.dll
0x00007fff3eff0000 - 0x00007fff4054c000 	C:\WINDOWS\system32\SHELL32.dll
0x00007fff3d740000 - 0x00007fff3dd84000 	C:\WINDOWS\system32\windows.storage.dll
0x00007fff3ef90000 - 0x00007fff3efe2000 	C:\WINDOWS\system32\shlwapi.dll
0x00007fff3d410000 - 0x00007fff3d41f000 	C:\WINDOWS\system32\kernel.appcore.dll
0x00007fff3d660000 - 0x00007fff3d715000 	C:\WINDOWS\system32\shcore.dll
0x00007fff3d3c0000 - 0x00007fff3d40b000 	C:\WINDOWS\system32\powrprof.dll
0x00007fff3d3a0000 - 0x00007fff3d3b4000 	C:\WINDOWS\system32\profapi.dll
0x00007fff36900000 - 0x00007fff36a8c000 	C:\WINDOWS\SYSTEM32\dbghelp.dll

VM Arguments:
jvm_args: -Djava.awt.headless=true -Xmx1024M -Dfile.encoding=windows-1251 -Duser.country=RU -Duser.language=ru -Duser.variant 
java_command: com.android.dx.command.Main --dex --force-jumbo --num-threads=4 --output D:\work\grannyOS\app\build\intermediates\pre-dexed\debug\slf4j-api-1.7.13_bcd46d9485fde822e299e65b4cb3c39f9072e77c.jar C:\Users\Алексей\.gradle\caches\modules-2\files-2.1\org.slf4j\slf4j-api\1.7.13\7fcf30c25b8f4a9379b9dad0d3f487b25272c026\slf4j-api-1.7.13.jar
java_class_path (initial): D:\work\workProject\build-tools\23.0.0\lib\dx.jar
Launcher Type: SUN_STANDARD

Environment Variables:
JAVA_HOME=C:\Program Files\Java\jdk1.8.0_05\
PATH=C:\ProgramData\Oracle\Java\javapath;C:\Program Files (x86)\NVIDIA Corporation\PhysX\Common;12-4-2013 ;D:\program\RR\.\ClearQuest;C:\Program Files (x86)\Rational\ClearQuest;C:\Program Files\Java\jdk1.8.0_05\bin\;C:\Program Files (x86)\ATI Technologies\ATI.ACE\Core-Static;C:\Ruby21\bin;C:\WINDOWS\system32;C:\WINDOWS;C:\WINDOWS\System32\Wbem;C:\WINDOWS\System32\WindowsPowerShell\v1.0\;C:\Program Files (x86)\AMD\ATI.ACE\Core-Static;C:\Program Files (x86)\Intel\OpenCL SDK\2.0\bin\x86;C:\Program Files (x86)\Intel\OpenCL SDK\2.0\bin\x64;C:\Program Files\Git\cmd;C:\Program Files (x86)\Skype\Phone\;C:\Program Files (x86)\Intel\OpenCL SDK\2.0\bin\x86;C:\Program Files (x86)\Intel\OpenCL SDK\2.0\bin\x64;C:\Ruby21-x64\bin;C:\BC5\BIN
USERNAME=Алексей
SHELL=D:\PROGRAM\RR\.\RATION~1\NUTCROOT\mksnt\sh.exe
DISPLAY=:0.0
OS=Windows_NT
PROCESSOR_IDENTIFIER=Intel64 Family 6 Model 42 Stepping 7, GenuineIntel



---------------  S Y S T E M  ---------------

OS: Windows 8.1 , 64 bit Build 9600 

CPU:total 4 (2 cores per cpu, 2 threads per core) family 6 model 42 stepping 7, cmov, cx8, fxsr, mmx, sse, sse2, sse3, ssse3, sse4.1, sse4.2, popcnt, avx, aes, clmul, ht, tsc, tscinvbit

Memory: 4k page, physical 6172256k(894688k free), swap 6172256k(5124k free)

vm_info: Java HotSpot(TM) 64-Bit Server VM (25.5-b02) for windows-amd64 JRE (1.8.0_05-b13), built on Mar 18 2014 01:08:39 by "java_re" with MS VC++ 10.0 (VS2010)

time: Fri Jun 03 14:35:39 2016
elapsed time: 3 seconds

