#
# There is insufficient memory for the Java Runtime Environment to continue.
# Native memory allocation (malloc) failed to allocate 1855136 bytes for Chunk::new
# Possible reasons:
#   The system is out of physical RAM or swap space
#   In 32 bit mode, the process size limit was hit
# Possible solutions:
#   Reduce memory load on the system
#   Increase physical memory or swap space
#   Check if swap backing store is full
#   Use 64 bit Java on a 64 bit OS
#   Decrease Java heap size (-Xmx/-Xms)
#   Decrease number of Java threads
#   Decrease Java thread stack sizes (-Xss)
#   Set larger code cache with -XX:ReservedCodeCacheSize=
# This output file may be truncated or incomplete.
#
#  Out of Memory Error (allocation.cpp:388), pid=3600, tid=7620
#
# JRE version: Java(TM) SE Runtime Environment (8.0_05-b13) (build 1.8.0_05-b13)
# Java VM: Java HotSpot(TM) 64-Bit Server VM (25.5-b02 mixed mode windows-amd64 compressed oops)
# Failed to write core dump. Minidumps are not enabled by default on client versions of Windows
#

---------------  T H R E A D  ---------------

Current thread (0x00000000149bc000):  JavaThread "C2 CompilerThread0" daemon [_thread_in_native, id=7620, stack(0x0000000015f10000,0x0000000016010000)]

Stack: [0x0000000015f10000,0x0000000016010000]
Native frames: (J=compiled Java code, j=interpreted, Vv=VM code, C=native code)
V  [jvm.dll+0x308dea]
V  [jvm.dll+0x25def1]
V  [jvm.dll+0x25eb0f]
V  [jvm.dll+0x2564e5]
V  [jvm.dll+0xbcfc5]
V  [jvm.dll+0xbd45c]
V  [jvm.dll+0x44d422]
V  [jvm.dll+0x48e13f]
V  [jvm.dll+0x442464]
V  [jvm.dll+0x44366b]
V  [jvm.dll+0x427532]
V  [jvm.dll+0x96702]
V  [jvm.dll+0x96ef3]
V  [jvm.dll+0x2232c4]
V  [jvm.dll+0x27baca]
C  [msvcr100.dll+0x21d9f]
C  [msvcr100.dll+0x21e3b]
C  [KERNEL32.DLL+0x18102]
C  [ntdll.dll+0x5c5b4]


Current CompileTask:
C2:   8681 1834   !   4       com.android.dx.cf.cst.ConstantPoolParser::parse0 (731 bytes)


---------------  P R O C E S S  ---------------

Java Threads: ( => current thread )
  0x0000000016573800 JavaThread "pool-1-thread-4" [_thread_blocked, id=5232, stack(0x0000000016c10000,0x0000000016d10000)]
  0x0000000016572800 JavaThread "pool-1-thread-3" [_thread_blocked, id=7628, stack(0x0000000016b10000,0x0000000016c10000)]
  0x0000000016572000 JavaThread "pool-1-thread-2" [_thread_blocked, id=5944, stack(0x0000000016a10000,0x0000000016b10000)]
  0x0000000016571000 JavaThread "pool-2-thread-1" [_thread_blocked, id=6016, stack(0x0000000016910000,0x0000000016a10000)]
  0x000000001656c800 JavaThread "pool-1-thread-1" [_thread_blocked, id=1488, stack(0x0000000016810000,0x0000000016910000)]
  0x0000000014a1a800 JavaThread "Service Thread" daemon [_thread_blocked, id=5740, stack(0x0000000016210000,0x0000000016310000)]
  0x0000000014a10800 JavaThread "C1 CompilerThread2" daemon [_thread_blocked, id=4452, stack(0x0000000016110000,0x0000000016210000)]
  0x0000000014a05800 JavaThread "C2 CompilerThread1" daemon [_thread_blocked, id=6416, stack(0x0000000016010000,0x0000000016110000)]
=>0x00000000149bc000 JavaThread "C2 CompilerThread0" daemon [_thread_in_native, id=7620, stack(0x0000000015f10000,0x0000000016010000)]
  0x00000000149bb000 JavaThread "Attach Listener" daemon [_thread_blocked, id=7612, stack(0x0000000015e10000,0x0000000015f10000)]
  0x00000000149b9800 JavaThread "Signal Dispatcher" daemon [_thread_blocked, id=3776, stack(0x0000000015d10000,0x0000000015e10000)]
  0x00000000022df000 JavaThread "Finalizer" daemon [_thread_blocked, id=6744, stack(0x0000000015c10000,0x0000000015d10000)]
  0x0000000014987800 JavaThread "Reference Handler" daemon [_thread_blocked, id=4820, stack(0x0000000015b10000,0x0000000015c10000)]
  0x0000000001efe000 JavaThread "main" [_thread_blocked, id=1124, stack(0x0000000001ff0000,0x00000000020f0000)]

Other Threads:
  0x0000000014986800 VMThread [stack: 0x0000000015a10000,0x0000000015b10000] [id=3064]
  0x0000000014a1e800 WatcherThread [stack: 0x0000000016710000,0x0000000016810000] [id=2424]

VM state:at safepoint (normal execution)

VM Mutex/Monitor currently owned by a thread:  ([mutex/lock_event])
[0x0000000001efc570] Threads_lock - owner thread: 0x0000000014986800
[0x0000000001efc4f0] Heap_lock - owner thread: 0x0000000016573800

Heap:
 PSYoungGen      total 31232K, used 31155K [0x00000000eab00000, 0x00000000ecf00000, 0x0000000100000000)
  eden space 27136K, 100% used [0x00000000eab00000,0x00000000ec580000,0x00000000ec580000)
  from space 4096K, 98% used [0x00000000eca00000,0x00000000ecdecfe8,0x00000000ece00000)
  to   space 4608K, 64% used [0x00000000ec580000,0x00000000ec868010,0x00000000eca00000)
 ParOldGen       total 96768K, used 15196K [0x00000000c0000000, 0x00000000c5e80000, 0x00000000eab00000)
  object space 96768K, 15% used [0x00000000c0000000,0x00000000c0ed9240,0x00000000c5e80000)
 Metaspace       used 5903K, capacity 6960K, committed 7040K, reserved 1056768K
  class space    used 586K, capacity 616K, committed 640K, reserved 1048576K

Card table byte_map: [0x00000000116b0000,0x00000000118c0000] byte_map_base: 0x00000000110b0000

Marking Bits: (ParMarkBitMap*) 0x0000000067df13b0
 Begin Bits: [0x0000000011e20000, 0x0000000012e20000)
 End Bits:   [0x0000000012e20000, 0x0000000013e20000)

Polling page: 0x0000000000440000

CodeCache: size=245760Kb used=8032Kb max_used=8032Kb free=237727Kb
 bounds [0x00000000022f0000, 0x0000000002ae0000, 0x00000000112f0000]
 total_blobs=2088 nmethods=1823 adapters=178
 compilation: enabled

Compilation events (10 events):
Event: 8.539 Thread 0x0000000014a10800 1851   !   2       com.android.dx.dex.cf.AttributeTranslator::getClassAnnotations (135 bytes)
Event: 8.541 Thread 0x0000000014a10800 nmethod 1851 0x0000000002ac6510 code [0x0000000002ac6800, 0x0000000002ac7628]
Event: 8.541 Thread 0x0000000014a10800 1853   !   2       com.android.dx.dex.cf.CfTranslator::processMethods (583 bytes)
Event: 8.548 Thread 0x0000000014a10800 nmethod 1853 0x0000000002ac8350 code [0x0000000002ac8800, 0x0000000002ac9e48]
Event: 8.548 Thread 0x0000000014a10800 1852   !   2       com.android.dx.dex.cf.CfTranslator::processFields (251 bytes)
Event: 8.551 Thread 0x0000000014a10800 nmethod 1852 0x0000000002acd9d0 code [0x0000000002acdd20, 0x0000000002acea78]
Event: 8.555 Thread 0x0000000014a10800 1858       2       com.android.dx.cf.direct.DirectClassFile::makeTypeList (47 bytes)
Event: 8.555 Thread 0x0000000014a10800 nmethod 1858 0x0000000002aa1fd0 code [0x0000000002aa2140, 0x0000000002aa23d8]
Event: 8.555 Thread 0x0000000014a10800 1859       2       com.android.dx.util.ByteArray::getByte (14 bytes)
Event: 8.556 Thread 0x0000000014a10800 nmethod 1859 0x0000000002a9c4d0 code [0x0000000002a9c640, 0x0000000002a9c808]

GC Heap History (10 events):
Event: 3.682 GC heap before
{Heap before GC invocations=14 (full 0):
 PSYoungGen      total 9728K, used 9536K [0x00000000eab00000, 0x00000000ebb00000, 0x0000000100000000)
  eden space 8192K, 100% used [0x00000000eab00000,0x00000000eb300000,0x00000000eb300000)
  from space 1536K, 87% used [0x00000000eb300000,0x00000000eb450000,0x00000000eb480000)
  to   space 1536K, 0% used [0x00000000eb980000,0x00000000eb980000,0x00000000ebb00000)
 ParOldGen       total 96768K, used 4312K [0x00000000c0000000, 0x00000000c5e80000, 0x00000000eab00000)
  object space 96768K, 4% used [0x00000000c0000000,0x00000000c04360e0,0x00000000c5e80000)
 Metaspace       used 5805K, capacity 6896K, committed 7040K, reserved 1056768K
  class space    used 585K, capacity 616K, committed 640K, reserved 1048576K
Event: 3.738 GC heap after
Heap after GC invocations=14 (full 0):
 PSYoungGen      total 13824K, used 1504K [0x00000000eab00000, 0x00000000ebd00000, 0x0000000100000000)
  eden space 12288K, 0% used [0x00000000eab00000,0x00000000eab00000,0x00000000eb700000)
  from space 1536K, 97% used [0x00000000eb980000,0x00000000ebaf8010,0x00000000ebb00000)
  to   space 2560K, 0% used [0x00000000eb700000,0x00000000eb700000,0x00000000eb980000)
 ParOldGen       total 96768K, used 5588K [0x00000000c0000000, 0x00000000c5e80000, 0x00000000eab00000)
  object space 96768K, 5% used [0x00000000c0000000,0x00000000c0575218,0x00000000c5e80000)
 Metaspace       used 5805K, capacity 6896K, committed 7040K, reserved 1056768K
  class space    used 585K, capacity 616K, committed 640K, reserved 1048576K
}
Event: 4.982 GC heap before
{Heap before GC invocations=15 (full 0):
 PSYoungGen      total 13824K, used 13792K [0x00000000eab00000, 0x00000000ebd00000, 0x0000000100000000)
  eden space 12288K, 100% used [0x00000000eab00000,0x00000000eb700000,0x00000000eb700000)
  from space 1536K, 97% used [0x00000000eb980000,0x00000000ebaf8010,0x00000000ebb00000)
  to   space 2560K, 0% used [0x00000000eb700000,0x00000000eb700000,0x00000000eb980000)
 ParOldGen       total 96768K, used 5588K [0x00000000c0000000, 0x00000000c5e80000, 0x00000000eab00000)
  object space 96768K, 5% used [0x00000000c0000000,0x00000000c0575218,0x00000000c5e80000)
 Metaspace       used 5840K, capacity 6960K, committed 7040K, reserved 1056768K
  class space    used 585K, capacity 616K, committed 640K, reserved 1048576K
Event: 5.027 GC heap after
Heap after GC invocations=15 (full 0):
 PSYoungGen      total 14848K, used 2512K [0x00000000eab00000, 0x00000000ec380000, 0x0000000100000000)
  eden space 12288K, 0% used [0x00000000eab00000,0x00000000eab00000,0x00000000eb700000)
  from space 2560K, 98% used [0x00000000eb700000,0x00000000eb974050,0x00000000eb980000)
  to   space 2560K, 0% used [0x00000000ec100000,0x00000000ec100000,0x00000000ec380000)
 ParOldGen       total 96768K, used 6645K [0x00000000c0000000, 0x00000000c5e80000, 0x00000000eab00000)
  object space 96768K, 6% used [0x00000000c0000000,0x00000000c067d790,0x00000000c5e80000)
 Metaspace       used 5840K, capacity 6960K, committed 7040K, reserved 1056768K
  class space    used 585K, capacity 616K, committed 640K, reserved 1048576K
}
Event: 6.132 GC heap before
{Heap before GC invocations=16 (full 0):
 PSYoungGen      total 14848K, used 14800K [0x00000000eab00000, 0x00000000ec380000, 0x0000000100000000)
  eden space 12288K, 100% used [0x00000000eab00000,0x00000000eb700000,0x00000000eb700000)
  from space 2560K, 98% used [0x00000000eb700000,0x00000000eb974050,0x00000000eb980000)
  to   space 2560K, 0% used [0x00000000ec100000,0x00000000ec100000,0x00000000ec380000)
 ParOldGen       total 96768K, used 6645K [0x00000000c0000000, 0x00000000c5e80000, 0x00000000eab00000)
  object space 96768K, 6% used [0x00000000c0000000,0x00000000c067d790,0x00000000c5e80000)
 Metaspace       used 5848K, capacity 6960K, committed 7040K, reserved 1056768K
  class space    used 585K, capacity 616K, committed 640K, reserved 1048576K
Event: 6.369 GC heap after
Heap after GC invocations=16 (full 0):
 PSYoungGen      total 22016K, used 1760K [0x00000000eab00000, 0x00000000ec480000, 0x0000000100000000)
  eden space 19456K, 0% used [0x00000000eab00000,0x00000000eab00000,0x00000000ebe00000)
  from space 2560K, 68% used [0x00000000ec100000,0x00000000ec2b8000,0x00000000ec380000)
  to   space 3072K, 0% used [0x00000000ebe00000,0x00000000ebe00000,0x00000000ec100000)
 ParOldGen       total 96768K, used 8827K [0x00000000c0000000, 0x00000000c5e80000, 0x00000000eab00000)
  object space 96768K, 9% used [0x00000000c0000000,0x00000000c089ed30,0x00000000c5e80000)
 Metaspace       used 5848K, capacity 6960K, committed 7040K, reserved 1056768K
  class space    used 585K, capacity 616K, committed 640K, reserved 1048576K
}
Event: 6.931 GC heap before
{Heap before GC invocations=17 (full 0):
 PSYoungGen      total 22016K, used 21216K [0x00000000eab00000, 0x00000000ec480000, 0x0000000100000000)
  eden space 19456K, 100% used [0x00000000eab00000,0x00000000ebe00000,0x00000000ebe00000)
  from space 2560K, 68% used [0x00000000ec100000,0x00000000ec2b8000,0x00000000ec380000)
  to   space 3072K, 0% used [0x00000000ebe00000,0x00000000ebe00000,0x00000000ec100000)
 ParOldGen       total 96768K, used 8827K [0x00000000c0000000, 0x00000000c5e80000, 0x00000000eab00000)
  object space 96768K, 9% used [0x00000000c0000000,0x00000000c089ed30,0x00000000c5e80000)
 Metaspace       used 5871K, capacity 6960K, committed 7040K, reserved 1056768K
  class space    used 585K, capacity 616K, committed 640K, reserved 1048576K
Event: 7.114 GC heap after
Heap after GC invocations=17 (full 0):
 PSYoungGen      total 22528K, used 3058K [0x00000000eab00000, 0x00000000ece00000, 0x0000000100000000)
  eden space 19456K, 0% used [0x00000000eab00000,0x00000000eab00000,0x00000000ebe00000)
  from space 3072K, 99% used [0x00000000ebe00000,0x00000000ec0fca68,0x00000000ec100000)
  to   space 4096K, 0% used [0x00000000eca00000,0x00000000eca00000,0x00000000ece00000)
 ParOldGen       total 96768K, used 10960K [0x00000000c0000000, 0x00000000c5e80000, 0x00000000eab00000)
  object space 96768K, 11% used [0x00000000c0000000,0x00000000c0ab40d8,0x00000000c5e80000)
 Metaspace       used 5871K, capacity 6960K, committed 7040K, reserved 1056768K
  class space    used 585K, capacity 616K, committed 640K, reserved 1048576K
}
Event: 7.615 GC heap before
{Heap before GC invocations=18 (full 0):
 PSYoungGen      total 22528K, used 22514K [0x00000000eab00000, 0x00000000ece00000, 0x0000000100000000)
  eden space 19456K, 100% used [0x00000000eab00000,0x00000000ebe00000,0x00000000ebe00000)
  from space 3072K, 99% used [0x00000000ebe00000,0x00000000ec0fca68,0x00000000ec100000)
  to   space 4096K, 0% used [0x00000000eca00000,0x00000000eca00000,0x00000000ece00000)
 ParOldGen       total 96768K, used 10960K [0x00000000c0000000, 0x00000000c5e80000, 0x00000000eab00000)
  object space 96768K, 11% used [0x00000000c0000000,0x00000000c0ab40d8,0x00000000c5e80000)
 Metaspace       used 5887K, capacity 6960K, committed 7040K, reserved 1056768K
  class space    used 586K, capacity 616K, committed 640K, reserved 1048576K
Event: 7.846 GC heap after
Heap after GC invocations=18 (full 0):
 PSYoungGen      total 31232K, used 4019K [0x00000000eab00000, 0x00000000ecf00000, 0x0000000100000000)
  eden space 27136K, 0% used [0x00000000eab00000,0x00000000eab00000,0x00000000ec580000)
  from space 4096K, 98% used [0x00000000eca00000,0x00000000ecdecfe8,0x00000000ece00000)
  to   space 4608K, 0% used [0x00000000ec580000,0x00000000ec580000,0x00000000eca00000)
 ParOldGen       total 96768K, used 13902K [0x00000000c0000000, 0x00000000c5e80000, 0x00000000eab00000)
  object space 96768K, 14% used [0x00000000c0000000,0x00000000c0d93820,0x00000000c5e80000)
 Metaspace       used 5887K, capacity 6960K, committed 7040K, reserved 1056768K
  class space    used 586K, capacity 616K, committed 640K, reserved 1048576K
}

Deoptimization events (10 events):
Event: 7.857 Thread 0x0000000016572000 Uncommon trap: reason=bimorphic action=maybe_recompile pc=0x0000000002543d64 method=java.util.HashMap.getNode(ILjava/lang/Object;)Ljava/util/HashMap$Node; @ 126
Event: 7.857 Thread 0x0000000016572000 Uncommon trap: reason=bimorphic action=maybe_recompile pc=0x0000000002543d64 method=java.util.HashMap.getNode(ILjava/lang/Object;)Ljava/util/HashMap$Node; @ 126
Event: 7.857 Thread 0x0000000016572000 Uncommon trap: reason=bimorphic action=maybe_recompile pc=0x0000000002543d64 method=java.util.HashMap.getNode(ILjava/lang/Object;)Ljava/util/HashMap$Node; @ 126
Event: 7.857 Thread 0x0000000016572000 Uncommon trap: reason=bimorphic action=maybe_recompile pc=0x0000000002543d64 method=java.util.HashMap.getNode(ILjava/lang/Object;)Ljava/util/HashMap$Node; @ 126
Event: 7.893 Thread 0x0000000016573800 Uncommon trap: reason=unreached action=reinterpret pc=0x0000000002a84860 method=com.android.dx.rop.code.LocalVariableExtractor.processBlock(I)V @ 195
Event: 7.940 Thread 0x0000000016572800 Uncommon trap: reason=bimorphic action=maybe_recompile pc=0x000000000295182c method=java.util.HashMap.getNode(ILjava/lang/Object;)Ljava/util/HashMap$Node; @ 126
Event: 7.940 Thread 0x0000000016572800 Uncommon trap: reason=class_check action=maybe_recompile pc=0x0000000002a1858c method=java.util.HashMap.putVal(ILjava/lang/Object;Ljava/lang/Object;ZZ)Ljava/lang/Object; @ 203
Event: 8.269 Thread 0x000000001656c800 Uncommon trap: reason=class_check action=maybe_recompile pc=0x0000000002a1858c method=java.util.HashMap.putVal(ILjava/lang/Object;Ljava/lang/Object;ZZ)Ljava/lang/Object; @ 203
Event: 8.269 Thread 0x000000001656c800 Uncommon trap: reason=class_check action=maybe_recompile pc=0x0000000002a1858c method=java.util.HashMap.putVal(ILjava/lang/Object;Ljava/lang/Object;ZZ)Ljava/lang/Object; @ 203
Event: 8.269 Thread 0x000000001656c800 Uncommon trap: reason=class_check action=maybe_recompile pc=0x0000000002a1858c method=java.util.HashMap.putVal(ILjava/lang/Object;Ljava/lang/Object;ZZ)Ljava/lang/Object; @ 203

Internal exceptions (10 events):
Event: 2.303 Thread 0x0000000016573800 Exception <a 'java/security/PrivilegedActionException'> (0x00000000eabca9d8) thrown at [D:\re\workspace\8-2-build-windows-amd64-cygwin\jdk8u5\2488\hotspot\src\share\vm\prims\jvm.cpp, line 1248]
Event: 2.317 Thread 0x0000000001efe000 Exception <a 'java/security/PrivilegedActionException'> (0x00000000eac03ad8) thrown at [D:\re\workspace\8-2-build-windows-amd64-cygwin\jdk8u5\2488\hotspot\src\share\vm\prims\jvm.cpp, line 1248]
Event: 2.396 Thread 0x0000000016572800 Exception <a 'java/security/PrivilegedActionException'> (0x00000000eae31dd0) thrown at [D:\re\workspace\8-2-build-windows-amd64-cygwin\jdk8u5\2488\hotspot\src\share\vm\prims\jvm.cpp, line 1248]
Event: 3.200 Thread 0x0000000016572000 Implicit null exception at 0x00000000026b682d to 0x00000000026b7ce9
Event: 3.485 Thread 0x0000000016572800 Exception <a 'java/security/PrivilegedActionException'> (0x00000000eadead60) thrown at [D:\re\workspace\8-2-build-windows-amd64-cygwin\jdk8u5\2488\hotspot\src\share\vm\prims\jvm.cpp, line 1248]
Event: 3.960 Thread 0x0000000001efe000 Exception <a 'java/security/PrivilegedActionException'> (0x00000000eada3310) thrown at [D:\re\workspace\8-2-build-windows-amd64-cygwin\jdk8u5\2488\hotspot\src\share\vm\prims\jvm.cpp, line 1248]
Event: 6.500 Thread 0x0000000016572800 Implicit null exception at 0x00000000026bed8c to 0x00000000026c013d
Event: 7.136 Thread 0x0000000016572000 Exception <a 'java/security/PrivilegedActionException'> (0x00000000eab5cfb0) thrown at [D:\re\workspace\8-2-build-windows-amd64-cygwin\jdk8u5\2488\hotspot\src\share\vm\prims\jvm.cpp, line 1248]
Event: 7.421 Thread 0x0000000001efe000 Exception <a 'java/security/PrivilegedActionException'> (0x00000000eb5bbe20) thrown at [D:\re\workspace\8-2-build-windows-amd64-cygwin\jdk8u5\2488\hotspot\src\share\vm\prims\jvm.cpp, line 1248]
Event: 7.467 Thread 0x0000000016573800 Implicit null exception at 0x00000000028e3a22 to 0x00000000028e3b12

Events (10 events):
Event: 8.269 Thread 0x000000001656c800 DEOPT PACKING pc=0x0000000002a1858c sp=0x000000001690e560
Event: 8.269 Thread 0x000000001656c800 DEOPT UNPACKING pc=0x00000000023355af sp=0x000000001690e4d8 mode 2
Event: 8.269 Thread 0x000000001656c800 Uncommon trap: trap_request=0xffffffde fr.pc=0x0000000002a1858c
Event: 8.269 Thread 0x000000001656c800 DEOPT PACKING pc=0x0000000002a1858c sp=0x000000001690e560
Event: 8.269 Thread 0x000000001656c800 DEOPT UNPACKING pc=0x00000000023355af sp=0x000000001690e4d8 mode 2
Event: 8.269 Thread 0x000000001656c800 Uncommon trap: trap_request=0xffffffde fr.pc=0x0000000002a1858c
Event: 8.269 Thread 0x000000001656c800 DEOPT PACKING pc=0x0000000002a1858c sp=0x000000001690e6e0
Event: 8.269 Thread 0x000000001656c800 DEOPT UNPACKING pc=0x00000000023355af sp=0x000000001690e658 mode 2
Event: 8.532 Thread 0x0000000001efe000 DEOPT PACKING pc=0x000000000278f389 sp=0x00000000020ee4a0
Event: 8.532 Thread 0x0000000001efe000 DEOPT UNPACKING pc=0x0000000002337604 sp=0x00000000020ee2e0 mode 0


Dynamic libraries:
0x00007ff7f3e50000 - 0x00007ff7f3e84000 	C:\Program Files\Java\jdk1.8.0_05\bin\java.exe
0x00007ff8dbb90000 - 0x00007ff8dbd51000 	C:\WINDOWS\SYSTEM32\ntdll.dll
0x00007ff8dab40000 - 0x00007ff8dabed000 	C:\WINDOWS\system32\KERNEL32.DLL
0x00007ff8d8300000 - 0x00007ff8d84e8000 	C:\WINDOWS\system32\KERNELBASE.dll
0x00007ff8db270000 - 0x00007ff8db317000 	C:\WINDOWS\system32\ADVAPI32.dll
0x00007ff8d9130000 - 0x00007ff8d91cd000 	C:\WINDOWS\system32\msvcrt.dll
0x00007ff8dacc0000 - 0x00007ff8dad1b000 	C:\WINDOWS\system32\sechost.dll
0x00007ff8d91d0000 - 0x00007ff8d92ec000 	C:\WINDOWS\system32\RPCRT4.dll
0x00007ff8dba30000 - 0x00007ff8dbb86000 	C:\WINDOWS\system32\USER32.dll
0x00007ff8d8fa0000 - 0x00007ff8d9126000 	C:\WINDOWS\system32\GDI32.dll
0x00007ff8cd4c0000 - 0x00007ff8cd734000 	C:\WINDOWS\WinSxS\amd64_microsoft.windows.common-controls_6595b64144ccf1df_6.0.10586.0_none_8c15ae12515e1c22\COMCTL32.dll
0x00007ff8daff0000 - 0x00007ff8db26d000 	C:\WINDOWS\system32\combase.dll
0x00007ff8d8ba0000 - 0x00007ff8d8c0a000 	C:\WINDOWS\system32\bcryptPrimitives.dll
0x00007ff8dad20000 - 0x00007ff8dad5b000 	C:\WINDOWS\system32\IMM32.DLL
0x00000000671c0000 - 0x0000000067292000 	C:\Program Files\Java\jdk1.8.0_05\jre\bin\msvcr100.dll
0x0000000067640000 - 0x0000000067e6a000 	C:\Program Files\Java\jdk1.8.0_05\jre\bin\server\jvm.dll
0x00007ff8d8f90000 - 0x00007ff8d8f98000 	C:\WINDOWS\system32\PSAPI.DLL
0x00007ff8cd840000 - 0x00007ff8cd849000 	C:\WINDOWS\SYSTEM32\WSOCK32.dll
0x00007ff8daa00000 - 0x00007ff8daa6b000 	C:\WINDOWS\system32\WS2_32.dll
0x00007ff8d6290000 - 0x00007ff8d62b3000 	C:\WINDOWS\SYSTEM32\WINMM.dll
0x00007ff8d6260000 - 0x00007ff8d628c000 	C:\WINDOWS\SYSTEM32\WINMMBASE.dll
0x00007ff8d8de0000 - 0x00007ff8d8e23000 	C:\WINDOWS\system32\cfgmgr32.dll
0x0000000067630000 - 0x000000006763f000 	C:\Program Files\Java\jdk1.8.0_05\jre\bin\verify.dll
0x0000000067600000 - 0x0000000067628000 	C:\Program Files\Java\jdk1.8.0_05\jre\bin\java.dll
0x00000000675e0000 - 0x00000000675f6000 	C:\Program Files\Java\jdk1.8.0_05\jre\bin\zip.dll
0x00007ff8d92f0000 - 0x00007ff8da84c000 	C:\WINDOWS\system32\SHELL32.dll
0x00007ff8d8550000 - 0x00007ff8d8b94000 	C:\WINDOWS\system32\windows.storage.dll
0x00007ff8daae0000 - 0x00007ff8dab32000 	C:\WINDOWS\system32\shlwapi.dll
0x00007ff8d81d0000 - 0x00007ff8d81df000 	C:\WINDOWS\system32\kernel.appcore.dll
0x00007ff8d8240000 - 0x00007ff8d82f5000 	C:\WINDOWS\system32\shcore.dll
0x00007ff8d81e0000 - 0x00007ff8d822b000 	C:\WINDOWS\system32\powrprof.dll
0x00007ff8d81b0000 - 0x00007ff8d81c4000 	C:\WINDOWS\system32\profapi.dll
0x00007ff8d1280000 - 0x00007ff8d140c000 	C:\WINDOWS\SYSTEM32\dbghelp.dll

VM Arguments:
jvm_args: -Djava.awt.headless=true -Xmx1024M -Dfile.encoding=windows-1251 -Duser.country=RU -Duser.language=ru -Duser.variant 
java_command: com.android.dx.command.Main --dex --force-jumbo --num-threads=4 --output D:\work\grannyOS\app\build\intermediates\pre-dexed\debug\com.android.support-support-v4-23.3.0_26f77e7ad30ce3e55db0577a30aa46b9e3800850.jar D:\work\grannyOS\app\build\intermediates\exploded-aar\com.android.support\support-v4\23.3.0\jars\classes.jar
java_class_path (initial): D:\work\workProject\build-tools\23.0.0\lib\dx.jar
Launcher Type: SUN_STANDARD

Environment Variables:
JAVA_HOME=C:\Program Files\Java\jdk1.8.0_05\
PATH=C:\ProgramData\Oracle\Java\javapath;C:\Program Files (x86)\NVIDIA Corporation\PhysX\Common;12-4-2013 ;D:\program\RR\.\ClearQuest;C:\Program Files (x86)\Rational\ClearQuest;C:\Program Files\Java\jdk1.8.0_05\bin\;C:\Program Files (x86)\ATI Technologies\ATI.ACE\Core-Static;C:\Ruby21\bin;C:\WINDOWS\system32;C:\WINDOWS;C:\WINDOWS\System32\Wbem;C:\WINDOWS\System32\WindowsPowerShell\v1.0\;C:\Program Files (x86)\AMD\ATI.ACE\Core-Static;C:\Program Files (x86)\Intel\OpenCL SDK\2.0\bin\x86;C:\Program Files (x86)\Intel\OpenCL SDK\2.0\bin\x64;C:\Program Files\Git\cmd;C:\Program Files (x86)\Skype\Phone\;C:\Program Files (x86)\Intel\OpenCL SDK\2.0\bin\x86;C:\Program Files (x86)\Intel\OpenCL SDK\2.0\bin\x64;C:\Ruby21-x64\bin;C:\BC5\BIN
USERNAME=Алексей
SHELL=D:\PROGRAM\RR\.\RATION~1\NUTCROOT\mksnt\sh.exe
DISPLAY=:0.0
OS=Windows_NT
PROCESSOR_IDENTIFIER=Intel64 Family 6 Model 42 Stepping 7, GenuineIntel



---------------  S Y S T E M  ---------------

OS: Windows 8.1 , 64 bit Build 9600 

CPU:total 4 (2 cores per cpu, 2 threads per core) family 6 model 42 stepping 7, cmov, cx8, fxsr, mmx, sse, sse2, sse3, ssse3, sse4.1, sse4.2, popcnt, avx, aes, clmul, ht, tsc, tscinvbit

Memory: 4k page, physical 6172256k(1046600k free), swap 6172256k(5268k free)

vm_info: Java HotSpot(TM) 64-Bit Server VM (25.5-b02) for windows-amd64 JRE (1.8.0_05-b13), built on Mar 18 2014 01:08:39 by "java_re" with MS VC++ 10.0 (VS2010)

time: Thu Jun 02 19:41:34 2016
elapsed time: 8 seconds

