#
# There is insufficient memory for the Java Runtime Environment to continue.
# Native memory allocation (malloc) failed to allocate 38208 bytes for Chunk::new
# Possible reasons:
#   The system is out of physical RAM or swap space
#   In 32 bit mode, the process size limit was hit
# Possible solutions:
#   Reduce memory load on the system
#   Increase physical memory or swap space
#   Check if swap backing store is full
#   Use 64 bit Java on a 64 bit OS
#   Decrease Java heap size (-Xmx/-Xms)
#   Decrease number of Java threads
#   Decrease Java thread stack sizes (-Xss)
#   Set larger code cache with -XX:ReservedCodeCacheSize=
# This output file may be truncated or incomplete.
#
#  Out of Memory Error (allocation.cpp:388), pid=5696, tid=6704
#
# JRE version: Java(TM) SE Runtime Environment (8.0_05-b13) (build 1.8.0_05-b13)
# Java VM: Java HotSpot(TM) 64-Bit Server VM (25.5-b02 mixed mode windows-amd64 compressed oops)
# Failed to write core dump. Minidumps are not enabled by default on client versions of Windows
#

---------------  T H R E A D  ---------------

Current thread (0x000000001493d000):  JavaThread "C2 CompilerThread0" daemon [_thread_in_native, id=6704, stack(0x0000000015e90000,0x0000000015f90000)]

Stack: [0x0000000015e90000,0x0000000015f90000]
Native frames: (J=compiled Java code, j=interpreted, Vv=VM code, C=native code)
V  [jvm.dll+0x308dea]


Current CompileTask:
C2:   4811 1473       4       com.android.dx.ssa.LocalVariableExtractor::processBlock (383 bytes)


---------------  P R O C E S S  ---------------

Java Threads: ( => current thread )
  0x0000000016309800 JavaThread "pool-1-thread-4" [_thread_in_Java, id=6904, stack(0x0000000016b90000,0x0000000016c90000)]
  0x0000000016308800 JavaThread "pool-1-thread-3" [_thread_in_Java, id=5548, stack(0x0000000016a90000,0x0000000016b90000)]
  0x00000000162fb800 JavaThread "pool-1-thread-2" [_thread_blocked, id=7472, stack(0x0000000016990000,0x0000000016a90000)]
  0x00000000162f2800 JavaThread "pool-2-thread-1" [_thread_blocked, id=7884, stack(0x0000000016890000,0x0000000016990000)]
  0x00000000162e7800 JavaThread "pool-1-thread-1" [_thread_blocked, id=7440, stack(0x0000000016790000,0x0000000016890000)]
  0x00000000161c5000 JavaThread "Service Thread" daemon [_thread_blocked, id=2372, stack(0x0000000016590000,0x0000000016690000)]
  0x0000000014989000 JavaThread "C1 CompilerThread2" daemon [_thread_blocked, id=7912, stack(0x0000000016090000,0x0000000016190000)]
  0x0000000014940800 JavaThread "C2 CompilerThread1" daemon [_thread_in_native, id=816, stack(0x0000000015f90000,0x0000000016090000)]
=>0x000000001493d000 JavaThread "C2 CompilerThread0" daemon [_thread_in_native, id=6704, stack(0x0000000015e90000,0x0000000015f90000)]
  0x000000001493c000 JavaThread "Attach Listener" daemon [_thread_blocked, id=5452, stack(0x0000000015d90000,0x0000000015e90000)]
  0x000000001493b000 JavaThread "Signal Dispatcher" daemon [_thread_blocked, id=5140, stack(0x0000000015c90000,0x0000000015d90000)]
  0x0000000002264800 JavaThread "Finalizer" daemon [_thread_blocked, id=1912, stack(0x0000000015b90000,0x0000000015c90000)]
  0x0000000014907800 JavaThread "Reference Handler" daemon [_thread_blocked, id=2744, stack(0x0000000015a90000,0x0000000015b90000)]
  0x000000000216e000 JavaThread "main" [_thread_in_Java, id=6456, stack(0x0000000002030000,0x0000000002130000)]

Other Threads:
  0x0000000014906800 VMThread [stack: 0x0000000015990000,0x0000000015a90000] [id=760]
  0x00000000161c7800 WatcherThread [stack: 0x0000000016690000,0x0000000016790000] [id=7756]

VM state:not at safepoint (normal execution)

VM Mutex/Monitor currently owned by a thread: None

Heap:
 PSYoungGen      total 19968K, used 3017K [0x00000000eab00000, 0x00000000ec100000, 0x0000000100000000)
  eden space 17408K, 7% used [0x00000000eab00000,0x00000000eac461c8,0x00000000ebc00000)
  from space 2560K, 66% used [0x00000000ebe80000,0x00000000ec02c2d8,0x00000000ec100000)
  to   space 2560K, 0% used [0x00000000ebc00000,0x00000000ebc00000,0x00000000ebe80000)
 ParOldGen       total 96768K, used 7328K [0x00000000c0000000, 0x00000000c5e80000, 0x00000000eab00000)
  object space 96768K, 7% used [0x00000000c0000000,0x00000000c0728070,0x00000000c5e80000)
 Metaspace       used 5865K, capacity 6896K, committed 7040K, reserved 1056768K
  class space    used 595K, capacity 616K, committed 640K, reserved 1048576K

Card table byte_map: [0x0000000011630000,0x0000000011840000] byte_map_base: 0x0000000011030000

Marking Bits: (ParMarkBitMap*) 0x000000006f2213b0
 Begin Bits: [0x0000000011da0000, 0x0000000012da0000)
 End Bits:   [0x0000000012da0000, 0x0000000013da0000)

Polling page: 0x00000000007d0000

CodeCache: size=245760Kb used=5812Kb max_used=5812Kb free=239948Kb
 bounds [0x0000000002270000, 0x0000000002830000, 0x0000000011270000]
 total_blobs=1757 nmethods=1487 adapters=184
 compilation: enabled

Compilation events (10 events):
Event: 4.665 Thread 0x0000000014989000 1498       3       java.util.concurrent.locks.ReentrantLock::unlock (10 bytes)
Event: 4.666 Thread 0x0000000014989000 nmethod 1498 0x000000000281e2d0 code [0x000000000281e460, 0x000000000281e7d8]
Event: 4.666 Thread 0x0000000014989000 1499       3       com.android.dx.cf.code.Simulator$SimVisitor::checkReturnType (64 bytes)
Event: 4.668 Thread 0x0000000014989000 nmethod 1499 0x000000000281e910 code [0x000000000281eb40, 0x000000000281f7e8]
Event: 4.802 Thread 0x0000000014989000 1500       3       java.util.zip.ZipFile$ZipFileInputStream::finalize (5 bytes)
Event: 4.802 Thread 0x0000000014989000 nmethod 1500 0x00000000027f8bd0 code [0x00000000027f8d40, 0x00000000027f8ec8]
Event: 4.802 Thread 0x0000000014989000 1501       3       java.util.zip.ZipFile$ZipFileInflaterInputStream::finalize (5 bytes)
Event: 4.802 Thread 0x0000000014989000 nmethod 1501 0x000000000281fdd0 code [0x000000000281ff40, 0x00000000028200c8]
Event: 4.805 Thread 0x0000000014989000 1503       2       com.android.dx.ssa.back.FirstFitLocalCombiningAllocator::access$100 (5 bytes)
Event: 4.805 Thread 0x0000000014989000 nmethod 1503 0x0000000002820150 code [0x00000000028202a0, 0x00000000028203f0]

GC Heap History (10 events):
Event: 3.645 GC heap before
{Heap before GC invocations=10 (full 0):
 PSYoungGen      total 5632K, used 5600K [0x00000000eab00000, 0x00000000eb580000, 0x0000000100000000)
  eden space 4096K, 100% used [0x00000000eab00000,0x00000000eaf00000,0x00000000eaf00000)
  from space 1536K, 97% used [0x00000000eaf00000,0x00000000eb078018,0x00000000eb080000)
  to   space 2048K, 0% used [0x00000000eb380000,0x00000000eb380000,0x00000000eb580000)
 ParOldGen       total 96768K, used 1769K [0x00000000c0000000, 0x00000000c5e80000, 0x00000000eab00000)
  object space 96768K, 1% used [0x00000000c0000000,0x00000000c01ba6a8,0x00000000c5e80000)
 Metaspace       used 5643K, capacity 6704K, committed 6784K, reserved 1056768K
  class space    used 595K, capacity 616K, committed 640K, reserved 1048576K
Event: 3.656 GC heap after
Heap after GC invocations=10 (full 0):
 PSYoungGen      total 8704K, used 1504K [0x00000000eab00000, 0x00000000eb580000, 0x0000000100000000)
  eden space 6656K, 0% used [0x00000000eab00000,0x00000000eab00000,0x00000000eb180000)
  from space 2048K, 73% used [0x00000000eb380000,0x00000000eb4f8000,0x00000000eb580000)
  to   space 2048K, 0% used [0x00000000eb180000,0x00000000eb180000,0x00000000eb380000)
 ParOldGen       total 96768K, used 2333K [0x00000000c0000000, 0x00000000c5e80000, 0x00000000eab00000)
  object space 96768K, 2% used [0x00000000c0000000,0x00000000c02476d0,0x00000000c5e80000)
 Metaspace       used 5643K, capacity 6704K, committed 6784K, reserved 1056768K
  class space    used 595K, capacity 616K, committed 640K, reserved 1048576K
}
Event: 3.782 GC heap before
{Heap before GC invocations=11 (full 0):
 PSYoungGen      total 8704K, used 8160K [0x00000000eab00000, 0x00000000eb580000, 0x0000000100000000)
  eden space 6656K, 100% used [0x00000000eab00000,0x00000000eb180000,0x00000000eb180000)
  from space 2048K, 73% used [0x00000000eb380000,0x00000000eb4f8000,0x00000000eb580000)
  to   space 2048K, 0% used [0x00000000eb180000,0x00000000eb180000,0x00000000eb380000)
 ParOldGen       total 96768K, used 2333K [0x00000000c0000000, 0x00000000c5e80000, 0x00000000eab00000)
  object space 96768K, 2% used [0x00000000c0000000,0x00000000c02476d0,0x00000000c5e80000)
 Metaspace       used 5678K, capacity 6704K, committed 6784K, reserved 1056768K
  class space    used 595K, capacity 616K, committed 640K, reserved 1048576K
Event: 3.790 GC heap after
Heap after GC invocations=11 (full 0):
 PSYoungGen      total 8704K, used 1536K [0x00000000eab00000, 0x00000000eb980000, 0x0000000100000000)
  eden space 6656K, 0% used [0x00000000eab00000,0x00000000eab00000,0x00000000eb180000)
  from space 2048K, 75% used [0x00000000eb180000,0x00000000eb300010,0x00000000eb380000)
  to   space 2048K, 0% used [0x00000000eb780000,0x00000000eb780000,0x00000000eb980000)
 ParOldGen       total 96768K, used 3620K [0x00000000c0000000, 0x00000000c5e80000, 0x00000000eab00000)
  object space 96768K, 3% used [0x00000000c0000000,0x00000000c0389298,0x00000000c5e80000)
 Metaspace       used 5678K, capacity 6704K, committed 6784K, reserved 1056768K
  class space    used 595K, capacity 616K, committed 640K, reserved 1048576K
}
Event: 3.931 GC heap before
{Heap before GC invocations=12 (full 0):
 PSYoungGen      total 8704K, used 8192K [0x00000000eab00000, 0x00000000eb980000, 0x0000000100000000)
  eden space 6656K, 100% used [0x00000000eab00000,0x00000000eb180000,0x00000000eb180000)
  from space 2048K, 75% used [0x00000000eb180000,0x00000000eb300010,0x00000000eb380000)
  to   space 2048K, 0% used [0x00000000eb780000,0x00000000eb780000,0x00000000eb980000)
 ParOldGen       total 96768K, used 3620K [0x00000000c0000000, 0x00000000c5e80000, 0x00000000eab00000)
  object space 96768K, 3% used [0x00000000c0000000,0x00000000c0389298,0x00000000c5e80000)
 Metaspace       used 5734K, capacity 6768K, committed 7040K, reserved 1056768K
  class space    used 595K, capacity 616K, committed 640K, reserved 1048576K
Event: 3.940 GC heap after
Heap after GC invocations=12 (full 0):
 PSYoungGen      total 12800K, used 1344K [0x00000000eab00000, 0x00000000eb980000, 0x0000000100000000)
  eden space 10752K, 0% used [0x00000000eab00000,0x00000000eab00000,0x00000000eb580000)
  from space 2048K, 65% used [0x00000000eb780000,0x00000000eb8d0000,0x00000000eb980000)
  to   space 2048K, 0% used [0x00000000eb580000,0x00000000eb580000,0x00000000eb780000)
 ParOldGen       total 96768K, used 4602K [0x00000000c0000000, 0x00000000c5e80000, 0x00000000eab00000)
  object space 96768K, 4% used [0x00000000c0000000,0x00000000c047e868,0x00000000c5e80000)
 Metaspace       used 5734K, capacity 6768K, committed 7040K, reserved 1056768K
  class space    used 595K, capacity 616K, committed 640K, reserved 1048576K
}
Event: 4.358 GC heap before
{Heap before GC invocations=13 (full 0):
 PSYoungGen      total 12800K, used 12096K [0x00000000eab00000, 0x00000000eb980000, 0x0000000100000000)
  eden space 10752K, 100% used [0x00000000eab00000,0x00000000eb580000,0x00000000eb580000)
  from space 2048K, 65% used [0x00000000eb780000,0x00000000eb8d0000,0x00000000eb980000)
  to   space 2048K, 0% used [0x00000000eb580000,0x00000000eb580000,0x00000000eb780000)
 ParOldGen       total 96768K, used 4602K [0x00000000c0000000, 0x00000000c5e80000, 0x00000000eab00000)
  object space 96768K, 4% used [0x00000000c0000000,0x00000000c047e868,0x00000000c5e80000)
 Metaspace       used 5810K, capacity 6832K, committed 7040K, reserved 1056768K
  class space    used 595K, capacity 616K, committed 640K, reserved 1048576K
Event: 4.436 GC heap after
Heap after GC invocations=13 (full 0):
 PSYoungGen      total 12800K, used 1952K [0x00000000eab00000, 0x00000000ec100000, 0x0000000100000000)
  eden space 10752K, 0% used [0x00000000eab00000,0x00000000eab00000,0x00000000eb580000)
  from space 2048K, 95% used [0x00000000eb580000,0x00000000eb768010,0x00000000eb780000)
  to   space 2560K, 0% used [0x00000000ebe80000,0x00000000ebe80000,0x00000000ec100000)
 ParOldGen       total 96768K, used 5608K [0x00000000c0000000, 0x00000000c5e80000, 0x00000000eab00000)
  object space 96768K, 5% used [0x00000000c0000000,0x00000000c057a398,0x00000000c5e80000)
 Metaspace       used 5810K, capacity 6832K, committed 7040K, reserved 1056768K
  class space    used 595K, capacity 616K, committed 640K, reserved 1048576K
}
Event: 4.781 GC heap before
{Heap before GC invocations=14 (full 0):
 PSYoungGen      total 12800K, used 12704K [0x00000000eab00000, 0x00000000ec100000, 0x0000000100000000)
  eden space 10752K, 100% used [0x00000000eab00000,0x00000000eb580000,0x00000000eb580000)
  from space 2048K, 95% used [0x00000000eb580000,0x00000000eb768010,0x00000000eb780000)
  to   space 2560K, 0% used [0x00000000ebe80000,0x00000000ebe80000,0x00000000ec100000)
 ParOldGen       total 96768K, used 5608K [0x00000000c0000000, 0x00000000c5e80000, 0x00000000eab00000)
  object space 96768K, 5% used [0x00000000c0000000,0x00000000c057a398,0x00000000c5e80000)
 Metaspace       used 5864K, capacity 6896K, committed 7040K, reserved 1056768K
  class space    used 595K, capacity 616K, committed 640K, reserved 1048576K
Event: 4.802 GC heap after
Heap after GC invocations=14 (full 0):
 PSYoungGen      total 19968K, used 1712K [0x00000000eab00000, 0x00000000ec100000, 0x0000000100000000)
  eden space 17408K, 0% used [0x00000000eab00000,0x00000000eab00000,0x00000000ebc00000)
  from space 2560K, 66% used [0x00000000ebe80000,0x00000000ec02c2d8,0x00000000ec100000)
  to   space 2560K, 0% used [0x00000000ebc00000,0x00000000ebc00000,0x00000000ebe80000)
 ParOldGen       total 96768K, used 7328K [0x00000000c0000000, 0x00000000c5e80000, 0x00000000eab00000)
  object space 96768K, 7% used [0x00000000c0000000,0x00000000c0728070,0x00000000c5e80000)
 Metaspace       used 5864K, capacity 6896K, committed 7040K, reserved 1056768K
  class space    used 595K, capacity 616K, committed 640K, reserved 1048576K
}

Deoptimization events (10 events):
Event: 3.361 Thread 0x00000000162e7800 Uncommon trap: reason=class_check action=maybe_recompile pc=0x00000000024b3eb0 method=com.android.dx.ssa.NormalSsaInsn.accept(Lcom/android/dx/ssa/SsaInsn$Visitor;)V @ 9
Event: 3.361 Thread 0x00000000162e7800 Uncommon trap: reason=class_check action=maybe_recompile pc=0x00000000024b3eb0 method=com.android.dx.ssa.NormalSsaInsn.accept(Lcom/android/dx/ssa/SsaInsn$Visitor;)V @ 9
Event: 3.578 Thread 0x0000000016309800 Uncommon trap: reason=unreached action=reinterpret pc=0x00000000024e089c method=com.android.dx.rop.cst.Constant.compareTo(Lcom/android/dx/rop/cst/Constant;)I @ 12
Event: 3.608 Thread 0x00000000162fb800 Uncommon trap: reason=class_check action=maybe_recompile pc=0x00000000024e3f30 method=com.android.dx.rop.type.Type.equals(Ljava/lang/Object;)Z @ 8
Event: 3.680 Thread 0x0000000016309800 Uncommon trap: reason=class_check action=maybe_recompile pc=0x00000000024e3f30 method=com.android.dx.rop.type.Type.equals(Ljava/lang/Object;)Z @ 8
Event: 3.680 Thread 0x0000000016309800 Uncommon trap: reason=class_check action=maybe_recompile pc=0x00000000024e3f30 method=com.android.dx.rop.type.Type.equals(Ljava/lang/Object;)Z @ 8
Event: 3.680 Thread 0x0000000016309800 Uncommon trap: reason=class_check action=maybe_recompile pc=0x00000000024e3f30 method=com.android.dx.rop.type.Type.equals(Ljava/lang/Object;)Z @ 8
Event: 3.714 Thread 0x00000000162fb800 Uncommon trap: reason=null_check action=make_not_entrant pc=0x000000000255f15c method=com.android.dx.ssa.SsaRenamer.getLocalForNewReg(I)Lcom/android/dx/rop/code/LocalItem; @ 19
Event: 3.714 Thread 0x00000000162fb800 Uncommon trap: reason=null_check action=make_not_entrant pc=0x000000000256c7c4 method=com.android.dx.ssa.SsaRenamer.getLocalForNewReg(I)Lcom/android/dx/rop/code/LocalItem; @ 19
Event: 3.965 Thread 0x00000000162e7800 Uncommon trap: reason=unreached action=reinterpret pc=0x00000000026e9254 method=com.android.dx.ssa.SCCP.simulateStmt(Lcom/android/dx/ssa/SsaInsn;)V @ 418

Internal exceptions (10 events):
Event: 3.247 Thread 0x000000000216e000 Exception <a 'java/security/PrivilegedActionException'> (0x00000000eac189d0) thrown at [D:\re\workspace\8-2-build-windows-amd64-cygwin\jdk8u5\2488\hotspot\src\share\vm\prims\jvm.cpp, line 1248]
Event: 3.252 Thread 0x000000000216e000 Exception <a 'java/security/PrivilegedActionException'> (0x00000000eac469f0) thrown at [D:\re\workspace\8-2-build-windows-amd64-cygwin\jdk8u5\2488\hotspot\src\share\vm\prims\jvm.cpp, line 1248]
Event: 3.260 Thread 0x000000000216e000 Exception <a 'java/security/PrivilegedActionException'> (0x00000000eac8f6d8) thrown at [D:\re\workspace\8-2-build-windows-amd64-cygwin\jdk8u5\2488\hotspot\src\share\vm\prims\jvm.cpp, line 1248]
Event: 3.260 Thread 0x000000000216e000 Exception <a 'java/security/PrivilegedActionException'> (0x00000000eac91ac0) thrown at [D:\re\workspace\8-2-build-windows-amd64-cygwin\jdk8u5\2488\hotspot\src\share\vm\prims\jvm.cpp, line 1248]
Event: 3.310 Thread 0x000000000216e000 Exception <a 'java/security/PrivilegedActionException'> (0x00000000eaba5b70) thrown at [D:\re\workspace\8-2-build-windows-amd64-cygwin\jdk8u5\2488\hotspot\src\share\vm\prims\jvm.cpp, line 1248]
Event: 3.371 Thread 0x00000000162e7800 Exception <a 'java/security/PrivilegedActionException'> (0x00000000eacf8c38) thrown at [D:\re\workspace\8-2-build-windows-amd64-cygwin\jdk8u5\2488\hotspot\src\share\vm\prims\jvm.cpp, line 1248]
Event: 3.506 Thread 0x000000000216e000 Exception <a 'java/security/PrivilegedActionException'> (0x00000000eab08a20) thrown at [D:\re\workspace\8-2-build-windows-amd64-cygwin\jdk8u5\2488\hotspot\src\share\vm\prims\jvm.cpp, line 1248]
Event: 3.507 Thread 0x000000000216e000 Exception <a 'java/security/PrivilegedActionException'> (0x00000000eab12178) thrown at [D:\re\workspace\8-2-build-windows-amd64-cygwin\jdk8u5\2488\hotspot\src\share\vm\prims\jvm.cpp, line 1248]
Event: 3.713 Thread 0x00000000162fb800 Implicit null exception at 0x000000000255d0d9 to 0x000000000255f139
Event: 3.714 Thread 0x00000000162fb800 Implicit null exception at 0x000000000256a5d5 to 0x000000000256c799

Events (10 events):
Event: 4.235 Thread 0x0000000016309800 DEOPT PACKING pc=0x00000000025e2869 sp=0x0000000016c8eb60
Event: 4.235 Thread 0x0000000016309800 DEOPT UNPACKING pc=0x00000000022b7604 sp=0x0000000016c8e928 mode 0
Event: 4.259 Executing VM operation: EnableBiasedLocking
Event: 4.274 Executing VM operation: EnableBiasedLocking done
Event: 4.358 Executing VM operation: ParallelGCFailedAllocation
Event: 4.436 Executing VM operation: ParallelGCFailedAllocation done
Event: 4.488 Thread 0x00000000162fb800 DEOPT PACKING pc=0x00000000025e2869 sp=0x0000000016a8e820
Event: 4.488 Thread 0x00000000162fb800 DEOPT UNPACKING pc=0x00000000022b7604 sp=0x0000000016a8e5e8 mode 0
Event: 4.668 Executing VM operation: ParallelGCFailedAllocation
Event: 4.802 Executing VM operation: ParallelGCFailedAllocation done


Dynamic libraries:
0x00007ff61aea0000 - 0x00007ff61aed4000 	C:\Program Files\Java\jdk1.8.0_05\bin\java.exe
0x00007fff40d70000 - 0x00007fff40f31000 	C:\WINDOWS\SYSTEM32\ntdll.dll
0x00007fff40ac0000 - 0x00007fff40b6d000 	C:\WINDOWS\system32\KERNEL32.DLL
0x00007fff3d420000 - 0x00007fff3d608000 	C:\WINDOWS\system32\KERNELBASE.dll
0x00007fff3e3b0000 - 0x00007fff3e457000 	C:\WINDOWS\system32\ADVAPI32.dll
0x00007fff3ee20000 - 0x00007fff3eebd000 	C:\WINDOWS\system32\msvcrt.dll
0x00007fff3e350000 - 0x00007fff3e3ab000 	C:\WINDOWS\system32\sechost.dll
0x00007fff40780000 - 0x00007fff4089c000 	C:\WINDOWS\system32\RPCRT4.dll
0x00007fff40620000 - 0x00007fff40776000 	C:\WINDOWS\system32\USER32.dll
0x00007fff40be0000 - 0x00007fff40d66000 	C:\WINDOWS\system32\GDI32.dll
0x00007fff330b0000 - 0x00007fff33324000 	C:\WINDOWS\WinSxS\amd64_microsoft.windows.common-controls_6595b64144ccf1df_6.0.10586.0_none_8c15ae12515e1c22\COMCTL32.dll
0x00007fff3ea40000 - 0x00007fff3ecbd000 	C:\WINDOWS\system32\combase.dll
0x00007fff3dd90000 - 0x00007fff3ddfa000 	C:\WINDOWS\system32\bcryptPrimitives.dll
0x00007fff3ef50000 - 0x00007fff3ef8b000 	C:\WINDOWS\system32\IMM32.DLL
0x000000006e5f0000 - 0x000000006e6c2000 	C:\Program Files\Java\jdk1.8.0_05\jre\bin\msvcr100.dll
0x000000006ea70000 - 0x000000006f29a000 	C:\Program Files\Java\jdk1.8.0_05\jre\bin\server\jvm.dll
0x00007fff3e330000 - 0x00007fff3e338000 	C:\WINDOWS\system32\PSAPI.DLL
0x00007fff2a850000 - 0x00007fff2a859000 	C:\WINDOWS\SYSTEM32\WSOCK32.dll
0x00007fff3eec0000 - 0x00007fff3ef2b000 	C:\WINDOWS\system32\WS2_32.dll
0x00007fff3ba60000 - 0x00007fff3ba83000 	C:\WINDOWS\SYSTEM32\WINMM.dll
0x00007fff3ba30000 - 0x00007fff3ba5c000 	C:\WINDOWS\SYSTEM32\WINMMBASE.dll
0x00007fff3d610000 - 0x00007fff3d653000 	C:\WINDOWS\system32\cfgmgr32.dll
0x000000006ea60000 - 0x000000006ea6f000 	C:\Program Files\Java\jdk1.8.0_05\jre\bin\verify.dll
0x000000006ea30000 - 0x000000006ea58000 	C:\Program Files\Java\jdk1.8.0_05\jre\bin\java.dll
0x000000006ea10000 - 0x000000006ea26000 	C:\Program Files\Java\jdk1.8.0_05\jre\bin\zip.dll
0x00007fff3eff0000 - 0x00007fff4054c000 	C:\WINDOWS\system32\SHELL32.dll
0x00007fff3d740000 - 0x00007fff3dd84000 	C:\WINDOWS\system32\windows.storage.dll
0x00007fff3ef90000 - 0x00007fff3efe2000 	C:\WINDOWS\system32\shlwapi.dll
0x00007fff3d410000 - 0x00007fff3d41f000 	C:\WINDOWS\system32\kernel.appcore.dll
0x00007fff3d660000 - 0x00007fff3d715000 	C:\WINDOWS\system32\shcore.dll
0x00007fff3d3c0000 - 0x00007fff3d40b000 	C:\WINDOWS\system32\powrprof.dll
0x00007fff3d3a0000 - 0x00007fff3d3b4000 	C:\WINDOWS\system32\profapi.dll
0x000000006e9f0000 - 0x000000006ea0a000 	C:\Program Files\Java\jdk1.8.0_05\jre\bin\net.dll
0x00007fff3ccc0000 - 0x00007fff3cd1c000 	C:\WINDOWS\system32\mswsock.dll
0x00007fff39b90000 - 0x00007fff39bc8000 	C:\WINDOWS\SYSTEM32\IPHLPAPI.DLL
0x00007fff3ecc0000 - 0x00007fff3ecc8000 	C:\WINDOWS\system32\NSI.dll
0x00007fff361a0000 - 0x00007fff361b6000 	C:\WINDOWS\SYSTEM32\dhcpcsvc6.DLL
0x00007fff36180000 - 0x00007fff3619a000 	C:\WINDOWS\SYSTEM32\dhcpcsvc.DLL
0x00007fff36900000 - 0x00007fff36a8c000 	C:\WINDOWS\SYSTEM32\dbghelp.dll

VM Arguments:
jvm_args: -Djava.awt.headless=true -Xmx1024M -Dfile.encoding=windows-1251 -Duser.country=RU -Duser.language=ru -Duser.variant 
java_command: com.android.dx.command.Main --dex --force-jumbo --num-threads=4 --output D:\work\grannyOS\app\build\intermediates\pre-dexed\debug\picasso-2.5.2_3c5a115d3186f7ca467dd37bdfd041ada5c522d5.jar C:\Users\Алексей\.gradle\caches\modules-2\files-2.1\com.squareup.picasso\picasso\2.5.2\7446d06ec8d4f7ffcc53f1da37c95f200dcb9387\picasso-2.5.2.jar
java_class_path (initial): D:\work\workProject\build-tools\23.0.0\lib\dx.jar
Launcher Type: SUN_STANDARD

Environment Variables:
JAVA_HOME=C:\Program Files\Java\jdk1.8.0_05\
PATH=C:\ProgramData\Oracle\Java\javapath;C:\Program Files (x86)\NVIDIA Corporation\PhysX\Common;12-4-2013 ;D:\program\RR\.\ClearQuest;C:\Program Files (x86)\Rational\ClearQuest;C:\Program Files\Java\jdk1.8.0_05\bin\;C:\Program Files (x86)\ATI Technologies\ATI.ACE\Core-Static;C:\Ruby21\bin;C:\WINDOWS\system32;C:\WINDOWS;C:\WINDOWS\System32\Wbem;C:\WINDOWS\System32\WindowsPowerShell\v1.0\;C:\Program Files (x86)\AMD\ATI.ACE\Core-Static;C:\Program Files (x86)\Intel\OpenCL SDK\2.0\bin\x86;C:\Program Files (x86)\Intel\OpenCL SDK\2.0\bin\x64;C:\Program Files\Git\cmd;C:\Program Files (x86)\Skype\Phone\;C:\Program Files (x86)\Intel\OpenCL SDK\2.0\bin\x86;C:\Program Files (x86)\Intel\OpenCL SDK\2.0\bin\x64;C:\Ruby21-x64\bin;C:\BC5\BIN
USERNAME=Алексей
SHELL=D:\PROGRAM\RR\.\RATION~1\NUTCROOT\mksnt\sh.exe
DISPLAY=:0.0
OS=Windows_NT
PROCESSOR_IDENTIFIER=Intel64 Family 6 Model 42 Stepping 7, GenuineIntel



---------------  S Y S T E M  ---------------

OS: Windows 8.1 , 64 bit Build 9600 

CPU:total 4 (2 cores per cpu, 2 threads per core) family 6 model 42 stepping 7, cmov, cx8, fxsr, mmx, sse, sse2, sse3, ssse3, sse4.1, sse4.2, popcnt, avx, aes, clmul, ht, tsc, tscinvbit

Memory: 4k page, physical 6172256k(845848k free), swap 6172256k(6176k free)

vm_info: Java HotSpot(TM) 64-Bit Server VM (25.5-b02) for windows-amd64 JRE (1.8.0_05-b13), built on Mar 18 2014 01:08:39 by "java_re" with MS VC++ 10.0 (VS2010)

time: Fri Jun 03 14:35:26 2016
elapsed time: 4 seconds

