#
# There is insufficient memory for the Java Runtime Environment to continue.
# Native memory allocation (malloc) failed to allocate 1551616 bytes for Chunk::new
# Possible reasons:
#   The system is out of physical RAM or swap space
#   In 32 bit mode, the process size limit was hit
# Possible solutions:
#   Reduce memory load on the system
#   Increase physical memory or swap space
#   Check if swap backing store is full
#   Use 64 bit Java on a 64 bit OS
#   Decrease Java heap size (-Xmx/-Xms)
#   Decrease number of Java threads
#   Decrease Java thread stack sizes (-Xss)
#   Set larger code cache with -XX:ReservedCodeCacheSize=
# This output file may be truncated or incomplete.
#
#  Out of Memory Error (allocation.cpp:388), pid=7208, tid=4484
#
# JRE version: Java(TM) SE Runtime Environment (8.0_05-b13) (build 1.8.0_05-b13)
# Java VM: Java HotSpot(TM) 64-Bit Server VM (25.5-b02 mixed mode windows-amd64 compressed oops)
# Failed to write core dump. Minidumps are not enabled by default on client versions of Windows
#

---------------  T H R E A D  ---------------

Current thread (0x00000000148bc800):  JavaThread "C2 CompilerThread0" daemon [_thread_in_native, id=4484, stack(0x0000000015e40000,0x0000000015f40000)]

Stack: [0x0000000015e40000,0x0000000015f40000]
Native frames: (J=compiled Java code, j=interpreted, Vv=VM code, C=native code)
V  [jvm.dll+0x308dea]
V  [jvm.dll+0x25def1]
V  [jvm.dll+0x25eb0f]
V  [jvm.dll+0x2564e5]
V  [jvm.dll+0xbcfc5]
V  [jvm.dll+0xbd45c]
V  [jvm.dll+0x44d422]
V  [jvm.dll+0x48e13f]
V  [jvm.dll+0x4422eb]
V  [jvm.dll+0x44366b]
V  [jvm.dll+0x427532]
V  [jvm.dll+0x96702]
V  [jvm.dll+0x96ef3]
V  [jvm.dll+0x2232c4]
V  [jvm.dll+0x27baca]
C  [msvcr100.dll+0x21d9f]
C  [msvcr100.dll+0x21e3b]
C  [KERNEL32.DLL+0x18102]
C  [ntdll.dll+0x5c5b4]


Current CompileTask:
C2:   1949 1306   !   4       com.android.dx.cf.code.BytecodeArray::parseInstruction (2764 bytes)


---------------  P R O C E S S  ---------------

Java Threads: ( => current thread )
  0x00000000162a6800 JavaThread "pool-1-thread-4" [_thread_in_Java, id=2264, stack(0x0000000016b40000,0x0000000016c40000)]
  0x00000000162a4800 JavaThread "pool-1-thread-2" [_thread_in_Java, id=5308, stack(0x0000000016940000,0x0000000016a40000)]
  0x00000000162a4000 JavaThread "pool-2-thread-1" [_thread_blocked, id=772, stack(0x0000000016840000,0x0000000016940000)]
  0x000000001615c800 JavaThread "Service Thread" daemon [_thread_blocked, id=8156, stack(0x0000000016540000,0x0000000016640000)]
  0x000000001490b800 JavaThread "C1 CompilerThread2" daemon [_thread_in_vm, id=88, stack(0x0000000016040000,0x0000000016140000)]
  0x00000000148bf800 JavaThread "C2 CompilerThread1" daemon [_thread_in_native, id=1580, stack(0x0000000015f40000,0x0000000016040000)]
=>0x00000000148bc800 JavaThread "C2 CompilerThread0" daemon [_thread_in_native, id=4484, stack(0x0000000015e40000,0x0000000015f40000)]
  0x00000000148bb000 JavaThread "Attach Listener" daemon [_thread_blocked, id=2904, stack(0x0000000015d40000,0x0000000015e40000)]
  0x00000000148ba000 JavaThread "Signal Dispatcher" daemon [_thread_blocked, id=6096, stack(0x0000000015c40000,0x0000000015d40000)]
  0x00000000021e4800 JavaThread "Finalizer" daemon [_thread_blocked, id=3584, stack(0x0000000015b40000,0x0000000015c40000)]
  0x0000000014888000 JavaThread "Reference Handler" daemon [_thread_blocked, id=8104, stack(0x0000000015a40000,0x0000000015b40000)]
  0x00000000020ee000 JavaThread "main" [_thread_blocked, id=7936, stack(0x0000000001fe0000,0x00000000020e0000)]

Other Threads:
  0x0000000014886800 VMThread [stack: 0x0000000015940000,0x0000000015a40000] [id=7332]
  0x000000001615f000 WatcherThread [stack: 0x0000000016640000,0x0000000016740000] [id=5540]

VM state:not at safepoint (normal execution)

VM Mutex/Monitor currently owned by a thread: None

Heap:
 PSYoungGen      total 14848K, used 8506K [0x00000000eab00000, 0x00000000ebe00000, 0x0000000100000000)
  eden space 11776K, 51% used [0x00000000eab00000,0x00000000eb0de9c0,0x00000000eb680000)
  from space 3072K, 81% used [0x00000000eba00000,0x00000000ebc70010,0x00000000ebd00000)
  to   space 3584K, 0% used [0x00000000eb680000,0x00000000eb680000,0x00000000eba00000)
 ParOldGen       total 96768K, used 4060K [0x00000000c0000000, 0x00000000c5e80000, 0x00000000eab00000)
  object space 96768K, 4% used [0x00000000c0000000,0x00000000c03f7048,0x00000000c5e80000)
 Metaspace       used 5682K, capacity 6832K, committed 7040K, reserved 1056768K
  class space    used 583K, capacity 616K, committed 640K, reserved 1048576K

Card table byte_map: [0x00000000115b0000,0x00000000117c0000] byte_map_base: 0x0000000010fb0000

Marking Bits: (ParMarkBitMap*) 0x000000006f2213b0
 Begin Bits: [0x0000000011d20000, 0x0000000012d20000)
 End Bits:   [0x0000000012d20000, 0x0000000013d20000)

Polling page: 0x0000000000460000

CodeCache: size=245760Kb used=5114Kb max_used=5114Kb free=240645Kb
 bounds [0x00000000021f0000, 0x0000000002700000, 0x00000000111f0000]
 total_blobs=1606 nmethods=1342 adapters=178
 compilation: enabled

Compilation events (10 events):
Event: 1.931 Thread 0x000000001490b800 nmethod 1335 0x00000000026dd850 code [0x00000000026ddb40, 0x00000000026dee98]
Event: 1.931 Thread 0x000000001490b800 1336       3       com.android.dx.cf.code.Simulator$SimVisitor::visitBranch (341 bytes)
Event: 1.932 Thread 0x000000001490b800 nmethod 1336 0x00000000026dfad0 code [0x00000000026dfd60, 0x00000000026e0b48]
Event: 1.933 Thread 0x000000001490b800 1337       3       com.android.dx.rop.code.BasicBlockList$RegCountVisitor::visitThrowingInsn (6 bytes)
Event: 1.933 Thread 0x000000001490b800 nmethod 1337 0x00000000026c8450 code [0x00000000026c85c0, 0x00000000026c8748]
Event: 1.934 Thread 0x000000001490b800 1338       3       com.android.dx.ssa.SsaInsn::isNormalMoveInsn (2 bytes)
Event: 1.934 Thread 0x000000001490b800 nmethod 1338 0x00000000026e1410 code [0x00000000026e1560, 0x00000000026e16b0]
Event: 1.934 Thread 0x000000001490b800 1339       3       com.android.dx.ssa.MoveParamCombiner$1::visitPhiInsn (1 bytes)
Event: 1.934 Thread 0x000000001490b800 nmethod 1339 0x00000000026e1750 code [0x00000000026e18a0, 0x00000000026e19f0]
Event: 1.934 Thread 0x000000001490b800 1340       3       com.android.dx.rop.code.DexTranslationAdvice::hasConstantOperation (163 bytes)

GC Heap History (10 events):
Event: 0.586 GC heap before
{Heap before GC invocations=6 (full 0):
 PSYoungGen      total 2560K, used 2560K [0x00000000eab00000, 0x00000000eb200000, 0x0000000100000000)
  eden space 2048K, 100% used [0x00000000eab00000,0x00000000ead00000,0x00000000ead00000)
  from space 512K, 100% used [0x00000000ead00000,0x00000000ead80000,0x00000000ead80000)
  to   space 1536K, 0% used [0x00000000eb080000,0x00000000eb080000,0x00000000eb200000)
 ParOldGen       total 96768K, used 1456K [0x00000000c0000000, 0x00000000c5e80000, 0x00000000eab00000)
  object space 96768K, 1% used [0x00000000c0000000,0x00000000c016c350,0x00000000c5e80000)
 Metaspace       used 4963K, capacity 6224K, committed 6528K, reserved 1056768K
  class space    used 559K, capacity 584K, committed 640K, reserved 1048576K
Event: 0.660 GC heap after
Heap after GC invocations=6 (full 0):
 PSYoungGen      total 5632K, used 1092K [0x00000000eab00000, 0x00000000eb200000, 0x0000000100000000)
  eden space 4096K, 0% used [0x00000000eab00000,0x00000000eab00000,0x00000000eaf00000)
  from space 1536K, 71% used [0x00000000eb080000,0x00000000eb191040,0x00000000eb200000)
  to   space 1536K, 0% used [0x00000000eaf00000,0x00000000eaf00000,0x00000000eb080000)
 ParOldGen       total 96768K, used 1456K [0x00000000c0000000, 0x00000000c5e80000, 0x00000000eab00000)
  object space 96768K, 1% used [0x00000000c0000000,0x00000000c016c350,0x00000000c5e80000)
 Metaspace       used 4963K, capacity 6224K, committed 6528K, reserved 1056768K
  class space    used 559K, capacity 584K, committed 640K, reserved 1048576K
}
Event: 0.836 GC heap before
{Heap before GC invocations=7 (full 0):
 PSYoungGen      total 5632K, used 5188K [0x00000000eab00000, 0x00000000eb200000, 0x0000000100000000)
  eden space 4096K, 100% used [0x00000000eab00000,0x00000000eaf00000,0x00000000eaf00000)
  from space 1536K, 71% used [0x00000000eb080000,0x00000000eb191040,0x00000000eb200000)
  to   space 1536K, 0% used [0x00000000eaf00000,0x00000000eaf00000,0x00000000eb080000)
 ParOldGen       total 96768K, used 1456K [0x00000000c0000000, 0x00000000c5e80000, 0x00000000eab00000)
  object space 96768K, 1% used [0x00000000c0000000,0x00000000c016c350,0x00000000c5e80000)
 Metaspace       used 5330K, capacity 6512K, committed 6784K, reserved 1056768K
  class space    used 578K, capacity 616K, committed 640K, reserved 1048576K
Event: 0.840 GC heap after
Heap after GC invocations=7 (full 0):
 PSYoungGen      total 5632K, used 1504K [0x00000000eab00000, 0x00000000eb700000, 0x0000000100000000)
  eden space 4096K, 0% used [0x00000000eab00000,0x00000000eab00000,0x00000000eaf00000)
  from space 1536K, 97% used [0x00000000eaf00000,0x00000000eb078018,0x00000000eb080000)
  to   space 2048K, 0% used [0x00000000eb500000,0x00000000eb500000,0x00000000eb700000)
 ParOldGen       total 96768K, used 1667K [0x00000000c0000000, 0x00000000c5e80000, 0x00000000eab00000)
  object space 96768K, 1% used [0x00000000c0000000,0x00000000c01a0ca8,0x00000000c5e80000)
 Metaspace       used 5330K, capacity 6512K, committed 6784K, reserved 1056768K
  class space    used 578K, capacity 616K, committed 640K, reserved 1048576K
}
Event: 1.030 GC heap before
{Heap before GC invocations=8 (full 0):
 PSYoungGen      total 5632K, used 5600K [0x00000000eab00000, 0x00000000eb700000, 0x0000000100000000)
  eden space 4096K, 100% used [0x00000000eab00000,0x00000000eaf00000,0x00000000eaf00000)
  from space 1536K, 97% used [0x00000000eaf00000,0x00000000eb078018,0x00000000eb080000)
  to   space 2048K, 0% used [0x00000000eb500000,0x00000000eb500000,0x00000000eb700000)
 ParOldGen       total 96768K, used 1667K [0x00000000c0000000, 0x00000000c5e80000, 0x00000000eab00000)
  object space 96768K, 1% used [0x00000000c0000000,0x00000000c01a0ca8,0x00000000c5e80000)
 Metaspace       used 5473K, capacity 6640K, committed 6784K, reserved 1056768K
  class space    used 578K, capacity 616K, committed 640K, reserved 1048576K
Event: 1.221 GC heap after
Heap after GC invocations=8 (full 0):
 PSYoungGen      total 9728K, used 1984K [0x00000000eab00000, 0x00000000eb800000, 0x0000000100000000)
  eden space 7680K, 0% used [0x00000000eab00000,0x00000000eab00000,0x00000000eb280000)
  from space 2048K, 96% used [0x00000000eb500000,0x00000000eb6f0018,0x00000000eb700000)
  to   space 2560K, 0% used [0x00000000eb280000,0x00000000eb280000,0x00000000eb500000)
 ParOldGen       total 96768K, used 1835K [0x00000000c0000000, 0x00000000c5e80000, 0x00000000eab00000)
  object space 96768K, 1% used [0x00000000c0000000,0x00000000c01cacc8,0x00000000c5e80000)
 Metaspace       used 5473K, capacity 6640K, committed 6784K, reserved 1056768K
  class space    used 578K, capacity 616K, committed 640K, reserved 1048576K
}
Event: 1.512 GC heap before
{Heap before GC invocations=9 (full 0):
 PSYoungGen      total 9728K, used 9664K [0x00000000eab00000, 0x00000000eb800000, 0x0000000100000000)
  eden space 7680K, 100% used [0x00000000eab00000,0x00000000eb280000,0x00000000eb280000)
  from space 2048K, 96% used [0x00000000eb500000,0x00000000eb6f0018,0x00000000eb700000)
  to   space 2560K, 0% used [0x00000000eb280000,0x00000000eb280000,0x00000000eb500000)
 ParOldGen       total 96768K, used 1835K [0x00000000c0000000, 0x00000000c5e80000, 0x00000000eab00000)
  object space 96768K, 1% used [0x00000000c0000000,0x00000000c01cacc8,0x00000000c5e80000)
 Metaspace       used 5604K, capacity 6768K, committed 7040K, reserved 1056768K
  class space    used 581K, capacity 616K, committed 640K, reserved 1048576K
Event: 1.668 GC heap after
Heap after GC invocations=9 (full 0):
 PSYoungGen      total 10240K, used 2528K [0x00000000eab00000, 0x00000000ebd00000, 0x0000000100000000)
  eden space 7680K, 0% used [0x00000000eab00000,0x00000000eab00000,0x00000000eb280000)
  from space 2560K, 98% used [0x00000000eb280000,0x00000000eb4f8028,0x00000000eb500000)
  to   space 3072K, 0% used [0x00000000eba00000,0x00000000eba00000,0x00000000ebd00000)
 ParOldGen       total 96768K, used 2797K [0x00000000c0000000, 0x00000000c5e80000, 0x00000000eab00000)
  object space 96768K, 2% used [0x00000000c0000000,0x00000000c02bb7a0,0x00000000c5e80000)
 Metaspace       used 5604K, capacity 6768K, committed 7040K, reserved 1056768K
  class space    used 581K, capacity 616K, committed 640K, reserved 1048576K
}
Event: 1.825 GC heap before
{Heap before GC invocations=10 (full 0):
 PSYoungGen      total 10240K, used 10208K [0x00000000eab00000, 0x00000000ebd00000, 0x0000000100000000)
  eden space 7680K, 100% used [0x00000000eab00000,0x00000000eb280000,0x00000000eb280000)
  from space 2560K, 98% used [0x00000000eb280000,0x00000000eb4f8028,0x00000000eb500000)
  to   space 3072K, 0% used [0x00000000eba00000,0x00000000eba00000,0x00000000ebd00000)
 ParOldGen       total 96768K, used 2797K [0x00000000c0000000, 0x00000000c5e80000, 0x00000000eab00000)
  object space 96768K, 2% used [0x00000000c0000000,0x00000000c02bb7a0,0x00000000c5e80000)
 Metaspace       used 5646K, capacity 6832K, committed 7040K, reserved 1056768K
  class space    used 583K, capacity 616K, committed 640K, reserved 1048576K
Event: 1.831 GC heap after
Heap after GC invocations=10 (full 0):
 PSYoungGen      total 14848K, used 2496K [0x00000000eab00000, 0x00000000ebe00000, 0x0000000100000000)
  eden space 11776K, 0% used [0x00000000eab00000,0x00000000eab00000,0x00000000eb680000)
  from space 3072K, 81% used [0x00000000eba00000,0x00000000ebc70010,0x00000000ebd00000)
  to   space 3584K, 0% used [0x00000000eb680000,0x00000000eb680000,0x00000000eba00000)
 ParOldGen       total 96768K, used 4060K [0x00000000c0000000, 0x00000000c5e80000, 0x00000000eab00000)
  object space 96768K, 4% used [0x00000000c0000000,0x00000000c03f7048,0x00000000c5e80000)
 Metaspace       used 5646K, capacity 6832K, committed 7040K, reserved 1056768K
  class space    used 583K, capacity 616K, committed 640K, reserved 1048576K
}

Deoptimization events (8 events):
Event: 0.903 Thread 0x00000000162a1800 Uncommon trap: reason=class_check action=maybe_recompile pc=0x000000000249228c method=com.android.dx.ssa.NormalSsaInsn.accept(Lcom/android/dx/ssa/SsaInsn$Visitor;)V @ 9
Event: 0.903 Thread 0x00000000162a1800 Uncommon trap: reason=class_check action=maybe_recompile pc=0x000000000249228c method=com.android.dx.ssa.NormalSsaInsn.accept(Lcom/android/dx/ssa/SsaInsn$Visitor;)V @ 9
Event: 0.903 Thread 0x00000000162a1800 Uncommon trap: reason=class_check action=maybe_recompile pc=0x000000000249228c method=com.android.dx.ssa.NormalSsaInsn.accept(Lcom/android/dx/ssa/SsaInsn$Visitor;)V @ 9
Event: 0.903 Thread 0x00000000162a1800 Uncommon trap: reason=class_check action=maybe_recompile pc=0x000000000249228c method=com.android.dx.ssa.NormalSsaInsn.accept(Lcom/android/dx/ssa/SsaInsn$Visitor;)V @ 9
Event: 0.904 Thread 0x00000000162a1800 Uncommon trap: reason=class_check action=maybe_recompile pc=0x0000000002431330 method=com.android.dx.ssa.NormalSsaInsn.accept(Lcom/android/dx/ssa/SsaInsn$Visitor;)V @ 9
Event: 1.679 Thread 0x00000000162a1800 Uncommon trap: reason=null_check action=make_not_entrant pc=0x000000000259993c method=com.android.dx.ssa.SsaRenamer.getLocalForNewReg(I)Lcom/android/dx/rop/code/LocalItem; @ 19
Event: 1.680 Thread 0x00000000162a1800 Uncommon trap: reason=null_check action=make_not_entrant pc=0x0000000002548364 method=com.android.dx.ssa.SsaRenamer.getLocalForNewReg(I)Lcom/android/dx/rop/code/LocalItem; @ 19
Event: 1.697 Thread 0x00000000162a6800 Uncommon trap: reason=null_check action=make_not_entrant pc=0x00000000024fbba0 method=com.android.dx.rop.type.Type.equals(Ljava/lang/Object;)Z @ 8

Internal exceptions (10 events):
Event: 0.751 Thread 0x00000000020ee000 Exception <a 'java/security/PrivilegedActionException'> (0x00000000ead813d0) thrown at [D:\re\workspace\8-2-build-windows-amd64-cygwin\jdk8u5\2488\hotspot\src\share\vm\prims\jvm.cpp, line 1248]
Event: 0.751 Thread 0x00000000020ee000 Exception <a 'java/security/PrivilegedActionException'> (0x00000000ead83750) thrown at [D:\re\workspace\8-2-build-windows-amd64-cygwin\jdk8u5\2488\hotspot\src\share\vm\prims\jvm.cpp, line 1248]
Event: 0.752 Thread 0x00000000020ee000 Exception <a 'java/security/PrivilegedActionException'> (0x00000000ead88228) thrown at [D:\re\workspace\8-2-build-windows-amd64-cygwin\jdk8u5\2488\hotspot\src\share\vm\prims\jvm.cpp, line 1248]
Event: 0.760 Thread 0x00000000162a6800 Exception <a 'java/security/PrivilegedActionException'> (0x00000000eadd4f60) thrown at [D:\re\workspace\8-2-build-windows-amd64-cygwin\jdk8u5\2488\hotspot\src\share\vm\prims\jvm.cpp, line 1248]
Event: 1.284 Thread 0x00000000020ee000 Exception <a 'java/security/PrivilegedActionException'> (0x00000000ead5cf00) thrown at [D:\re\workspace\8-2-build-windows-amd64-cygwin\jdk8u5\2488\hotspot\src\share\vm\prims\jvm.cpp, line 1248]
Event: 1.312 Thread 0x00000000020ee000 Exception <a 'java/security/PrivilegedActionException'> (0x00000000eae72dc8) thrown at [D:\re\workspace\8-2-build-windows-amd64-cygwin\jdk8u5\2488\hotspot\src\share\vm\prims\jvm.cpp, line 1248]
Event: 1.679 Thread 0x00000000162a1800 Implicit null exception at 0x00000000025979d2 to 0x0000000002599919
Event: 1.680 Thread 0x00000000162a1800 Implicit null exception at 0x00000000025461c0 to 0x0000000002548339
Event: 1.694 Thread 0x00000000162a4800 Exception <a 'java/security/PrivilegedActionException'> (0x00000000eac17a80) thrown at [D:\re\workspace\8-2-build-windows-amd64-cygwin\jdk8u5\2488\hotspot\src\share\vm\prims\jvm.cpp, line 1248]
Event: 1.697 Thread 0x00000000162a6800 Implicit null exception at 0x00000000024fbaa2 to 0x00000000024fbb92

Events (10 events):
Event: 1.708 loading class java/util/TreeMap$EntrySet
Event: 1.708 loading class java/util/TreeMap$EntrySet done
Event: 1.709 loading class java/util/TreeMap$EntryIterator
Event: 1.709 loading class java/util/TreeMap$EntryIterator done
Event: 1.709 Executing VM operation: Deoptimize
Event: 1.709 Executing VM operation: Deoptimize done
Event: 1.755 Executing VM operation: ParallelGCFailedAllocation
Event: 1.831 Executing VM operation: ParallelGCFailedAllocation done
Event: 1.835 Thread 0x00000000162a1800 Thread exited: 0x00000000162a1800
Event: 1.842 Thread 0x00000000162a5800 Thread exited: 0x00000000162a5800


Dynamic libraries:
0x00007ff61aea0000 - 0x00007ff61aed4000 	C:\Program Files\Java\jdk1.8.0_05\bin\java.exe
0x00007fff40d70000 - 0x00007fff40f31000 	C:\WINDOWS\SYSTEM32\ntdll.dll
0x00007fff40ac0000 - 0x00007fff40b6d000 	C:\WINDOWS\system32\KERNEL32.DLL
0x00007fff3d420000 - 0x00007fff3d608000 	C:\WINDOWS\system32\KERNELBASE.dll
0x00007fff3e3b0000 - 0x00007fff3e457000 	C:\WINDOWS\system32\ADVAPI32.dll
0x00007fff3ee20000 - 0x00007fff3eebd000 	C:\WINDOWS\system32\msvcrt.dll
0x00007fff3e350000 - 0x00007fff3e3ab000 	C:\WINDOWS\system32\sechost.dll
0x00007fff40780000 - 0x00007fff4089c000 	C:\WINDOWS\system32\RPCRT4.dll
0x00007fff40620000 - 0x00007fff40776000 	C:\WINDOWS\system32\USER32.dll
0x00007fff40be0000 - 0x00007fff40d66000 	C:\WINDOWS\system32\GDI32.dll
0x00007fff330b0000 - 0x00007fff33324000 	C:\WINDOWS\WinSxS\amd64_microsoft.windows.common-controls_6595b64144ccf1df_6.0.10586.0_none_8c15ae12515e1c22\COMCTL32.dll
0x00007fff3ea40000 - 0x00007fff3ecbd000 	C:\WINDOWS\system32\combase.dll
0x00007fff3dd90000 - 0x00007fff3ddfa000 	C:\WINDOWS\system32\bcryptPrimitives.dll
0x00007fff3ef50000 - 0x00007fff3ef8b000 	C:\WINDOWS\system32\IMM32.DLL
0x000000006e5f0000 - 0x000000006e6c2000 	C:\Program Files\Java\jdk1.8.0_05\jre\bin\msvcr100.dll
0x000000006ea70000 - 0x000000006f29a000 	C:\Program Files\Java\jdk1.8.0_05\jre\bin\server\jvm.dll
0x00007fff3e330000 - 0x00007fff3e338000 	C:\WINDOWS\system32\PSAPI.DLL
0x00007fff2a850000 - 0x00007fff2a859000 	C:\WINDOWS\SYSTEM32\WSOCK32.dll
0x00007fff3eec0000 - 0x00007fff3ef2b000 	C:\WINDOWS\system32\WS2_32.dll
0x00007fff3ba60000 - 0x00007fff3ba83000 	C:\WINDOWS\SYSTEM32\WINMM.dll
0x00007fff3ba30000 - 0x00007fff3ba5c000 	C:\WINDOWS\SYSTEM32\WINMMBASE.dll
0x00007fff3d610000 - 0x00007fff3d653000 	C:\WINDOWS\system32\cfgmgr32.dll
0x000000006ea60000 - 0x000000006ea6f000 	C:\Program Files\Java\jdk1.8.0_05\jre\bin\verify.dll
0x000000006ea30000 - 0x000000006ea58000 	C:\Program Files\Java\jdk1.8.0_05\jre\bin\java.dll
0x000000006ea10000 - 0x000000006ea26000 	C:\Program Files\Java\jdk1.8.0_05\jre\bin\zip.dll
0x00007fff3eff0000 - 0x00007fff4054c000 	C:\WINDOWS\system32\SHELL32.dll
0x00007fff3d740000 - 0x00007fff3dd84000 	C:\WINDOWS\system32\windows.storage.dll
0x00007fff3ef90000 - 0x00007fff3efe2000 	C:\WINDOWS\system32\shlwapi.dll
0x00007fff3d410000 - 0x00007fff3d41f000 	C:\WINDOWS\system32\kernel.appcore.dll
0x00007fff3d660000 - 0x00007fff3d715000 	C:\WINDOWS\system32\shcore.dll
0x00007fff3d3c0000 - 0x00007fff3d40b000 	C:\WINDOWS\system32\powrprof.dll
0x00007fff3d3a0000 - 0x00007fff3d3b4000 	C:\WINDOWS\system32\profapi.dll
0x00007fff36900000 - 0x00007fff36a8c000 	C:\WINDOWS\SYSTEM32\dbghelp.dll

VM Arguments:
jvm_args: -Djava.awt.headless=true -Xmx1024M -Dfile.encoding=windows-1251 -Duser.country=RU -Duser.language=ru -Duser.variant 
java_command: com.android.dx.command.Main --dex --force-jumbo --num-threads=4 --output D:\work\grannyOS\app\build\intermediates\pre-dexed\debug\retrofit-2.0.2_0b60eadb1ebe33738e41ba2a8009f7a0ab39ad8f.jar C:\Users\Алексей\.gradle\caches\modules-2\files-2.1\com.squareup.retrofit2\retrofit\2.0.2\43eeae0b9fb087bb3194ba59ab63a38a32fbf3e\retrofit-2.0.2.jar
java_class_path (initial): D:\work\workProject\build-tools\23.0.0\lib\dx.jar
Launcher Type: SUN_STANDARD

Environment Variables:
JAVA_HOME=C:\Program Files\Java\jdk1.8.0_05\
PATH=C:\ProgramData\Oracle\Java\javapath;C:\Program Files (x86)\NVIDIA Corporation\PhysX\Common;12-4-2013 ;D:\program\RR\.\ClearQuest;C:\Program Files (x86)\Rational\ClearQuest;C:\Program Files\Java\jdk1.8.0_05\bin\;C:\Program Files (x86)\ATI Technologies\ATI.ACE\Core-Static;C:\Ruby21\bin;C:\WINDOWS\system32;C:\WINDOWS;C:\WINDOWS\System32\Wbem;C:\WINDOWS\System32\WindowsPowerShell\v1.0\;C:\Program Files (x86)\AMD\ATI.ACE\Core-Static;C:\Program Files (x86)\Intel\OpenCL SDK\2.0\bin\x86;C:\Program Files (x86)\Intel\OpenCL SDK\2.0\bin\x64;C:\Program Files\Git\cmd;C:\Program Files (x86)\Skype\Phone\;C:\Program Files (x86)\Intel\OpenCL SDK\2.0\bin\x86;C:\Program Files (x86)\Intel\OpenCL SDK\2.0\bin\x64;C:\Ruby21-x64\bin;C:\BC5\BIN
USERNAME=Алексей
SHELL=D:\PROGRAM\RR\.\RATION~1\NUTCROOT\mksnt\sh.exe
DISPLAY=:0.0
OS=Windows_NT
PROCESSOR_IDENTIFIER=Intel64 Family 6 Model 42 Stepping 7, GenuineIntel



---------------  S Y S T E M  ---------------

OS: Windows 8.1 , 64 bit Build 9600 

CPU:total 4 (2 cores per cpu, 2 threads per core) family 6 model 42 stepping 7, cmov, cx8, fxsr, mmx, sse, sse2, sse3, ssse3, sse4.1, sse4.2, popcnt, avx, aes, clmul, ht, tsc, tscinvbit

Memory: 4k page, physical 6172256k(900888k free), swap 6172256k(5656k free)

vm_info: Java HotSpot(TM) 64-Bit Server VM (25.5-b02) for windows-amd64 JRE (1.8.0_05-b13), built on Mar 18 2014 01:08:39 by "java_re" with MS VC++ 10.0 (VS2010)

time: Fri Jun 03 14:35:44 2016
elapsed time: 1 seconds

