#
# There is insufficient memory for the Java Runtime Environment to continue.
# Native memory allocation (malloc) failed to allocate 131088 bytes for Chunk::new
# Possible reasons:
#   The system is out of physical RAM or swap space
#   In 32 bit mode, the process size limit was hit
# Possible solutions:
#   Reduce memory load on the system
#   Increase physical memory or swap space
#   Check if swap backing store is full
#   Use 64 bit Java on a 64 bit OS
#   Decrease Java heap size (-Xmx/-Xms)
#   Decrease number of Java threads
#   Decrease Java thread stack sizes (-Xss)
#   Set larger code cache with -XX:ReservedCodeCacheSize=
# This output file may be truncated or incomplete.
#
#  Out of Memory Error (allocation.cpp:388), pid=4620, tid=3384
#
# JRE version: Java(TM) SE Runtime Environment (8.0_05-b13) (build 1.8.0_05-b13)
# Java VM: Java HotSpot(TM) 64-Bit Server VM (25.5-b02 mixed mode windows-amd64 compressed oops)
# Failed to write core dump. Minidumps are not enabled by default on client versions of Windows
#

---------------  T H R E A D  ---------------

Current thread (0x000000001494f800):  JavaThread "C2 CompilerThread1" daemon [_thread_in_native, id=3384, stack(0x0000000015fa0000,0x00000000160a0000)]

Stack: [0x0000000015fa0000,0x00000000160a0000]
Native frames: (J=compiled Java code, j=interpreted, Vv=VM code, C=native code)
V  [jvm.dll+0x308dea]
V  [jvm.dll+0x25def1]
V  [jvm.dll+0x25eb0f]
V  [jvm.dll+0x2564e5]
V  [jvm.dll+0xbcfc5]
V  [jvm.dll+0xbd45c]
V  [jvm.dll+0xbd704]
V  [jvm.dll+0x4bea70]
V  [jvm.dll+0x43b595]
V  [jvm.dll+0x4d551b]
V  [jvm.dll+0x4435b6]
V  [jvm.dll+0x427532]
V  [jvm.dll+0x96702]
V  [jvm.dll+0x96ef3]
V  [jvm.dll+0x2232c4]
V  [jvm.dll+0x27baca]
C  [msvcr100.dll+0x21d9f]
C  [msvcr100.dll+0x21e3b]
C  [KERNEL32.DLL+0x18102]
C  [ntdll.dll+0x5c5b4]


Current CompileTask:
C2:   3704 1191       4       com.android.dx.dex.code.OutputFinisher::addConstants (93 bytes)


---------------  P R O C E S S  ---------------

Java Threads: ( => current thread )
  0x00000000149a4000 JavaThread "Service Thread" daemon [_thread_blocked, id=6568, stack(0x00000000161a0000,0x00000000162a0000)]
  0x00000000149a0000 JavaThread "C1 CompilerThread2" daemon [_thread_blocked, id=6480, stack(0x00000000160a0000,0x00000000161a0000)]
=>0x000000001494f800 JavaThread "C2 CompilerThread1" daemon [_thread_in_native, id=3384, stack(0x0000000015fa0000,0x00000000160a0000)]
  0x000000001494c000 JavaThread "C2 CompilerThread0" daemon [_thread_in_native, id=8060, stack(0x0000000015ea0000,0x0000000015fa0000)]
  0x000000001494b000 JavaThread "Attach Listener" daemon [_thread_blocked, id=7984, stack(0x0000000015da0000,0x0000000015ea0000)]
  0x000000001494a000 JavaThread "Signal Dispatcher" daemon [_thread_blocked, id=4272, stack(0x0000000015ca0000,0x0000000015da0000)]
  0x000000000226f000 JavaThread "Finalizer" daemon [_thread_blocked, id=1248, stack(0x0000000015ba0000,0x0000000015ca0000)]
  0x0000000014917800 JavaThread "Reference Handler" daemon [_thread_blocked, id=3748, stack(0x0000000015aa0000,0x0000000015ba0000)]
  0x000000000045e000 JavaThread "main" [_thread_in_vm, id=4952, stack(0x0000000001e80000,0x0000000001f80000)]

Other Threads:
  0x0000000014916800 VMThread [stack: 0x00000000159a0000,0x0000000015aa0000] [id=6404]
  0x00000000149a7000 WatcherThread [stack: 0x00000000162a0000,0x00000000163a0000] [id=7072]

VM state:not at safepoint (normal execution)

VM Mutex/Monitor currently owned by a thread: None

Heap:
 PSYoungGen      total 6656K, used 5857K [0x00000000eab00000, 0x00000000eb600000, 0x0000000100000000)
  eden space 5120K, 98% used [0x00000000eab00000,0x00000000eaff0720,0x00000000eb000000)
  from space 1536K, 52% used [0x00000000eb000000,0x00000000eb0c8000,0x00000000eb180000)
  to   space 1536K, 0% used [0x00000000eb480000,0x00000000eb480000,0x00000000eb600000)
 ParOldGen       total 96768K, used 2701K [0x00000000c0000000, 0x00000000c5e80000, 0x00000000eab00000)
  object space 96768K, 2% used [0x00000000c0000000,0x00000000c02a3560,0x00000000c5e80000)
 Metaspace       used 5661K, capacity 6768K, committed 7040K, reserved 1056768K
  class space    used 586K, capacity 616K, committed 640K, reserved 1048576K

Card table byte_map: [0x0000000011640000,0x0000000011850000] byte_map_base: 0x0000000011040000

Marking Bits: (ParMarkBitMap*) 0x0000000067df13b0
 Begin Bits: [0x0000000011db0000, 0x0000000012db0000)
 End Bits:   [0x0000000012db0000, 0x0000000013db0000)

Polling page: 0x0000000000460000

CodeCache: size=245760Kb used=4602Kb max_used=4602Kb free=241158Kb
 bounds [0x0000000002280000, 0x0000000002710000, 0x0000000011280000]
 total_blobs=1483 nmethods=1219 adapters=178
 compilation: enabled

Compilation events (10 events):
Event: 3.678 Thread 0x00000000149a0000 1205       3       java.util.TreeMap$Entry::hashCode (42 bytes)
Event: 3.679 Thread 0x00000000149a0000 nmethod 1205 0x00000000026f6e50 code [0x00000000026f6fe0, 0x00000000026f7378]
Event: 3.679 Thread 0x00000000149a0000 1206       3       com.android.dx.dex.file.ValueEncoder::addContents (75 bytes)
Event: 3.680 Thread 0x00000000149a0000 nmethod 1206 0x00000000026f7490 code [0x00000000026f7680, 0x00000000026f82a8]
Event: 3.680 Thread 0x00000000149a0000 1207       1       com.android.dx.rop.annotation.NameValuePair::getName (5 bytes)
Event: 3.680 Thread 0x00000000149a0000 nmethod 1207 0x00000000026f1990 code [0x00000000026f1ae0, 0x00000000026f1bf0]
Event: 3.680 Thread 0x00000000149a0000 1208       3       com.android.dx.dex.file.IndexedItem::setIndex (24 bytes)
Event: 3.681 Thread 0x00000000149a0000 nmethod 1208 0x00000000026eec90 code [0x00000000026eee00, 0x00000000026ef028]
Event: 3.682 Thread 0x00000000149a0000 1210       1       com.android.dx.dex.file.DexFile::getStringIds (5 bytes)
Event: 3.682 Thread 0x00000000149a0000 nmethod 1210 0x00000000026f8990 code [0x00000000026f8ae0, 0x00000000026f8bf0]

GC Heap History (10 events):
Event: 2.271 GC heap before
{Heap before GC invocations=7 (full 0):
 PSYoungGen      total 2560K, used 2528K [0x00000000eab00000, 0x00000000eb000000, 0x0000000100000000)
  eden space 1536K, 100% used [0x00000000eab00000,0x00000000eac80000,0x00000000eac80000)
  from space 1024K, 96% used [0x00000000eae00000,0x00000000eaef8000,0x00000000eaf00000)
  to   space 1536K, 0% used [0x00000000eac80000,0x00000000eac80000,0x00000000eae00000)
 ParOldGen       total 96768K, used 870K [0x00000000c0000000, 0x00000000c5e80000, 0x00000000eab00000)
  object space 96768K, 0% used [0x00000000c0000000,0x00000000c00d9970,0x00000000c5e80000)
 Metaspace       used 4432K, capacity 5744K, committed 6016K, reserved 1056768K
  class space    used 492K, capacity 552K, committed 640K, reserved 1048576K
Event: 2.310 GC heap after
Heap after GC invocations=7 (full 0):
 PSYoungGen      total 3072K, used 984K [0x00000000eab00000, 0x00000000eb100000, 0x0000000100000000)
  eden space 1536K, 0% used [0x00000000eab00000,0x00000000eab00000,0x00000000eac80000)
  from space 1536K, 64% used [0x00000000eac80000,0x00000000ead763b0,0x00000000eae00000)
  to   space 1536K, 0% used [0x00000000eaf80000,0x00000000eaf80000,0x00000000eb100000)
 ParOldGen       total 96768K, used 1130K [0x00000000c0000000, 0x00000000c5e80000, 0x00000000eab00000)
  object space 96768K, 1% used [0x00000000c0000000,0x00000000c011aa28,0x00000000c5e80000)
 Metaspace       used 4432K, capacity 5744K, committed 6016K, reserved 1056768K
  class space    used 492K, capacity 552K, committed 640K, reserved 1048576K
}
Event: 2.417 GC heap before
{Heap before GC invocations=8 (full 0):
 PSYoungGen      total 3072K, used 2518K [0x00000000eab00000, 0x00000000eb100000, 0x0000000100000000)
  eden space 1536K, 99% used [0x00000000eab00000,0x00000000eac7f668,0x00000000eac80000)
  from space 1536K, 64% used [0x00000000eac80000,0x00000000ead763b0,0x00000000eae00000)
  to   space 1536K, 0% used [0x00000000eaf80000,0x00000000eaf80000,0x00000000eb100000)
 ParOldGen       total 96768K, used 1130K [0x00000000c0000000, 0x00000000c5e80000, 0x00000000eab00000)
  object space 96768K, 1% used [0x00000000c0000000,0x00000000c011aa28,0x00000000c5e80000)
 Metaspace       used 4884K, capacity 6160K, committed 6272K, reserved 1056768K
  class space    used 547K, capacity 584K, committed 640K, reserved 1048576K
Event: 2.457 GC heap after
Heap after GC invocations=8 (full 0):
 PSYoungGen      total 4608K, used 883K [0x00000000eab00000, 0x00000000eb100000, 0x0000000100000000)
  eden space 3072K, 0% used [0x00000000eab00000,0x00000000eab00000,0x00000000eae00000)
  from space 1536K, 57% used [0x00000000eaf80000,0x00000000eb05cce8,0x00000000eb100000)
  to   space 1536K, 0% used [0x00000000eae00000,0x00000000eae00000,0x00000000eaf80000)
 ParOldGen       total 96768K, used 1210K [0x00000000c0000000, 0x00000000c5e80000, 0x00000000eab00000)
  object space 96768K, 1% used [0x00000000c0000000,0x00000000c012ea48,0x00000000c5e80000)
 Metaspace       used 4884K, capacity 6160K, committed 6272K, reserved 1056768K
  class space    used 547K, capacity 584K, committed 640K, reserved 1048576K
}
Event: 2.780 GC heap before
{Heap before GC invocations=9 (full 0):
 PSYoungGen      total 4608K, used 3955K [0x00000000eab00000, 0x00000000eb100000, 0x0000000100000000)
  eden space 3072K, 100% used [0x00000000eab00000,0x00000000eae00000,0x00000000eae00000)
  from space 1536K, 57% used [0x00000000eaf80000,0x00000000eb05cce8,0x00000000eb100000)
  to   space 1536K, 0% used [0x00000000eae00000,0x00000000eae00000,0x00000000eaf80000)
 ParOldGen       total 96768K, used 1210K [0x00000000c0000000, 0x00000000c5e80000, 0x00000000eab00000)
  object space 96768K, 1% used [0x00000000c0000000,0x00000000c012ea48,0x00000000c5e80000)
 Metaspace       used 5320K, capacity 6512K, committed 6784K, reserved 1056768K
  class space    used 574K, capacity 616K, committed 640K, reserved 1048576K
Event: 2.786 GC heap after
Heap after GC invocations=9 (full 0):
 PSYoungGen      total 4608K, used 1056K [0x00000000eab00000, 0x00000000eb300000, 0x0000000100000000)
  eden space 3072K, 0% used [0x00000000eab00000,0x00000000eab00000,0x00000000eae00000)
  from space 1536K, 68% used [0x00000000eae00000,0x00000000eaf08018,0x00000000eaf80000)
  to   space 1536K, 0% used [0x00000000eb180000,0x00000000eb180000,0x00000000eb300000)
 ParOldGen       total 96768K, used 1530K [0x00000000c0000000, 0x00000000c5e80000, 0x00000000eab00000)
  object space 96768K, 1% used [0x00000000c0000000,0x00000000c017ea88,0x00000000c5e80000)
 Metaspace       used 5320K, capacity 6512K, committed 6784K, reserved 1056768K
  class space    used 574K, capacity 616K, committed 640K, reserved 1048576K
}
Event: 2.978 GC heap before
{Heap before GC invocations=10 (full 0):
 PSYoungGen      total 4608K, used 4128K [0x00000000eab00000, 0x00000000eb300000, 0x0000000100000000)
  eden space 3072K, 100% used [0x00000000eab00000,0x00000000eae00000,0x00000000eae00000)
  from space 1536K, 68% used [0x00000000eae00000,0x00000000eaf08018,0x00000000eaf80000)
  to   space 1536K, 0% used [0x00000000eb180000,0x00000000eb180000,0x00000000eb300000)
 ParOldGen       total 96768K, used 1530K [0x00000000c0000000, 0x00000000c5e80000, 0x00000000eab00000)
  object space 96768K, 1% used [0x00000000c0000000,0x00000000c017ea88,0x00000000c5e80000)
 Metaspace       used 5408K, capacity 6576K, committed 6784K, reserved 1056768K
  class space    used 576K, capacity 616K, committed 640K, reserved 1048576K
Event: 3.000 GC heap after
Heap after GC invocations=10 (full 0):
 PSYoungGen      total 6656K, used 1248K [0x00000000eab00000, 0x00000000eb300000, 0x0000000100000000)
  eden space 5120K, 0% used [0x00000000eab00000,0x00000000eab00000,0x00000000eb000000)
  from space 1536K, 81% used [0x00000000eb180000,0x00000000eb2b8018,0x00000000eb300000)
  to   space 1536K, 0% used [0x00000000eb000000,0x00000000eb000000,0x00000000eb180000)
 ParOldGen       total 96768K, used 1663K [0x00000000c0000000, 0x00000000c5e80000, 0x00000000eab00000)
  object space 96768K, 1% used [0x00000000c0000000,0x00000000c019fe20,0x00000000c5e80000)
 Metaspace       used 5408K, capacity 6576K, committed 6784K, reserved 1056768K
  class space    used 576K, capacity 616K, committed 640K, reserved 1048576K
}
Event: 3.285 GC heap before
{Heap before GC invocations=11 (full 0):
 PSYoungGen      total 6656K, used 6368K [0x00000000eab00000, 0x00000000eb300000, 0x0000000100000000)
  eden space 5120K, 100% used [0x00000000eab00000,0x00000000eb000000,0x00000000eb000000)
  from space 1536K, 81% used [0x00000000eb180000,0x00000000eb2b8018,0x00000000eb300000)
  to   space 1536K, 0% used [0x00000000eb000000,0x00000000eb000000,0x00000000eb180000)
 ParOldGen       total 96768K, used 1663K [0x00000000c0000000, 0x00000000c5e80000, 0x00000000eab00000)
  object space 96768K, 1% used [0x00000000c0000000,0x00000000c019fe20,0x00000000c5e80000)
 Metaspace       used 5478K, capacity 6640K, committed 6784K, reserved 1056768K
  class space    used 576K, capacity 616K, committed 640K, reserved 1048576K
Event: 3.381 GC heap after
Heap after GC invocations=11 (full 0):
 PSYoungGen      total 6656K, used 800K [0x00000000eab00000, 0x00000000eb600000, 0x0000000100000000)
  eden space 5120K, 0% used [0x00000000eab00000,0x00000000eab00000,0x00000000eb000000)
  from space 1536K, 52% used [0x00000000eb000000,0x00000000eb0c8000,0x00000000eb180000)
  to   space 1536K, 0% used [0x00000000eb480000,0x00000000eb480000,0x00000000eb600000)
 ParOldGen       total 96768K, used 2701K [0x00000000c0000000, 0x00000000c5e80000, 0x00000000eab00000)
  object space 96768K, 2% used [0x00000000c0000000,0x00000000c02a3560,0x00000000c5e80000)
 Metaspace       used 5478K, capacity 6640K, committed 6784K, reserved 1056768K
  class space    used 576K, capacity 616K, committed 640K, reserved 1048576K
}

Deoptimization events (10 events):
Event: 3.065 Thread 0x000000000045e000 Uncommon trap: reason=null_check action=make_not_entrant pc=0x0000000002542860 method=com.android.dx.rop.type.Type.equals(Ljava/lang/Object;)Z @ 8
Event: 3.065 Thread 0x000000000045e000 Uncommon trap: reason=class_check action=maybe_recompile pc=0x00000000024b2d4c method=com.android.dx.rop.type.Type.equals(Ljava/lang/Object;)Z @ 8
Event: 3.632 Thread 0x000000000045e000 Uncommon trap: reason=bimorphic action=maybe_recompile pc=0x00000000026b2e34 method=java.util.HashMap.putVal(ILjava/lang/Object;Ljava/lang/Object;ZZ)Ljava/lang/Object; @ 91
Event: 3.633 Thread 0x000000000045e000 Uncommon trap: reason=bimorphic action=maybe_recompile pc=0x00000000026b2e34 method=java.util.HashMap.putVal(ILjava/lang/Object;Ljava/lang/Object;ZZ)Ljava/lang/Object; @ 91
Event: 3.634 Thread 0x000000000045e000 Uncommon trap: reason=bimorphic action=maybe_recompile pc=0x00000000026b2e34 method=java.util.HashMap.putVal(ILjava/lang/Object;Ljava/lang/Object;ZZ)Ljava/lang/Object; @ 91
Event: 3.639 Thread 0x000000000045e000 Uncommon trap: reason=bimorphic action=maybe_recompile pc=0x00000000026b2e34 method=java.util.HashMap.putVal(ILjava/lang/Object;Ljava/lang/Object;ZZ)Ljava/lang/Object; @ 91
Event: 3.655 Thread 0x000000000045e000 Uncommon trap: reason=class_check action=maybe_recompile pc=0x00000000026ec83c method=java.util.HashMap.putVal(ILjava/lang/Object;Ljava/lang/Object;ZZ)Ljava/lang/Object; @ 203
Event: 3.655 Thread 0x000000000045e000 Uncommon trap: reason=class_check action=maybe_recompile pc=0x00000000026ec83c method=java.util.HashMap.putVal(ILjava/lang/Object;Ljava/lang/Object;ZZ)Ljava/lang/Object; @ 203
Event: 3.655 Thread 0x000000000045e000 Uncommon trap: reason=class_check action=maybe_recompile pc=0x00000000026ec83c method=java.util.HashMap.putVal(ILjava/lang/Object;Ljava/lang/Object;ZZ)Ljava/lang/Object; @ 203
Event: 3.665 Thread 0x000000000045e000 Uncommon trap: reason=class_check action=maybe_recompile pc=0x00000000026ec83c method=java.util.HashMap.putVal(ILjava/lang/Object;Ljava/lang/Object;ZZ)Ljava/lang/Object; @ 203

Internal exceptions (10 events):
Event: 2.573 Thread 0x00000000165fd800 Exception <a 'java/security/PrivilegedActionException'> (0x00000000eac28908) thrown at [D:\re\workspace\8-2-build-windows-amd64-cygwin\jdk8u5\2488\hotspot\src\share\vm\prims\jvm.cpp, line 1248]
Event: 2.580 Thread 0x000000000045e000 Exception <a 'java/security/PrivilegedActionException'> (0x00000000eac456d8) thrown at [D:\re\workspace\8-2-build-windows-amd64-cygwin\jdk8u5\2488\hotspot\src\share\vm\prims\jvm.cpp, line 1248]
Event: 2.585 Thread 0x000000000045e000 Exception <a 'java/security/PrivilegedActionException'> (0x00000000eac78558) thrown at [D:\re\workspace\8-2-build-windows-amd64-cygwin\jdk8u5\2488\hotspot\src\share\vm\prims\jvm.cpp, line 1248]
Event: 2.926 Thread 0x000000000045e000 Exception <a 'java/security/PrivilegedActionException'> (0x00000000eacd1850) thrown at [D:\re\workspace\8-2-build-windows-amd64-cygwin\jdk8u5\2488\hotspot\src\share\vm\prims\jvm.cpp, line 1248]
Event: 3.065 Thread 0x000000000045e000 Implicit null exception at 0x0000000002542762 to 0x0000000002542852
Event: 3.382 Thread 0x000000000045e000 Exception <a 'java/security/PrivilegedActionException'> (0x00000000eab0aa38) thrown at [D:\re\workspace\8-2-build-windows-amd64-cygwin\jdk8u5\2488\hotspot\src\share\vm\prims\jvm.cpp, line 1248]
Event: 3.392 Thread 0x000000000045e000 Exception <a 'java/security/PrivilegedActionException'> (0x00000000eab54470) thrown at [D:\re\workspace\8-2-build-windows-amd64-cygwin\jdk8u5\2488\hotspot\src\share\vm\prims\jvm.cpp, line 1248]
Event: 3.623 Thread 0x000000000045e000 Exception <a 'java/security/PrivilegedActionException'> (0x00000000eaf93518) thrown at [D:\re\workspace\8-2-build-windows-amd64-cygwin\jdk8u5\2488\hotspot\src\share\vm\prims\jvm.cpp, line 1248]
Event: 3.635 Thread 0x000000000045e000 Exception <a 'java/security/PrivilegedActionException'> (0x00000000eaf9ea90) thrown at [D:\re\workspace\8-2-build-windows-amd64-cygwin\jdk8u5\2488\hotspot\src\share\vm\prims\jvm.cpp, line 1248]
Event: 3.681 Thread 0x000000000045e000 Exception <a 'java/security/PrivilegedActionException'> (0x00000000eafd6e70) thrown at [D:\re\workspace\8-2-build-windows-amd64-cygwin\jdk8u5\2488\hotspot\src\share\vm\prims\jvm.cpp, line 1248]

Events (10 events):
Event: 3.655 Thread 0x000000000045e000 DEOPT PACKING pc=0x00000000026ec83c sp=0x0000000001f7ed80
Event: 3.655 Thread 0x000000000045e000 DEOPT UNPACKING pc=0x00000000022c55af sp=0x0000000001f7ecf8 mode 2
Event: 3.655 Thread 0x000000000045e000 Uncommon trap: trap_request=0xffffffde fr.pc=0x00000000026ec83c
Event: 3.655 Thread 0x000000000045e000 DEOPT PACKING pc=0x00000000026ec83c sp=0x0000000001f7ed80
Event: 3.655 Thread 0x000000000045e000 DEOPT UNPACKING pc=0x00000000022c55af sp=0x0000000001f7ecf8 mode 2
Event: 3.665 Thread 0x000000000045e000 Uncommon trap: trap_request=0xffffffde fr.pc=0x00000000026ec83c
Event: 3.665 Thread 0x000000000045e000 DEOPT PACKING pc=0x00000000026ec83c sp=0x0000000001f7ee30
Event: 3.665 Thread 0x000000000045e000 DEOPT UNPACKING pc=0x00000000022c55af sp=0x0000000001f7eda8 mode 2
Event: 3.681 loading class com/android/dx/dex/file/ProtoIdItem
Event: 3.681 loading class com/android/dx/dex/file/ProtoIdItem done


Dynamic libraries:
0x00007ff7f3e50000 - 0x00007ff7f3e84000 	C:\Program Files\Java\jdk1.8.0_05\bin\java.exe
0x00007ff8dbb90000 - 0x00007ff8dbd51000 	C:\WINDOWS\SYSTEM32\ntdll.dll
0x00007ff8dab40000 - 0x00007ff8dabed000 	C:\WINDOWS\system32\KERNEL32.DLL
0x00007ff8d8300000 - 0x00007ff8d84e8000 	C:\WINDOWS\system32\KERNELBASE.dll
0x00007ff8db270000 - 0x00007ff8db317000 	C:\WINDOWS\system32\ADVAPI32.dll
0x00007ff8d9130000 - 0x00007ff8d91cd000 	C:\WINDOWS\system32\msvcrt.dll
0x00007ff8dacc0000 - 0x00007ff8dad1b000 	C:\WINDOWS\system32\sechost.dll
0x00007ff8d91d0000 - 0x00007ff8d92ec000 	C:\WINDOWS\system32\RPCRT4.dll
0x00007ff8dba30000 - 0x00007ff8dbb86000 	C:\WINDOWS\system32\USER32.dll
0x00007ff8d8fa0000 - 0x00007ff8d9126000 	C:\WINDOWS\system32\GDI32.dll
0x00007ff8cd4c0000 - 0x00007ff8cd734000 	C:\WINDOWS\WinSxS\amd64_microsoft.windows.common-controls_6595b64144ccf1df_6.0.10586.0_none_8c15ae12515e1c22\COMCTL32.dll
0x00007ff8daff0000 - 0x00007ff8db26d000 	C:\WINDOWS\system32\combase.dll
0x00007ff8d8ba0000 - 0x00007ff8d8c0a000 	C:\WINDOWS\system32\bcryptPrimitives.dll
0x00007ff8dad20000 - 0x00007ff8dad5b000 	C:\WINDOWS\system32\IMM32.DLL
0x00000000671c0000 - 0x0000000067292000 	C:\Program Files\Java\jdk1.8.0_05\jre\bin\msvcr100.dll
0x0000000067640000 - 0x0000000067e6a000 	C:\Program Files\Java\jdk1.8.0_05\jre\bin\server\jvm.dll
0x00007ff8d8f90000 - 0x00007ff8d8f98000 	C:\WINDOWS\system32\PSAPI.DLL
0x00007ff8cd840000 - 0x00007ff8cd849000 	C:\WINDOWS\SYSTEM32\WSOCK32.dll
0x00007ff8daa00000 - 0x00007ff8daa6b000 	C:\WINDOWS\system32\WS2_32.dll
0x00007ff8d6290000 - 0x00007ff8d62b3000 	C:\WINDOWS\SYSTEM32\WINMM.dll
0x00007ff8d6260000 - 0x00007ff8d628c000 	C:\WINDOWS\SYSTEM32\WINMMBASE.dll
0x00007ff8d8de0000 - 0x00007ff8d8e23000 	C:\WINDOWS\system32\cfgmgr32.dll
0x0000000067630000 - 0x000000006763f000 	C:\Program Files\Java\jdk1.8.0_05\jre\bin\verify.dll
0x0000000067600000 - 0x0000000067628000 	C:\Program Files\Java\jdk1.8.0_05\jre\bin\java.dll
0x00000000675e0000 - 0x00000000675f6000 	C:\Program Files\Java\jdk1.8.0_05\jre\bin\zip.dll
0x00007ff8d92f0000 - 0x00007ff8da84c000 	C:\WINDOWS\system32\SHELL32.dll
0x00007ff8d8550000 - 0x00007ff8d8b94000 	C:\WINDOWS\system32\windows.storage.dll
0x00007ff8daae0000 - 0x00007ff8dab32000 	C:\WINDOWS\system32\shlwapi.dll
0x00007ff8d81d0000 - 0x00007ff8d81df000 	C:\WINDOWS\system32\kernel.appcore.dll
0x00007ff8d8240000 - 0x00007ff8d82f5000 	C:\WINDOWS\system32\shcore.dll
0x00007ff8d81e0000 - 0x00007ff8d822b000 	C:\WINDOWS\system32\powrprof.dll
0x00007ff8d81b0000 - 0x00007ff8d81c4000 	C:\WINDOWS\system32\profapi.dll
0x00007ff8d1280000 - 0x00007ff8d140c000 	C:\WINDOWS\SYSTEM32\dbghelp.dll

VM Arguments:
jvm_args: -Djava.awt.headless=true -Xmx1024M -Dfile.encoding=windows-1251 -Duser.country=RU -Duser.language=ru -Duser.variant 
java_command: com.android.dx.command.Main --dex --force-jumbo --num-threads=4 --output D:\work\grannyOS\app\build\intermediates\pre-dexed\debug\slf4j-api-1.7.13_bcd46d9485fde822e299e65b4cb3c39f9072e77c.jar C:\Users\Алексей\.gradle\caches\modules-2\files-2.1\org.slf4j\slf4j-api\1.7.13\7fcf30c25b8f4a9379b9dad0d3f487b25272c026\slf4j-api-1.7.13.jar
java_class_path (initial): D:\work\workProject\build-tools\23.0.0\lib\dx.jar
Launcher Type: SUN_STANDARD

Environment Variables:
JAVA_HOME=C:\Program Files\Java\jdk1.8.0_05\
PATH=C:\ProgramData\Oracle\Java\javapath;C:\Program Files (x86)\NVIDIA Corporation\PhysX\Common;12-4-2013 ;D:\program\RR\.\ClearQuest;C:\Program Files (x86)\Rational\ClearQuest;C:\Program Files\Java\jdk1.8.0_05\bin\;C:\Program Files (x86)\ATI Technologies\ATI.ACE\Core-Static;C:\Ruby21\bin;C:\WINDOWS\system32;C:\WINDOWS;C:\WINDOWS\System32\Wbem;C:\WINDOWS\System32\WindowsPowerShell\v1.0\;C:\Program Files (x86)\AMD\ATI.ACE\Core-Static;C:\Program Files (x86)\Intel\OpenCL SDK\2.0\bin\x86;C:\Program Files (x86)\Intel\OpenCL SDK\2.0\bin\x64;C:\Program Files\Git\cmd;C:\Program Files (x86)\Skype\Phone\;C:\Program Files (x86)\Intel\OpenCL SDK\2.0\bin\x86;C:\Program Files (x86)\Intel\OpenCL SDK\2.0\bin\x64;C:\Ruby21-x64\bin;C:\BC5\BIN
USERNAME=Алексей
SHELL=D:\PROGRAM\RR\.\RATION~1\NUTCROOT\mksnt\sh.exe
DISPLAY=:0.0
OS=Windows_NT
PROCESSOR_IDENTIFIER=Intel64 Family 6 Model 42 Stepping 7, GenuineIntel



---------------  S Y S T E M  ---------------

OS: Windows 8.1 , 64 bit Build 9600 

CPU:total 4 (2 cores per cpu, 2 threads per core) family 6 model 42 stepping 7, cmov, cx8, fxsr, mmx, sse, sse2, sse3, ssse3, sse4.1, sse4.2, popcnt, avx, aes, clmul, ht, tsc, tscinvbit

Memory: 4k page, physical 6172256k(1047960k free), swap 6172256k(5336k free)

vm_info: Java HotSpot(TM) 64-Bit Server VM (25.5-b02) for windows-amd64 JRE (1.8.0_05-b13), built on Mar 18 2014 01:08:39 by "java_re" with MS VC++ 10.0 (VS2010)

time: Thu Jun 02 19:41:43 2016
elapsed time: 3 seconds

